#
# A fatal error has been detected by the Java Runtime Environment:
#
#  SIGSEGV (0xb) at pc=0x0000000000000007, pid=1912, tid=95055
#
# JRE version: Java(TM) SE Runtime Environment (8.0_11-b12) (build 1.8.0_11-b12)
# Java VM: Java HotSpot(TM) 64-Bit Server VM (25.11-b03 mixed mode bsd-amd64 compressed oops)
# Problematic frame:
# C  0x0000000000000007
#
# Failed to write core dump. Core dumps have been disabled. To enable core dumping, try "ulimit -c unlimited" before starting Java again
#
# If you would like to submit a bug report, please visit:
#   http://bugreport.sun.com/bugreport/crash.jsp
#

---------------  T H R E A D  ---------------

Current thread is native thread

siginfo:si_signo=SIGSEGV: si_errno=0, si_code=1 (SEGV_MAPERR), si_addr=0x0000000000000007

Registers:
RAX=0x00007fcbcc2af400, RBX=0x000000011ddeb000, RCX=0x0000000073737263, RDX=0x0000000000000000
RSP=0x0000700000dbdb48, RBP=0x0000700000dbdc40, RSI=0x0000000000000000, RDI=0x000000011ddeb000
R8 =0x000000011ddeb000, R9 =0x00007fcbc4dd3798, R10=0x00000000ffffffff, R11=0xffffffff00000000
R12=0x0000000000000000, R13=0x0000000000000032, R14=0x00007fcbc4dd3710, R15=0x00007fcbc49393b8
RIP=0x0000000000000007, EFLAGS=0x0000000000010246, ERR=0x0000000000000014
  TRAPNO=0x000000000000000e

Top of Stack: (sp=0x0000700000dbdb48)
0x0000700000dbdb48:   000000011d16db7e 0000000000000001
0x0000700000dbdb58:   00007fff8bd04382 00007fcbc4dd3808
0x0000700000dbdb68:   0000000100000008 000000011ddeb000
0x0000700000dbdb78:   000000011d16db60 00007fcbc4dd3808
0x0000700000dbdb88:   0000000000000000 0000700000dbdc20
0x0000700000dbdb98:   00007fff8bd0409b 0000000000000000
0x0000700000dbdba8:   00007fcbc4938988 0000000000000000
0x0000700000dbdbb8:   0000000000000000 0000700000dbdc30
0x0000700000dbdbc8:   0000000000000000 0000000000000000
0x0000700000dbdbd8:   0000000000000000 0000000000000000
0x0000700000dbdbe8:   0000000000000000 000000011d16db60
0x0000700000dbdbf8:   000000011ddeb000 0000000000000000
0x0000700000dbdc08:   0000000000000000 0000000000000002
0x0000700000dbdc18:   00007fcbc4939360 00007fcbc4a65348
0x0000700000dbdc28:   00007fcbc4dd3710 0000000000000001
0x0000700000dbdc38:   00007fcbc4dd3768 0000700000dbdd20
0x0000700000dbdc48:   00007fff8bcf7561 00007fcbc493879c
0x0000700000dbdc58:   0000000000000000 00007fcbc4dd3768
0x0000700000dbdc68:   01007fcbc4938ed0 00007fcbc490e7b0
0x0000700000dbdc78:   0000000100000000 00007fcbc4dd3710
0x0000700000dbdc88:   00007fff8bce7b1a 00007fff75008058
0x0000700000dbdc98:   00007fff925700c0 0000000000000000
0x0000700000dbdca8:   0000000000000000 0000000000000000
0x0000700000dbdcb8:   00007f0000000000 0000000000000000
0x0000700000dbdcc8:   0000000000000000 0000000000000000
0x0000700000dbdcd8:   0000000000000000 00007fcbc4939360
0x0000700000dbdce8:   00007fcbc49393a8 00007fcbc49393a8
0x0000700000dbdcf8:   0000000000000000 00007fcbc4cc56a0
0x0000700000dbdd08:   0000000000000001 00007fcbc4cc56a0
0x0000700000dbdd18:   00007fcbc4dd3710 0000700000dbdd60
0x0000700000dbdd28:   00007fff8bd05cd3 00007fcbc490e7b0
0x0000700000dbdd38:   00007fcbc4909290 0000000103201100 

Instructions: (pc=0x0000000000000007)
0xffffffffffffffe7:   

Register to memory mapping:

RAX=0x00007fcbcc2af400 is an unknown value
RBX=0x000000011ddeb000 is an unknown value
RCX=0x0000000073737263 is an unknown value
RDX=0x0000000000000000 is an unknown value
RSP=0x0000700000dbdb48 is an unknown value
RBP=0x0000700000dbdc40 is an unknown value
RSI=0x0000000000000000 is an unknown value
RDI=0x000000011ddeb000 is an unknown value
R8 =0x000000011ddeb000 is an unknown value
R9 =0x00007fcbc4dd3798 is an unknown value
R10=0x00000000ffffffff is an unknown value
R11=0xffffffff00000000 is an unknown value
R12=0x0000000000000000 is an unknown value
R13=0x0000000000000032 is an unknown value
R14=0x00007fcbc4dd3710 is an unknown value
R15=0x00007fcbc49393b8 is an unknown value


Stack: [0x0000700000d3e000,0x0000700000dbe000],  sp=0x0000700000dbdb48,  free space=510k
Native frames: (J=compiled Java code, j=interpreted, Vv=VM code, C=native code)
C  0x0000000000000007
C  [CoreAudio+0x11561]  HALObject::PropertiesChanged(unsigned int, AudioObjectPropertyAddress const*)+0x301
C  [CoreAudio+0x1fcd3]  HALSystem::AudioObjectPropertiesChanged(AudioHardwarePlugInInterface**, unsigned int, unsigned int, AudioObjectPropertyAddress const*)+0xb1
C  [CoreAudio+0x1fbf2]  _SendPropertiesChanged(void*)+0x26
C  [libdispatch.dylib+0x233f]  _dispatch_client_callout+0x8
C  [libdispatch.dylib+0x6f6f]  _dispatch_queue_drain+0x2f2
C  [libdispatch.dylib+0xd63b]  _dispatch_queue_invoke+0x225
C  [libdispatch.dylib+0x5c87]  _dispatch_root_queue_drain+0x21a
C  [libdispatch.dylib+0x5a34]  _dispatch_worker_thread3+0x5b
C  [libsystem_pthread.dylib+0x368f]  _pthread_wqthread+0x469
C  [libsystem_pthread.dylib+0x1365]  start_wqthread+0xd


---------------  P R O C E S S  ---------------

VM state:not at safepoint (normal execution)

VM Mutex/Monitor currently owned by a thread: None

Heap:
 PSYoungGen      total 309760K, used 30133K [0x0000000795580000, 0x00000007a9c80000, 0x00000007c0000000)
  eden space 290816K, 7% used [0x0000000795580000,0x00000007969d5460,0x00000007a7180000)
  from space 18944K, 49% used [0x00000007a8a00000,0x00000007a9318020,0x00000007a9c80000)
  to   space 22016K, 0% used [0x00000007a7180000,0x00000007a7180000,0x00000007a8700000)
 ParOldGen       total 61440K, used 47613K [0x0000000740000000, 0x0000000743c00000, 0x0000000795580000)
  object space 61440K, 77% used [0x0000000740000000,0x0000000742e7f7a0,0x0000000743c00000)
 Metaspace       used 52202K, capacity 70154K, committed 70512K, reserved 1101824K
  class space    used 12784K, capacity 18676K, committed 18800K, reserved 1048576K

Card table byte_map: [0x0000000113881000,0x0000000113c82000] byte_map_base: 0x000000010fe81000

Marking Bits: (ParMarkBitMap*) 0x0000000103e670a0
 Begin Bits: [0x0000000113f2d000, 0x0000000115f2d000)
 End Bits:   [0x0000000115f2d000, 0x0000000117f2d000)

Polling page: 0x0000000102545000

CodeCache: size=245760Kb used=21696Kb max_used=25501Kb free=224063Kb
 bounds [0x00000001044c1000, 0x0000000105dd1000, 0x00000001134c1000]
 total_blobs=5671 nmethods=5141 adapters=444
 compilation: enabled

Compilation events (10 events):
Event: 67666.175 Thread 0x00007fcbc5834800 7078       4       java.util.concurrent.ThreadPoolExecutor$Worker::tryAcquire (20 bytes)
Event: 67666.214 Thread 0x00007fcbc5834800 nmethod 7078 0x0000000105d79f90 code [0x0000000105d7a0c0, 0x0000000105d7a158]
Event: 67675.674 Thread 0x00007fcbc5834000 7079       4       java.util.concurrent.ThreadPoolExecutor$Worker::tryRelease (12 bytes)
Event: 67675.676 Thread 0x00007fcbc5834000 nmethod 7079 0x0000000104ace1d0 code [0x0000000104ace300, 0x0000000104ace378]
Event: 69394.169 Thread 0x00007fcbc6800000 7080       3       sun.awt.AWTAutoShutdown::notifyToolkitThreadBusy (8 bytes)
Event: 69395.674 Thread 0x00007fcbc6800000 nmethod 7080 0x0000000104999a50 code [0x0000000104999bc0, 0x0000000104999d88]
Event: 69395.674 Thread 0x00007fcbc6800000 7081       3       sun.awt.AWTAutoShutdown::notifyToolkitThreadFree (8 bytes)
Event: 69395.675 Thread 0x00007fcbc6800000 nmethod 7081 0x0000000104d28ad0 code [0x0000000104d28c40, 0x0000000104d28e08]
Event: 70607.434 Thread 0x00007fcbc5834800 7082 %s!   4       sun.java2d.opengl.OGLRenderQueue$QueueFlusher::run @ 2 (234 bytes)
Event: 70611.373 Thread 0x00007fcbc5834800 nmethod 7082% 0x0000000104d8ca10 code [0x0000000104d8cc80, 0x0000000104d8db88]

GC Heap History (10 events):
Event: 276.969 GC heap before
{Heap before GC invocations=45 (full 5):
 PSYoungGen      total 290304K, used 19519K [0x0000000795580000, 0x00000007a9080000, 0x00000007c0000000)
  eden space 267264K, 0% used [0x0000000795580000,0x0000000795580000,0x00000007a5a80000)
  from space 23040K, 84% used [0x00000007a7380000,0x00000007a868fc70,0x00000007a8a00000)
  to   space 25600K, 0% used [0x00000007a5a80000,0x00000007a5a80000,0x00000007a7380000)
 ParOldGen       total 56832K, used 43267K [0x0000000740000000, 0x0000000743780000, 0x0000000795580000)
  object space 56832K, 76% used [0x0000000740000000,0x0000000742a40e30,0x0000000743780000)
 Metaspace       used 41679K, capacity 51678K, committed 51696K, reserved 1087488K
  class space    used 9817K, capacity 13279K, committed 13296K, reserved 1048576K
Event: 277.118 GC heap after
Heap after GC invocations=45 (full 5):
 PSYoungGen      total 290304K, used 0K [0x0000000795580000, 0x00000007a9080000, 0x00000007c0000000)
  eden space 267264K, 0% used [0x0000000795580000,0x0000000795580000,0x00000007a5a80000)
  from space 23040K, 0% used [0x00000007a7380000,0x00000007a7380000,0x00000007a8a00000)
  to   space 25600K, 0% used [0x00000007a5a80000,0x00000007a5a80000,0x00000007a7380000)
 ParOldGen       total 61440K, used 47581K [0x0000000740000000, 0x0000000743c00000, 0x0000000795580000)
  object space 61440K, 77% used [0x0000000740000000,0x0000000742e777a0,0x0000000743c00000)
 Metaspace       used 41679K, capacity 51678K, committed 51696K, reserved 1087488K
  class space    used 9817K, capacity 13279K, committed 13296K, reserved 1048576K
}
Event: 278.110 GC heap before
{Heap before GC invocations=46 (full 5):
 PSYoungGen      total 290304K, used 267264K [0x0000000795580000, 0x00000007a9080000, 0x00000007c0000000)
  eden space 267264K, 100% used [0x0000000795580000,0x00000007a5a80000,0x00000007a5a80000)
  from space 23040K, 0% used [0x00000007a7380000,0x00000007a7380000,0x00000007a8a00000)
  to   space 25600K, 0% used [0x00000007a5a80000,0x00000007a5a80000,0x00000007a7380000)
 ParOldGen       total 61440K, used 47581K [0x0000000740000000, 0x0000000743c00000, 0x0000000795580000)
  object space 61440K, 77% used [0x0000000740000000,0x0000000742e777a0,0x0000000743c00000)
 Metaspace       used 44456K, capacity 56196K, committed 56304K, reserved 1091584K
  class space    used 10574K, capacity 14565K, committed 14576K, reserved 1048576K
Event: 278.114 GC heap after
Heap after GC invocations=46 (full 5):
 PSYoungGen      total 292864K, used 2736K [0x0000000795580000, 0x00000007a9c80000, 0x00000007c0000000)
  eden space 267264K, 0% used [0x0000000795580000,0x0000000795580000,0x00000007a5a80000)
  from space 25600K, 10% used [0x00000007a5a80000,0x00000007a5d2c010,0x00000007a7380000)
  to   space 25600K, 0% used [0x00000007a8380000,0x00000007a8380000,0x00000007a9c80000)
 ParOldGen       total 61440K, used 47589K [0x0000000740000000, 0x0000000743c00000, 0x0000000795580000)
  object space 61440K, 77% used [0x0000000740000000,0x0000000742e797a0,0x0000000743c00000)
 Metaspace       used 44456K, capacity 56196K, committed 56304K, reserved 1091584K
  class space    used 10574K, capacity 14565K, committed 14576K, reserved 1048576K
}
Event: 278.944 GC heap before
{Heap before GC invocations=47 (full 5):
 PSYoungGen      total 292864K, used 270000K [0x0000000795580000, 0x00000007a9c80000, 0x00000007c0000000)
  eden space 267264K, 100% used [0x0000000795580000,0x00000007a5a80000,0x00000007a5a80000)
  from space 25600K, 10% used [0x00000007a5a80000,0x00000007a5d2c010,0x00000007a7380000)
  to   space 25600K, 0% used [0x00000007a8380000,0x00000007a8380000,0x00000007a9c80000)
 ParOldGen       total 61440K, used 47589K [0x0000000740000000, 0x0000000743c00000, 0x0000000795580000)
  object space 61440K, 77% used [0x0000000740000000,0x0000000742e797a0,0x0000000743c00000)
 Metaspace       used 46797K, capacity 61260K, committed 61424K, reserved 1095680K
  class space    used 11236K, capacity 16004K, committed 16112K, reserved 1048576K
Event: 278.949 GC heap after
Heap after GC invocations=47 (full 5):
 PSYoungGen      total 302080K, used 5336K [0x0000000795580000, 0x00000007a9800000, 0x00000007c0000000)
  eden space 281088K, 0% used [0x0000000795580000,0x0000000795580000,0x00000007a6800000)
  from space 20992K, 25% used [0x00000007a8380000,0x00000007a88b62e8,0x00000007a9800000)
  to   space 24576K, 0% used [0x00000007a6800000,0x00000007a6800000,0x00000007a8000000)
 ParOldGen       total 61440K, used 47597K [0x0000000740000000, 0x0000000743c00000, 0x0000000795580000)
  object space 61440K, 77% used [0x0000000740000000,0x0000000742e7b7a0,0x0000000743c00000)
 Metaspace       used 46797K, capacity 61260K, committed 61424K, reserved 1095680K
  class space    used 11236K, capacity 16004K, committed 16112K, reserved 1048576K
}
Event: 283.071 GC heap before
{Heap before GC invocations=48 (full 5):
 PSYoungGen      total 302080K, used 286424K [0x0000000795580000, 0x00000007a9800000, 0x00000007c0000000)
  eden space 281088K, 100% used [0x0000000795580000,0x00000007a6800000,0x00000007a6800000)
  from space 20992K, 25% used [0x00000007a8380000,0x00000007a88b62e8,0x00000007a9800000)
  to   space 24576K, 0% used [0x00000007a6800000,0x00000007a6800000,0x00000007a8000000)
 ParOldGen       total 61440K, used 47597K [0x0000000740000000, 0x0000000743c00000, 0x0000000795580000)
  object space 61440K, 77% used [0x0000000740000000,0x0000000742e7b7a0,0x0000000743c00000)
 Metaspace       used 50822K, capacity 67014K, committed 67184K, reserved 1099776K
  class space    used 12397K, capacity 17741K, committed 17776K, reserved 1048576K
Event: 283.081 GC heap after
Heap after GC invocations=48 (full 5):
 PSYoungGen      total 305664K, used 8640K [0x0000000795580000, 0x00000007aa080000, 0x00000007c0000000)
  eden space 281088K, 0% used [0x0000000795580000,0x0000000795580000,0x00000007a6800000)
  from space 24576K, 35% used [0x00000007a6800000,0x00000007a7070020,0x00000007a8000000)
  to   space 23040K, 0% used [0x00000007a8a00000,0x00000007a8a00000,0x00000007aa080000)
 ParOldGen       total 61440K, used 47605K [0x0000000740000000, 0x0000000743c00000, 0x0000000795580000)
  object space 61440K, 77% used [0x0000000740000000,0x0000000742e7d7a0,0x0000000743c00000)
 Metaspace       used 50822K, capacity 67014K, committed 67184K, reserved 1099776K
  class space    used 12397K, capacity 17741K, committed 17776K, reserved 1048576K
}
Event: 4595.745 GC heap before
{Heap before GC invocations=49 (full 5):
 PSYoungGen      total 305664K, used 289728K [0x0000000795580000, 0x00000007aa080000, 0x00000007c0000000)
  eden space 281088K, 100% used [0x0000000795580000,0x00000007a6800000,0x00000007a6800000)
  from space 24576K, 35% used [0x00000007a6800000,0x00000007a7070020,0x00000007a8000000)
  to   space 23040K, 0% used [0x00000007a8a00000,0x00000007a8a00000,0x00000007aa080000)
 ParOldGen       total 61440K, used 47605K [0x0000000740000000, 0x0000000743c00000, 0x0000000795580000)
  object space 61440K, 77% used [0x0000000740000000,0x0000000742e7d7a0,0x0000000743c00000)
 Metaspace       used 52197K, capacity 70154K, committed 70512K, reserved 1101824K
  class space    used 12784K, capacity 18676K, committed 18800K, reserved 1048576K
Event: 4601.440 GC heap after
Heap after GC invocations=49 (full 5):
 PSYoungGen      total 309760K, used 9312K [0x0000000795580000, 0x00000007a9c80000, 0x00000007c0000000)
  eden space 290816K, 0% used [0x0000000795580000,0x0000000795580000,0x00000007a7180000)
  from space 18944K, 49% used [0x00000007a8a00000,0x00000007a9318020,0x00000007a9c80000)
  to   space 22016K, 0% used [0x00000007a7180000,0x00000007a7180000,0x00000007a8700000)
 ParOldGen       total 61440K, used 47613K [0x0000000740000000, 0x0000000743c00000, 0x0000000795580000)
  object space 61440K, 77% used [0x0000000740000000,0x0000000742e7f7a0,0x0000000743c00000)
 Metaspace       used 52197K, capacity 70154K, committed 70512K, reserved 1101824K
  class space    used 12784K, capacity 18676K, committed 18800K, reserved 1048576K
}

Deoptimization events (10 events):
Event: 1331.982 Thread 0x00007fcbc82c1800 Uncommon trap: reason=unreached action=reinterpret pc=0x0000000104e34140 method=java.lang.ThreadLocal.get()Ljava/lang/Object; @ 11
Event: 1331.986 Thread 0x00007fcbc5374000 Uncommon trap: reason=unreached action=reinterpret pc=0x0000000104a5ffb0 method=java.util.concurrent.locks.ReentrantLock$Sync.nonfairTryAcquire(I)Z @ 34
Event: 1331.986 Thread 0x00007fcbc8186000 Uncommon trap: reason=unreached action=reinterpret pc=0x00000001057ef6a8 method=java.util.concurrent.locks.AbstractQueuedSynchronizer$ConditionObject.await()V @ 81
Event: 1331.987 Thread 0x00007fcbc8187000 Uncommon trap: reason=unreached action=reinterpret pc=0x00000001057efc3c method=java.util.concurrent.ScheduledThreadPoolExecutor$DelayedWorkQueue.take()Ljava/util/concurrent/RunnableScheduledFuture; @ 17
Event: 1331.988 Thread 0x00007fcbc3c0b800 Uncommon trap: reason=unreached action=reinterpret pc=0x00000001057ef6a8 method=java.util.concurrent.locks.AbstractQueuedSynchronizer$ConditionObject.await()V @ 81
Event: 1331.989 Thread 0x00007fcbc6a81000 Uncommon trap: reason=unreached action=reinterpret pc=0x00000001057ef6a8 method=java.util.concurrent.locks.AbstractQueuedSynchronizer$ConditionObject.await()V @ 81
Event: 1331.990 Thread 0x00007fcbcb507000 Uncommon trap: reason=unreached action=reinterpret pc=0x00000001057ef6a8 method=java.util.concurrent.locks.AbstractQueuedSynchronizer$ConditionObject.await()V @ 81
Event: 1331.990 Thread 0x00007fcbc5aca800 Uncommon trap: reason=unreached action=reinterpret pc=0x00000001057ef6a8 method=java.util.concurrent.locks.AbstractQueuedSynchronizer$ConditionObject.await()V @ 81
Event: 65492.086 Thread 0x00007fcbc4456800 Uncommon trap: reason=unreached action=reinterpret pc=0x0000000104a54ba0 method=java.util.concurrent.locks.AbstractQueuedSynchronizer.findNodeFromTail(Ljava/util/concurrent/locks/AbstractQueuedSynchronizer$Node;)Z @ 7
Event: 65497.120 Thread 0x00007fcbc3281800 Uncommon trap: reason=unreached action=reinterpret pc=0x0000000104c05f04 method=java.util.concurrent.locks.AbstractQueuedSynchronizer.isOnSyncQueue(Ljava/util/concurrent/locks/AbstractQueuedSynchronizer$Node;)Z @ 13

Internal exceptions (10 events):
Event: 1338.432 Thread 0x00007fcbc69b0000 Exception <a 'java/io/IOException'> (0x00000007a3ce9c20) thrown at [/HUDSON3/workspace/8-2-build-macosx-x86_64/jdk8u11/648/hotspot/src/share/vm/prims/jni.cpp, line 716]
Event: 1338.432 Thread 0x00007fcbc69b0000 Exception <a 'java/io/IOException'> (0x00000007a3cea4e8) thrown at [/HUDSON3/workspace/8-2-build-macosx-x86_64/jdk8u11/648/hotspot/src/share/vm/prims/jni.cpp, line 716]
Event: 1338.432 Thread 0x00007fcbc69b0000 Exception <a 'java/io/IOException'> (0x00000007a3cea8b8) thrown at [/HUDSON3/workspace/8-2-build-macosx-x86_64/jdk8u11/648/hotspot/src/share/vm/prims/jni.cpp, line 716]
Event: 1338.432 Thread 0x00007fcbc69b0000 Exception <a 'java/io/IOException'> (0x00000007a3ceac58) thrown at [/HUDSON3/workspace/8-2-build-macosx-x86_64/jdk8u11/648/hotspot/src/share/vm/prims/jni.cpp, line 716]
Event: 1338.432 Thread 0x00007fcbc69b0000 Exception <a 'java/io/IOException'> (0x00000007a3ceb550) thrown at [/HUDSON3/workspace/8-2-build-macosx-x86_64/jdk8u11/648/hotspot/src/share/vm/prims/jni.cpp, line 716]
Event: 1338.432 Thread 0x00007fcbc69b0000 Exception <a 'java/io/IOException'> (0x00000007a3ceb920) thrown at [/HUDSON3/workspace/8-2-build-macosx-x86_64/jdk8u11/648/hotspot/src/share/vm/prims/jni.cpp, line 716]
Event: 1338.432 Thread 0x00007fcbc69b0000 Exception <a 'java/io/IOException'> (0x00000007a3cebcc0) thrown at [/HUDSON3/workspace/8-2-build-macosx-x86_64/jdk8u11/648/hotspot/src/share/vm/prims/jni.cpp, line 716]
Event: 1338.432 Thread 0x00007fcbc69b0000 Exception <a 'java/io/IOException'> (0x00000007a3cec468) thrown at [/HUDSON3/workspace/8-2-build-macosx-x86_64/jdk8u11/648/hotspot/src/share/vm/prims/jni.cpp, line 716]
Event: 1338.432 Thread 0x00007fcbc69b0000 Exception <a 'java/io/IOException'> (0x00000007a3cec838) thrown at [/HUDSON3/workspace/8-2-build-macosx-x86_64/jdk8u11/648/hotspot/src/share/vm/prims/jni.cpp, line 716]
Event: 1338.432 Thread 0x00007fcbc69b0000 Exception <a 'java/io/IOException'> (0x00000007a3cecbd8) thrown at [/HUDSON3/workspace/8-2-build-macosx-x86_64/jdk8u11/648/hotspot/src/share/vm/prims/jni.cpp, line 716]

Events (10 events):
Event: 66666.317 Executing VM operation: RevokeBias done
Event: 66666.317 Thread 0x00007fcbcc000800 Thread exited: 0x00007fcbcc000800
Event: 69394.470 Thread 0x00007fcbc2981800 Thread added: 0x00007fcbc2981800
Event: 69396.143 Executing VM operation: RevokeBias
Event: 69396.151 Executing VM operation: RevokeBias done
Event: 69396.151 Thread 0x00007fcbc2981800 Thread exited: 0x00007fcbc2981800
Event: 69396.443 Thread 0x00007fcbcc000800 Thread added: 0x00007fcbcc000800
Event: 69397.458 Executing VM operation: RevokeBias
Event: 69397.459 Executing VM operation: RevokeBias done
Event: 69397.459 Thread 0x00007fcbcc000800 Thread exited: 0x00007fcbcc000800


Dynamic libraries:
0x0000000003e72000 	/System/Library/Frameworks/Cocoa.framework/Versions/A/Cocoa
0x0000000003e72000 	/System/Library/Frameworks/Security.framework/Versions/A/Security
0x0000000003e72000 	/System/Library/Frameworks/ApplicationServices.framework/Versions/A/ApplicationServices
0x0000000003e72000 	/usr/lib/libz.1.dylib
0x0000000003e72000 	/usr/lib/libSystem.B.dylib
0x0000000003e72000 	/usr/lib/libobjc.A.dylib
0x0000000003e72000 	/System/Library/Frameworks/CoreFoundation.framework/Versions/A/CoreFoundation
0x0000000003e72000 	/System/Library/Frameworks/Foundation.framework/Versions/C/Foundation
0x0000000003e72000 	/System/Library/Frameworks/AppKit.framework/Versions/C/AppKit
0x0000000003e72000 	/System/Library/Frameworks/CoreData.framework/Versions/A/CoreData
0x0000000003e72000 	/System/Library/PrivateFrameworks/RemoteViewServices.framework/Versions/A/RemoteViewServices
0x0000000003e72000 	/System/Library/PrivateFrameworks/UIFoundation.framework/Versions/A/UIFoundation
0x0000000003e72000 	/usr/lib/libScreenReader.dylib
0x0000000003e72000 	/System/Library/Frameworks/Accelerate.framework/Versions/A/Accelerate
0x0000000003e72000 	/System/Library/Frameworks/IOSurface.framework/Versions/A/IOSurface
0x0000000003e72000 	/System/Library/Frameworks/AudioToolbox.framework/Versions/A/AudioToolbox
0x0000000003e72000 	/System/Library/Frameworks/AudioUnit.framework/Versions/A/AudioUnit
0x0000000003e72000 	/System/Library/PrivateFrameworks/DataDetectorsCore.framework/Versions/A/DataDetectorsCore
0x0000000003e72000 	/System/Library/PrivateFrameworks/DesktopServicesPriv.framework/Versions/A/DesktopServicesPriv
0x0000000003e72000 	/System/Library/Frameworks/Carbon.framework/Versions/A/Frameworks/HIToolbox.framework/Versions/A/HIToolbox
0x0000000003e72000 	/System/Library/Frameworks/QuartzCore.framework/Versions/A/QuartzCore
0x0000000003e72000 	/System/Library/Frameworks/Carbon.framework/Versions/A/Frameworks/SpeechRecognition.framework/Versions/A/SpeechRecognition
0x0000000003e72000 	/usr/lib/libauto.dylib
0x0000000003e72000 	/usr/lib/libicucore.A.dylib
0x0000000003e72000 	/usr/lib/libxml2.2.dylib
0x0000000003e72000 	/System/Library/PrivateFrameworks/CoreUI.framework/Versions/A/CoreUI
0x0000000003e72000 	/System/Library/Frameworks/CoreAudio.framework/Versions/A/CoreAudio
0x0000000003e72000 	/System/Library/Frameworks/DiskArbitration.framework/Versions/A/DiskArbitration
0x0000000003e72000 	/usr/lib/liblangid.dylib
0x0000000003e72000 	/System/Library/PrivateFrameworks/MultitouchSupport.framework/Versions/A/MultitouchSupport
0x0000000003e72000 	/System/Library/Frameworks/IOKit.framework/Versions/A/IOKit
0x0000000003e72000 	/usr/lib/libDiagnosticMessagesClient.dylib
0x0000000003e72000 	/System/Library/Frameworks/CoreServices.framework/Versions/A/CoreServices
0x0000000003e72000 	/System/Library/PrivateFrameworks/PerformanceAnalysis.framework/Versions/A/PerformanceAnalysis
0x0000000003e72000 	/System/Library/PrivateFrameworks/GenerationalStorage.framework/Versions/A/GenerationalStorage
0x0000000003e72000 	/System/Library/Frameworks/OpenGL.framework/Versions/A/OpenGL
0x0000000003e72000 	/System/Library/PrivateFrameworks/Sharing.framework/Versions/A/Sharing
0x0000000003e72000 	/System/Library/Frameworks/CoreGraphics.framework/Versions/A/CoreGraphics
0x0000000003e72000 	/System/Library/Frameworks/CoreImage.framework/Versions/A/CoreImage
0x0000000003e72000 	/System/Library/Frameworks/CoreText.framework/Versions/A/CoreText
0x0000000003e72000 	/System/Library/Frameworks/ImageIO.framework/Versions/A/ImageIO
0x0000000003e72000 	/System/Library/PrivateFrameworks/Backup.framework/Versions/A/Backup
0x0000000003e72000 	/usr/lib/libextension.dylib
0x0000000003e72000 	/usr/lib/libarchive.2.dylib
0x0000000003e72000 	/System/Library/Frameworks/CFNetwork.framework/Versions/A/CFNetwork
0x0000000003e72000 	/System/Library/Frameworks/SystemConfiguration.framework/Versions/A/SystemConfiguration
0x0000000003e72000 	/usr/lib/libCRFSuite.dylib
0x0000000003e72000 	/usr/lib/libc++.1.dylib
0x0000000003e72000 	/usr/lib/libc++abi.dylib
0x0000000003e72000 	/usr/lib/system/libcache.dylib
0x0000000003e72000 	/usr/lib/system/libcommonCrypto.dylib
0x0000000003e72000 	/usr/lib/system/libcompiler_rt.dylib
0x0000000003e72000 	/usr/lib/system/libcopyfile.dylib
0x0000000003e72000 	/usr/lib/system/libcorecrypto.dylib
0x0000000003e72000 	/usr/lib/system/libdispatch.dylib
0x0000000003e72000 	/usr/lib/system/libdyld.dylib
0x0000000003e72000 	/usr/lib/system/libkeymgr.dylib
0x0000000003e72000 	/usr/lib/system/liblaunch.dylib
0x0000000003e72000 	/usr/lib/system/libmacho.dylib
0x0000000003e72000 	/usr/lib/system/libquarantine.dylib
0x0000000003e72000 	/usr/lib/system/libremovefile.dylib
0x0000000003e72000 	/usr/lib/system/libsystem_asl.dylib
0x0000000003e72000 	/usr/lib/system/libsystem_blocks.dylib
0x0000000003e72000 	/usr/lib/system/libsystem_c.dylib
0x0000000003e72000 	/usr/lib/system/libsystem_configuration.dylib
0x0000000003e72000 	/usr/lib/system/libsystem_coreservices.dylib
0x0000000003e72000 	/usr/lib/system/libsystem_coretls.dylib
0x0000000003e72000 	/usr/lib/system/libsystem_dnssd.dylib
0x0000000003e72000 	/usr/lib/system/libsystem_info.dylib
0x0000000003e72000 	/usr/lib/system/libsystem_kernel.dylib
0x0000000003e72000 	/usr/lib/system/libsystem_m.dylib
0x0000000003e72000 	/usr/lib/system/libsystem_malloc.dylib
0x0000000003e72000 	/usr/lib/system/libsystem_network.dylib
0x0000000003e72000 	/usr/lib/system/libsystem_networkextension.dylib
0x0000000003e72000 	/usr/lib/system/libsystem_notify.dylib
0x0000000003e72000 	/usr/lib/system/libsystem_platform.dylib
0x0000000003e72000 	/usr/lib/system/libsystem_pthread.dylib
0x0000000003e72000 	/usr/lib/system/libsystem_sandbox.dylib
0x0000000003e72000 	/usr/lib/system/libsystem_secinit.dylib
0x0000000003e72000 	/usr/lib/system/libsystem_trace.dylib
0x0000000003e72000 	/usr/lib/system/libunc.dylib
0x0000000003e72000 	/usr/lib/system/libunwind.dylib
0x0000000003e72000 	/usr/lib/system/libxpc.dylib
0x0000000003e72000 	/usr/lib/libenergytrace.dylib
0x0000000003e72000 	/usr/lib/libbsm.0.dylib
0x0000000003e72000 	/usr/lib/system/libkxld.dylib
0x0000000003e72000 	/usr/lib/libxar.1.dylib
0x0000000003e72000 	/usr/lib/libsqlite3.dylib
0x0000000003e72000 	/usr/lib/libpam.2.dylib
0x0000000003e72000 	/usr/lib/libOpenScriptingUtil.dylib
0x0000000003e72000 	/usr/lib/libbz2.1.0.dylib
0x0000000003e72000 	/usr/lib/liblzma.5.dylib
0x0000000003e72000 	/System/Library/Frameworks/CoreServices.framework/Versions/A/Frameworks/FSEvents.framework/Versions/A/FSEvents
0x0000000003e72000 	/System/Library/Frameworks/CoreServices.framework/Versions/A/Frameworks/CarbonCore.framework/Versions/A/CarbonCore
0x0000000003e72000 	/System/Library/Frameworks/CoreServices.framework/Versions/A/Frameworks/Metadata.framework/Versions/A/Metadata
0x0000000003e72000 	/System/Library/Frameworks/CoreServices.framework/Versions/A/Frameworks/OSServices.framework/Versions/A/OSServices
0x0000000003e72000 	/System/Library/Frameworks/CoreServices.framework/Versions/A/Frameworks/SearchKit.framework/Versions/A/SearchKit
0x0000000003e72000 	/System/Library/Frameworks/CoreServices.framework/Versions/A/Frameworks/AE.framework/Versions/A/AE
0x0000000003e72000 	/System/Library/Frameworks/CoreServices.framework/Versions/A/Frameworks/LaunchServices.framework/Versions/A/LaunchServices
0x0000000003e72000 	/System/Library/Frameworks/CoreServices.framework/Versions/A/Frameworks/DictionaryServices.framework/Versions/A/DictionaryServices
0x0000000003e72000 	/System/Library/Frameworks/CoreServices.framework/Versions/A/Frameworks/SharedFileList.framework/Versions/A/SharedFileList
0x0000000003e72000 	/System/Library/Frameworks/NetFS.framework/Versions/A/NetFS
0x0000000003e72000 	/System/Library/PrivateFrameworks/NetAuth.framework/Versions/A/NetAuth
0x0000000003e72000 	/System/Library/PrivateFrameworks/login.framework/Versions/A/Frameworks/loginsupport.framework/Versions/A/loginsupport
0x0000000003e72000 	/System/Library/PrivateFrameworks/TCC.framework/Versions/A/TCC
0x0000000003e72000 	/usr/lib/libmecabra.dylib
0x0000000003e72000 	/System/Library/Frameworks/ApplicationServices.framework/Versions/A/Frameworks/ATS.framework/Versions/A/ATS
0x0000000003e72000 	/System/Library/Frameworks/ApplicationServices.framework/Versions/A/Frameworks/ColorSync.framework/Versions/A/ColorSync
0x0000000003e72000 	/System/Library/Frameworks/ApplicationServices.framework/Versions/A/Frameworks/HIServices.framework/Versions/A/HIServices
0x0000000003e72000 	/System/Library/Frameworks/ApplicationServices.framework/Versions/A/Frameworks/LangAnalysis.framework/Versions/A/LangAnalysis
0x0000000003e72000 	/System/Library/Frameworks/ApplicationServices.framework/Versions/A/Frameworks/PrintCore.framework/Versions/A/PrintCore
0x0000000003e72000 	/System/Library/Frameworks/ApplicationServices.framework/Versions/A/Frameworks/QD.framework/Versions/A/QD
0x0000000003e72000 	/System/Library/Frameworks/ApplicationServices.framework/Versions/A/Frameworks/SpeechSynthesis.framework/Versions/A/SpeechSynthesis
0x0000000003e72000 	/System/Library/Frameworks/Metal.framework/Versions/A/Metal
0x0000000003e72000 	/System/Library/Frameworks/Accelerate.framework/Versions/A/Frameworks/vImage.framework/Versions/A/vImage
0x0000000003e72000 	/System/Library/Frameworks/Accelerate.framework/Versions/A/Frameworks/vecLib.framework/Versions/A/vecLib
0x0000000003e72000 	/System/Library/Frameworks/Accelerate.framework/Versions/A/Frameworks/vecLib.framework/Versions/A/libvDSP.dylib
0x0000000003e72000 	/System/Library/Frameworks/Accelerate.framework/Versions/A/Frameworks/vecLib.framework/Versions/A/libvMisc.dylib
0x0000000003e72000 	/System/Library/Frameworks/Accelerate.framework/Versions/A/Frameworks/vecLib.framework/Versions/A/libLAPACK.dylib
0x0000000003e72000 	/System/Library/Frameworks/Accelerate.framework/Versions/A/Frameworks/vecLib.framework/Versions/A/libBLAS.dylib
0x0000000003e72000 	/System/Library/Frameworks/Accelerate.framework/Versions/A/Frameworks/vecLib.framework/Versions/A/libLinearAlgebra.dylib
0x0000000003e72000 	/System/Library/Frameworks/Accelerate.framework/Versions/A/Frameworks/vecLib.framework/Versions/A/libSparseBLAS.dylib
0x0000000003e72000 	/System/Library/PrivateFrameworks/GPUCompiler.framework/libmetal_timestamp.dylib
0x0000000003e72000 	/System/Library/Frameworks/OpenGL.framework/Versions/A/Libraries/libCoreFSCache.dylib
0x0000000003e72000 	/System/Library/PrivateFrameworks/IOAccelerator.framework/Versions/A/IOAccelerator
0x0000000003e72000 	/System/Library/Frameworks/ApplicationServices.framework/Versions/A/Frameworks/ATS.framework/Versions/A/Resources/libFontParser.dylib
0x0000000003e72000 	/System/Library/Frameworks/ApplicationServices.framework/Versions/A/Frameworks/ATS.framework/Versions/A/Resources/libFontRegistry.dylib
0x0000000003e72000 	/System/Library/PrivateFrameworks/AppleVPA.framework/Versions/A/AppleVPA
0x0000000003e72000 	/System/Library/PrivateFrameworks/AppleJPEG.framework/Versions/A/AppleJPEG
0x0000000003e72000 	/System/Library/Frameworks/ImageIO.framework/Versions/A/Resources/libJPEG.dylib
0x0000000003e72000 	/System/Library/Frameworks/ImageIO.framework/Versions/A/Resources/libTIFF.dylib
0x0000000003e72000 	/System/Library/Frameworks/ImageIO.framework/Versions/A/Resources/libPng.dylib
0x0000000003e72000 	/System/Library/Frameworks/ImageIO.framework/Versions/A/Resources/libGIF.dylib
0x0000000003e72000 	/System/Library/Frameworks/ImageIO.framework/Versions/A/Resources/libJP2.dylib
0x0000000003e72000 	/System/Library/Frameworks/ImageIO.framework/Versions/A/Resources/libRadiance.dylib
0x0000000003e72000 	/System/Library/Frameworks/CoreVideo.framework/Versions/A/CoreVideo
0x0000000003e72000 	/System/Library/Frameworks/OpenGL.framework/Versions/A/Libraries/libGLU.dylib
0x0000000003e72000 	/System/Library/Frameworks/OpenGL.framework/Versions/A/Libraries/libGFXShared.dylib
0x0000000003e72000 	/System/Library/Frameworks/OpenGL.framework/Versions/A/Libraries/libGL.dylib
0x0000000003e72000 	/System/Library/Frameworks/OpenGL.framework/Versions/A/Libraries/libGLImage.dylib
0x0000000003e72000 	/System/Library/Frameworks/OpenGL.framework/Versions/A/Libraries/libCVMSPluginSupport.dylib
0x0000000003e72000 	/System/Library/Frameworks/OpenGL.framework/Versions/A/Libraries/libCoreVMClient.dylib
0x0000000003e72000 	/usr/lib/libcups.2.dylib
0x0000000003e72000 	/System/Library/Frameworks/Kerberos.framework/Versions/A/Kerberos
0x0000000003e72000 	/System/Library/Frameworks/GSS.framework/Versions/A/GSS
0x0000000003e72000 	/usr/lib/libresolv.9.dylib
0x0000000003e72000 	/usr/lib/libiconv.2.dylib
0x0000000003e72000 	/System/Library/PrivateFrameworks/Heimdal.framework/Versions/A/Heimdal
0x0000000003e72000 	/usr/lib/libheimdal-asn1.dylib
0x0000000003e72000 	/System/Library/Frameworks/OpenDirectory.framework/Versions/A/OpenDirectory
0x0000000003e72000 	/System/Library/PrivateFrameworks/CommonAuth.framework/Versions/A/CommonAuth
0x0000000003e72000 	/System/Library/Frameworks/OpenDirectory.framework/Versions/A/Frameworks/CFOpenDirectory.framework/Versions/A/CFOpenDirectory
0x0000000003e72000 	/System/Library/Frameworks/SecurityFoundation.framework/Versions/A/SecurityFoundation
0x0000000003e72000 	/System/Library/PrivateFrameworks/LanguageModeling.framework/Versions/A/LanguageModeling
0x0000000003e72000 	/usr/lib/libmarisa.dylib
0x0000000003e72000 	/usr/lib/libChineseTokenizer.dylib
0x0000000003e72000 	/usr/lib/libcmph.dylib
0x0000000003e72000 	/usr/lib/libcompression.dylib
0x0000000003e72000 	/System/Library/Frameworks/ServiceManagement.framework/Versions/A/ServiceManagement
0x0000000003e72000 	/usr/lib/libxslt.1.dylib
0x0000000003e72000 	/System/Library/Frameworks/Carbon.framework/Versions/A/Frameworks/Ink.framework/Versions/A/Ink
0x0000000003e72000 	/usr/lib/libFosl_dynamic.dylib
0x0000000003e72000 	/System/Library/PrivateFrameworks/FaceCore.framework/Versions/A/FaceCore
0x0000000003e72000 	/System/Library/Frameworks/OpenCL.framework/Versions/A/OpenCL
0x0000000003e72000 	/System/Library/PrivateFrameworks/CrashReporterSupport.framework/Versions/A/CrashReporterSupport
0x0000000003e72000 	/System/Library/PrivateFrameworks/IconServices.framework/Versions/A/IconServices
0x0000000003e72000 	/System/Library/PrivateFrameworks/Apple80211.framework/Versions/A/Apple80211
0x0000000003e72000 	/System/Library/Frameworks/CoreWLAN.framework/Versions/A/CoreWLAN
0x0000000003e72000 	/System/Library/Frameworks/IOBluetooth.framework/Versions/A/IOBluetooth
0x0000000003e72000 	/System/Library/PrivateFrameworks/CoreWiFi.framework/Versions/A/CoreWiFi
0x0000000003e72000 	/System/Library/Frameworks/CoreBluetooth.framework/Versions/A/CoreBluetooth
0x0000000003e72000 	/System/Library/PrivateFrameworks/ChunkingLibrary.framework/Versions/A/ChunkingLibrary
0x0000000003e72000 	/System/Library/PrivateFrameworks/DebugSymbols.framework/Versions/A/DebugSymbols
0x0000000003e72000 	/System/Library/PrivateFrameworks/CoreSymbolication.framework/Versions/A/CoreSymbolication
0x0000000003e72000 	/System/Library/PrivateFrameworks/Symbolication.framework/Versions/A/Symbolication
0x0000000003e72000 	/System/Library/PrivateFrameworks/SpeechRecognitionCore.framework/Versions/A/SpeechRecognitionCore
0x0000000103600000 	/Library/Java/JavaVirtualMachines/jdk1.8.0_11.jdk/Contents/Home/jre/lib/server/libjvm.dylib
0x0000000003e72000 	/usr/lib/libstdc++.6.dylib
0x0000000102503000 	/Library/Java/JavaVirtualMachines/jdk1.8.0_11.jdk/Contents/Home/jre/lib/libverify.dylib
0x0000000102511000 	/Library/Java/JavaVirtualMachines/jdk1.8.0_11.jdk/Contents/Home/jre/lib/libjava.dylib
0x000000010254f000 	/Library/Java/JavaVirtualMachines/jdk1.8.0_11.jdk/Contents/Home/jre/lib/libzip.dylib
0x000000011a9ff000 	/System/Library/Frameworks/JavaVM.framework/Frameworks/JavaRuntimeSupport.framework/JavaRuntimeSupport
0x000000011aa1a000 	/System/Library/Frameworks/JavaVM.framework/Versions/A/Frameworks/JavaNativeFoundation.framework/Versions/A/JavaNativeFoundation
0x000000011aa2f000 	/System/Library/Frameworks/JavaVM.framework/Versions/A/JavaVM
0x0000000003e72000 	/System/Library/Frameworks/Carbon.framework/Versions/A/Carbon
0x000000011aa3c000 	/System/Library/PrivateFrameworks/JavaLaunching.framework/Versions/A/JavaLaunching
0x0000000003e72000 	/System/Library/Frameworks/Carbon.framework/Versions/A/Frameworks/CommonPanels.framework/Versions/A/CommonPanels
0x0000000003e72000 	/System/Library/Frameworks/Carbon.framework/Versions/A/Frameworks/Help.framework/Versions/A/Help
0x0000000003e72000 	/System/Library/Frameworks/Carbon.framework/Versions/A/Frameworks/ImageCapture.framework/Versions/A/ImageCapture
0x0000000003e72000 	/System/Library/Frameworks/Carbon.framework/Versions/A/Frameworks/OpenScripting.framework/Versions/A/OpenScripting
0x0000000003e72000 	/System/Library/Frameworks/Carbon.framework/Versions/A/Frameworks/Print.framework/Versions/A/Print
0x0000000003e72000 	/System/Library/Frameworks/Carbon.framework/Versions/A/Frameworks/SecurityHI.framework/Versions/A/SecurityHI
0x000000011c47a000 	/Library/Java/JavaVirtualMachines/jdk1.8.0_11.jdk/Contents/Home/jre/lib/libnet.dylib
0x000000011f01b000 	/Library/Java/JavaVirtualMachines/jdk1.8.0_11.jdk/Contents/Home/jre/lib/libawt.dylib
0x000000011f0ca000 	/Library/Java/JavaVirtualMachines/jdk1.8.0_11.jdk/Contents/Home/jre/lib/./libmlib_image.dylib
0x000000011f243000 	/Library/Java/JavaVirtualMachines/jdk1.8.0_11.jdk/Contents/Home/jre/lib/libawt_lwawt.dylib
0x000000011c490000 	/Library/Java/JavaVirtualMachines/jdk1.8.0_11.jdk/Contents/Home/jre/lib/./libosxapp.dylib
0x0000000003e72000 	/System/Library/Frameworks/ExceptionHandling.framework/Versions/A/ExceptionHandling
0x0000000003e72000 	/System/Library/PrivateFrameworks/CoreServicesInternal.framework/Versions/A/CoreServicesInternal
0x0000000003e72000 	/System/Library/Frameworks/CoreGraphics.framework/Versions/A/Resources/libRIP.A.dylib
0x0000000003e72000 	/System/Library/Frameworks/Accelerate.framework/Versions/A/Frameworks/vImage.framework/Versions/A/Libraries/libCGInterfaces.dylib
0x0000000003e72000 	/System/Library/PrivateFrameworks/FamilyControls.framework/Versions/A/FamilyControls
0x0000000003e72000 	/System/Library/PrivateFrameworks/CommerceKit.framework/Versions/A/Frameworks/CommerceCore.framework/Versions/A/CommerceCore
0x0000000003e72000 	/System/Library/PrivateFrameworks/SystemAdministration.framework/Versions/A/SystemAdministration
0x0000000003e72000 	/System/Library/PrivateFrameworks/AppContainer.framework/Versions/A/AppContainer
0x0000000003e72000 	/System/Library/PrivateFrameworks/SecCodeWrapper.framework/Versions/A/SecCodeWrapper
0x0000000003e72000 	/System/Library/Frameworks/DirectoryService.framework/Versions/A/DirectoryService
0x0000000003e72000 	/System/Library/PrivateFrameworks/DiskImages.framework/Versions/A/DiskImages
0x0000000003e72000 	/System/Library/PrivateFrameworks/LoginUIKit.framework/Versions/A/Frameworks/LoginUICore.framework/Versions/A/LoginUICore
0x0000000003e72000 	/usr/lib/libCoreStorage.dylib
0x0000000003e72000 	/usr/lib/libcsfde.dylib
0x0000000003e72000 	/usr/lib/libodfde.dylib
0x0000000003e72000 	/System/Library/Frameworks/DiscRecording.framework/Versions/A/DiscRecording
0x0000000003e72000 	/usr/lib/libcurl.4.dylib
0x0000000003e72000 	/System/Library/PrivateFrameworks/MediaKit.framework/Versions/A/MediaKit
0x0000000003e72000 	/System/Library/PrivateFrameworks/ProtectedCloudStorage.framework/Versions/A/ProtectedCloudStorage
0x0000000003e72000 	/System/Library/PrivateFrameworks/EFILogin.framework/Versions/A/EFILogin
0x0000000003e72000 	/usr/lib/libutil.dylib
0x0000000003e72000 	/System/Library/PrivateFrameworks/FindMyDevice.framework/Versions/A/FindMyDevice
0x0000000003e72000 	/System/Library/Frameworks/LDAP.framework/Versions/A/LDAP
0x0000000003e72000 	/usr/lib/libsasl2.2.dylib
0x0000000003e72000 	/System/Library/PrivateFrameworks/CoreDaemon.framework/Versions/B/CoreDaemon
0x0000000003e72000 	/usr/lib/libcrypto.0.9.8.dylib
0x0000000003e72000 	/System/Library/PrivateFrameworks/AppleSRP.framework/Versions/A/AppleSRP
0x0000000003e72000 	/System/Library/PrivateFrameworks/TrustEvaluationAgent.framework/Versions/A/TrustEvaluationAgent
0x000000011c5ff000 	/Library/Java/JavaVirtualMachines/jdk1.8.0_11.jdk/Contents/Home/jre/lib/libfontmanager.dylib
0x0000000003e72000 	/System/Library/Frameworks/OpenGL.framework/Versions/A/Resources/GLEngine.bundle/GLEngine
0x0000000003e72000 	/System/Library/Frameworks/OpenGL.framework/Versions/A/Libraries/libGLProgrammability.dylib
0x000000011e9a9000 	/System/Library/Extensions/AppleIntelHD3000GraphicsGLDriver.bundle/Contents/MacOS/AppleIntelHD3000GraphicsGLDriver
0x0000000003e72000 	/System/Library/PrivateFrameworks/GPUSupport.framework/Versions/A/Libraries/libGPUSupport.dylib
0x000000011e298000 	/System/Library/Extensions/AMDRadeonX3000GLDriver.bundle/Contents/MacOS/AMDRadeonX3000GLDriver
0x0000000003e72000 	/System/Library/PrivateFrameworks/GPUSupport.framework/Versions/A/Libraries/libGPUSupportMercury.dylib
0x000000011f850000 	/System/Library/Extensions/AMDRadeonX3000GLDriver.bundle/Contents/MacOS/ATIRadeonX3000SCLib.dylib
0x0000000003e72000 	/System/Library/Frameworks/OpenGL.framework/Versions/A/Resources/GLRendererFloat.bundle/GLRendererFloat
0x0000000003e72000 	/System/Library/Frameworks/OpenCL.framework/Versions/A/Libraries/libcldcpuengine.dylib
0x000000011c665000 	/Library/Java/JavaVirtualMachines/jdk1.8.0_11.jdk/Contents/Home/jre/lib/libnio.dylib
0x000000011c4fd000 	/private/var/folders/82/jx95ls9s6m127dcfhyxhnpyw0000gn/T/jna/jna8219097149098178671.tmp
0x000000011d168000 	/Users/srmullen/source/sounds/sounds/target/native/macosx/x86_64/libscsynth.dylib
0x000000011c586000 	/Library/Java/JavaVirtualMachines/jdk1.8.0_11.jdk/Contents/Home/jre/lib/libjsound.dylib
0x000000011c89a000 	/System/Library/Frameworks/CoreMIDI.framework/Versions/A/CoreMIDI
0x000000011c84b000 	/usr/lib/libexpat.1.dylib
0x000000011c511000 	/System/Library/Extensions/AppleHDA.kext/Contents/PlugIns/AppleHDAHALPlugIn.bundle/Contents/MacOS/AppleHDAHALPlugIn
0x000000011c599000 	/Library/Java/JavaVirtualMachines/jdk1.8.0_11.jdk/Contents/Home/jre/lib/libmanagement.dylib
0x000000011c5e6000 	/Users/srmullen/source/sounds/sounds/target/native/macosx/x86_64/AmbisonicUGens.scx
0x000000011c9c0000 	/Users/srmullen/source/sounds/sounds/target/native/macosx/x86_64/AtkUGens.scx
0x000000011c674000 	/Users/srmullen/source/sounds/sounds/target/native/macosx/x86_64/AY_UGen.scx
0x000000011c86e000 	/Users/srmullen/source/sounds/sounds/target/native/macosx/x86_64/BatPVUgens.scx
0x000000011c5ec000 	/Users/srmullen/source/sounds/sounds/target/native/macosx/x86_64/BatUGens.scx
0x000000011c9d9000 	/Users/srmullen/source/sounds/sounds/target/native/macosx/x86_64/BBCut2UGens.scx
0x000000011c9e1000 	/Users/srmullen/source/sounds/sounds/target/native/macosx/x86_64/BerlachUGens.scx
0x000000011c9f2000 	/Users/srmullen/source/sounds/sounds/target/native/macosx/x86_64/BetablockerUGens.scx
0x000000011c9fa000 	/Users/srmullen/source/sounds/sounds/target/native/macosx/x86_64/BhobChaos.scx
0x000000011ca05000 	/Users/srmullen/source/sounds/sounds/target/native/macosx/x86_64/BhobFFT.scx
0x000000011ca18000 	/Users/srmullen/source/sounds/sounds/target/native/macosx/x86_64/BhobFilt.scx
0x000000011ca2a000 	/Users/srmullen/source/sounds/sounds/target/native/macosx/x86_64/BhobGrain.scx
0x000000011ca31000 	/Users/srmullen/source/sounds/sounds/target/native/macosx/x86_64/BhobNoise.scx
0x000000011ca3a000 	/Users/srmullen/source/sounds/sounds/target/native/macosx/x86_64/BinaryOpUGens.scx
0x000000011ca63000 	/Users/srmullen/source/sounds/sounds/target/native/macosx/x86_64/BlackrainUGens.scx
0x000000011ca68000 	/Users/srmullen/source/sounds/sounds/target/native/macosx/x86_64/ChaosUGens.scx
0x000000011ca71000 	/Users/srmullen/source/sounds/sounds/target/native/macosx/x86_64/Concat.scx
0x000000011ca78000 	/Users/srmullen/source/sounds/sounds/target/native/macosx/x86_64/DelayUGens.scx
0x000000011caa3000 	/Users/srmullen/source/sounds/sounds/target/native/macosx/x86_64/DemandUGens.scx
0x000000011d027000 	/Users/srmullen/source/sounds/sounds/target/native/macosx/x86_64/DiskIO_UGens.scx
0x000000011cb47000 	/Users/srmullen/source/sounds/sounds/target/native/macosx/x86_64/DistortionUGens.scx
0x000000011cb4b000 	/Users/srmullen/source/sounds/sounds/target/native/macosx/x86_64/DynNoiseUGens.scx
0x000000011cb50000 	/Users/srmullen/source/sounds/sounds/target/native/macosx/x86_64/FFT_UGens.scx
0x000000011cbc9000 	/Users/srmullen/source/sounds/sounds/target/native/macosx/x86_64/FilterUGens.scx
0x000000011cb70000 	/Users/srmullen/source/sounds/sounds/target/native/macosx/x86_64/GendynUGens.scx
0x000000011cb75000 	/Users/srmullen/source/sounds/sounds/target/native/macosx/x86_64/GlitchUGens.scx
0x000000011d09d000 	/Users/srmullen/source/sounds/sounds/target/native/macosx/x86_64/GrainUGens.scx
0x000000011cb7a000 	/Users/srmullen/source/sounds/sounds/target/native/macosx/x86_64/IOUGens.scx
0x000000011d0b0000 	/Users/srmullen/source/sounds/sounds/target/native/macosx/x86_64/JoshAmbiUGens.scx
0x000000011d0bd000 	/Users/srmullen/source/sounds/sounds/target/native/macosx/x86_64/JoshGrainUGens.scx
0x000000011d47b000 	/Users/srmullen/source/sounds/sounds/target/native/macosx/x86_64/JoshPVUGens.scx
0x000000011d0e8000 	/Users/srmullen/source/sounds/sounds/target/native/macosx/x86_64/JoshUGens.scx
0x000000011cb82000 	/Users/srmullen/source/sounds/sounds/target/native/macosx/x86_64/KeyboardUGens.scx
0x000000011d26c000 	/Users/srmullen/source/sounds/sounds/target/native/macosx/x86_64/LadspaUGen.scx
0x000000011d498000 	/Users/srmullen/source/sounds/sounds/target/native/macosx/x86_64/LFUGens.scx
0x000000011d270000 	/Users/srmullen/source/sounds/sounds/target/native/macosx/x86_64/LoopBuf.scx
0x000000011d275000 	/Users/srmullen/source/sounds/sounds/target/native/macosx/x86_64/MCLDBufferUGens.scx
0x000000011d4ab000 	/Users/srmullen/source/sounds/sounds/target/native/macosx/x86_64/MCLDCepstrumUGens.scx
0x000000011d4bb000 	/Users/srmullen/source/sounds/sounds/target/native/macosx/x86_64/MCLDChaosUGens.scx
0x000000011d4c1000 	/Users/srmullen/source/sounds/sounds/target/native/macosx/x86_64/MCLDDistortionUGens.scx
0x000000011d4c5000 	/Users/srmullen/source/sounds/sounds/target/native/macosx/x86_64/MCLDFFTUGens.scx
0x000000011d4da000 	/Users/srmullen/source/sounds/sounds/target/native/macosx/x86_64/MCLDFilterUGens.scx
0x000000011d4de000 	/Users/srmullen/source/sounds/sounds/target/native/macosx/x86_64/MCLDGetenvUGen.scx
0x000000011d4e2000 	/Users/srmullen/source/sounds/sounds/target/native/macosx/x86_64/MCLDOscUGens.scx
0x000000011d4e6000 	/Users/srmullen/source/sounds/sounds/target/native/macosx/x86_64/MCLDPollUGens.scx
0x000000011d4ea000 	/Users/srmullen/source/sounds/sounds/target/native/macosx/x86_64/MCLDSOMUGens.scx
0x000000011d4f0000 	/Users/srmullen/source/sounds/sounds/target/native/macosx/x86_64/MCLDTreeUGens.scx
0x000000011d4f5000 	/Users/srmullen/source/sounds/sounds/target/native/macosx/x86_64/MCLDTriggeredStatsUgens.scx
0x000000012096a000 	/Users/srmullen/source/sounds/sounds/target/native/macosx/x86_64/MdaUGens.scx
0x000000011d4f9000 	/Users/srmullen/source/sounds/sounds/target/native/macosx/x86_64/MembraneUGens.scx
0x000000011d4fe000 	/Users/srmullen/source/sounds/sounds/target/native/macosx/x86_64/ML_UGens.scx
0x000000011d531000 	/Users/srmullen/source/sounds/sounds/target/native/macosx/x86_64/MouseUGens.scx
0x000000011d537000 	/Users/srmullen/source/sounds/sounds/target/native/macosx/x86_64/MulAddUGens.scx
0x000000011d758000 	/Users/srmullen/source/sounds/sounds/target/native/macosx/x86_64/NCAnalysisUGens.scx
0x000000011d53e000 	/Users/srmullen/source/sounds/sounds/target/native/macosx/x86_64/NoiseUGens.scx
0x000000011d545000 	/Users/srmullen/source/sounds/sounds/target/native/macosx/x86_64/OscUGens.scx
0x000000011d777000 	/Users/srmullen/source/sounds/sounds/target/native/macosx/x86_64/PanUGens.scx
0x000000011d780000 	/Users/srmullen/source/sounds/sounds/target/native/macosx/x86_64/PhysicalModelingUGens.scx
0x000000011d784000 	/Users/srmullen/source/sounds/sounds/target/native/macosx/x86_64/PitchDetection.scx
0x000000011d78b000 	/Users/srmullen/source/sounds/sounds/target/native/macosx/x86_64/PV_ThirdParty.scx
0x000000011d79f000 	/Users/srmullen/source/sounds/sounds/target/native/macosx/x86_64/ReverbUGens.scx
0x000000011d7a7000 	/Users/srmullen/source/sounds/sounds/target/native/macosx/x86_64/RFWUGens.scx
0x000000011d7ab000 	/Users/srmullen/source/sounds/sounds/target/native/macosx/x86_64/RMEQSuite.scx
0x000000011d7b3000 	/Users/srmullen/source/sounds/sounds/target/native/macosx/x86_64/SLUGens.scx
0x000000011da54000 	/Users/srmullen/source/sounds/sounds/target/native/macosx/x86_64/StkUGens.scx
0x000000011d7c2000 	/Users/srmullen/source/sounds/sounds/target/native/macosx/x86_64/SummerUGens.scx
0x000000011d7c7000 	/Users/srmullen/source/sounds/sounds/target/native/macosx/x86_64/TagSystemUgens.scx
0x000000011d7cd000 	/Users/srmullen/source/sounds/sounds/target/native/macosx/x86_64/TestUGens.scx
0x000000011d7d1000 	/Users/srmullen/source/sounds/sounds/target/native/macosx/x86_64/TJUGens.scx
0x000000011d7db000 	/Users/srmullen/source/sounds/sounds/target/native/macosx/x86_64/TriggerUGens.scx
0x000000011d7e7000 	/Users/srmullen/source/sounds/sounds/target/native/macosx/x86_64/UnaryOpUGens.scx
0x000000011d7fd000 	/Users/srmullen/source/sounds/sounds/target/native/macosx/x86_64/UnpackFFTUGens.scx
0x000000011d809000 	/Users/srmullen/source/sounds/sounds/target/native/macosx/x86_64/VBAP.scx
0x000000011d80f000 	/Users/srmullen/source/sounds/sounds/target/native/macosx/x86_64/VOSIM.scx

VM Arguments:
jvm_args: -Dfile.encoding=UTF-8 -Dclojure.compile.path=/Users/srmullen/source/sounds/sounds/target/classes -Dsounds.version=0.1.0-SNAPSHOT -Dclojure.debug=false -Djava.library.path=/Users/srmullen/source/sounds/sounds/target/native/macosx/x86_64 
java_command: clojure.main -i /private/var/folders/82/jx95ls9s6m127dcfhyxhnpyw0000gn/T/form-init6510288386909957200.clj
java_class_path (initial): /Users/srmullen/source/sounds/sounds/test:/Users/srmullen/source/sounds/sounds/src:/Users/srmullen/source/sounds/sounds/dev-resources:/Users/srmullen/source/sounds/sounds/resources:/Users/srmullen/source/sounds/sounds/target/classes:/Users/srmullen/.m2/repository/clojure-complete/clojure-complete/0.2.3/clojure-complete-0.2.3.jar:/Users/srmullen/.m2/repository/org/clojure/tools.analyzer/0.1.0-beta12/tools.analyzer-0.1.0-beta12.jar:/Users/srmullen/.m2/repository/org/tcrawley/dynapath/0.2.3/dynapath-0.2.3.jar:/Users/srmullen/.m2/repository/overtone/scsynth-extras/3.5.7.0/scsynth-extras-3.5.7.0.jar:/Users/srmullen/.m2/repository/net/java/dev/jna/jna/3.4.0/jna-3.4.0.jar:/Users/srmullen/.m2/repository/org/clojure/tools.analyzer.jvm/0.1.0-beta12/tools.analyzer.jvm-0.1.0-beta12.jar:/Users/srmullen/.m2/repository/org/clojure/core.cache/0.6.3/core.cache-0.6.3.jar:/Users/srmullen/.m2/repository/overtone/at-at/1.2.0/at-at-1.2.0.jar:/Users/srmullen/.m2/repository/overtone/byte-spec/0.3.1/byte-spec-0.3.1.jar:/Users/srmullen/.m2/repository/overtone/osc-clj/0.9.0/osc-clj-0.9.0.jar:/Users/srmullen/.m2/repository/org/clojure/java.classpath/0.2.0/java.classpath-0.2.0.jar:/Users/srmullen/.m2/repository/org/clojure/math.numeric-tower/0.0.4/math.numeric-tower-0.0.4.jar:/Users/srmullen/.m2/repository/cider/cider-nrepl/0.7.0/cider-nrepl-0.7.0.jar:/Users/srmullen/.m2/repository/compliment/compliment/0.1.3/compliment-0.1.3.jar:/Users/srmullen/.m2/repository/overtone/libs.handlers/0.2.0/libs.handlers-0.2.0.jar:/Users/srmullen/.m2/repository/leipzig/leipzig/0.9.0/leipzig-0.9.0.jar:/Users/srmullen/.m2/repository/org/clojure/clojure/1.7.0/clojure-1.7.0.jar:/Users/srmullen/.m2/repository/overtone/scsynth/3.5.7.0/scsynth-3.5.7.0.jar:/Users/srmullen/.m2/repository/org/ow2/asm/asm-all/4.1/asm-all-4.1.jar:/Users/srmullen/.m2/repository/org/clojure/core.memoize/0.5.6/core.memoize-0.5.6.jar:/Users/srmullen/.m2/repository/commons-net/commons-net/3.0.1/commons-net-3.0.1.jar:/
Launcher Type: SUN_STANDARD

Environment Variables:
CLASSPATH=/Users/srmullen/.lein/self-installs/leiningen-2.5.3-standalone.jar
PATH=/opt/local/bin:/opt/local/sbin:/opt/local/bin:/opt/local/sbin:/Library/Frameworks/Python.framework/Versions/2.7/bin:/Users/srmullen/.rvm/gems/ruby-1.9.3-p125/bin:/Users/srmullen/.rvm/gems/ruby-1.9.3-p125@global/bin:/Users/srmullen/.rvm/rubies/ruby-1.9.3-p125/bin:/Users/srmullen/.rvm/bin:/Users/srmullen/.rvm/bin:/Applications/Postgres.app/Contents/MacOS/bin:/usr/local/bin:/usr/bin:/bin:/usr/sbin:/sbin:/usr/local/bin:/opt/X11/bin:/usr/local/git/bin
SHELL=/bin/bash
DISPLAY=/private/tmp/com.apple.launchd.1GilfJ6h0U/org.macosforge.xquartz:0

Signal Handlers:
SIGSEGV: [libjvm.dylib+0x56059b], sa_mask[0]=0xfffefeff, sa_flags=0x00000043
SIGBUS: [libjvm.dylib+0x56059b], sa_mask[0]=0xfffefeff, sa_flags=0x00000042
SIGFPE: [libjvm.dylib+0x4438f2], sa_mask[0]=0xfffefeff, sa_flags=0x00000042
SIGPIPE: [libjvm.dylib+0x4438f2], sa_mask[0]=0xfffefeff, sa_flags=0x00000042
SIGXFSZ: [libjvm.dylib+0x4438f2], sa_mask[0]=0xfffefeff, sa_flags=0x00000042
SIGILL: [libjvm.dylib+0x4438f2], sa_mask[0]=0xfffefeff, sa_flags=0x00000042
SIGUSR1: SIG_DFL, sa_mask[0]=0x63807efb, sa_flags=0x00000000
SIGUSR2: [libjvm.dylib+0x443410], sa_mask[0]=0x00000004, sa_flags=0x00000042
SIGHUP: [libjvm.dylib+0x44179b], sa_mask[0]=0xfffefeff, sa_flags=0x00000042
SIGINT: [libjvm.dylib+0x44179b], sa_mask[0]=0xfffefeff, sa_flags=0x00000042
SIGTERM: [libjvm.dylib+0x44179b], sa_mask[0]=0xfffefeff, sa_flags=0x00000042
SIGQUIT: [libjvm.dylib+0x44179b], sa_mask[0]=0xfffefeff, sa_flags=0x00000042


---------------  S Y S T E M  ---------------

OS:Bsduname:Darwin 15.3.0 Darwin Kernel Version 15.3.0: Thu Dec 10 18:40:58 PST 2015; root:xnu-3248.30.4~1/RELEASE_X86_64 x86_64
rlimit: STACK 8192k, CORE 0k, NPROC 709, NOFILE 10240, AS infinity
load average:3.52 2.02 1.87

CPU:total 8 (4 cores per cpu, 2 threads per core) family 6 model 42 stepping 7, cmov, cx8, fxsr, mmx, sse, sse2, sse3, ssse3, sse4.1, sse4.2, popcnt, avx, aes, clmul, ht, tsc, tscinvbit

Memory: 4k page, physical 8388608k(3864k free)

/proc/meminfo:


vm_info: Java HotSpot(TM) 64-Bit Server VM (25.11-b03) for bsd-amd64 JRE (1.8.0_11-b12), built on Jun 16 2014 17:39:42 by "java_re" with gcc 4.2.1 (Based on Apple Inc. build 5658) (LLVM build 2336.11.00)

time: Sat Mar 12 10:09:04 2016
elapsed time: 71068 seconds

