#
# A fatal error has been detected by the Java Runtime Environment:
#
#  SIGSEGV (0xb) at pc=0x0000000122664de0, pid=9132, tid=92931
#
# JRE version: Java(TM) SE Runtime Environment (8.0_11-b12) (build 1.8.0_11-b12)
# Java VM: Java HotSpot(TM) 64-Bit Server VM (25.11-b03 mixed mode bsd-amd64 compressed oops)
# Problematic frame:
# C  [PanUGens.scx+0x4de0]  Pan2_next_ak_nova(Pan2*, int)+0x230
#
# Failed to write core dump. Core dumps have been disabled. To enable core dumping, try "ulimit -c unlimited" before starting Java again
#
# If you would like to submit a bug report, please visit:
#   http://bugreport.sun.com/bugreport/crash.jsp
#

---------------  T H R E A D  ---------------

Current thread is native thread

siginfo:si_signo=SIGSEGV: si_errno=0, si_code=0 (SEGV0), si_addr=0x0000000000000000

Registers:
RAX=0x0000000128d61f48, RBX=0x0000000000000004, RCX=0x00007fdc973c8f30, RDX=0x00007fdc973c8e30
RSP=0x0000700004474ae8, RBP=0xda9b0987104a3088, RSI=0x0000000000000004, RDI=0x0000000128d6233c
R8 =0x0000000128d61edc, R9 =0x000000000017c6f8, R10=0x00000000000be37c, R11=0x0000000005f1be00
R12=0x0000000000000003, R13=0x4330000000000000, R14=0x0000000000000007, R15=0x0000000128d61f60
RIP=0x0000000122664de0, EFLAGS=0x0000000000010202, ERR=0x0000000000000000
  TRAPNO=0x000000000000000d

Top of Stack: (sp=0x0000700004474ae8)
0x0000700004474ae8:   0000000128a55dce 0000000000000000
0x0000700004474af8:   4530000000000000 4330000000000000
0x0000700004474b08:   0000000000003b68 00007fdc99d7d940
0x0000700004474b18:   0000000128a59907 0000000128d54400
0x0000700004474b28:   0000000128a59907 0000000000000000
0x0000700004474b38:   0000000128a59907 0000000128d54480
0x0000700004474b48:   0000000128a59907 0000000000000000
0x0000700004474b58:   0000000128a59907 00007fdc97c35800
0x0000700004474b68:   0000000128a54ef1 0000668eccb24ce6
0x0000700004474b78:   0101000000000000 00000000005f1bf3
0x0000700004474b88:   00000008070bda00 00007fdc99d7ec10
0x0000700004474b98:   0000004000000000 da9b09871108686e
0x0000700004474ba8:   2564f678ef56b385 fffffff700000000
0x0000700004474bb8:   0000000000000040 0000000121ce60e0
0x0000700004474bc8:   3ee5888000000000 0000000000000200
0x0000700004474bd8:   0000000000000200 0000000100000001
0x0000700004474be8:   2564f678efb5cf78 da9b098710a94c7b
0x0000700004474bf8:   4280687100000000 00000008fffffff7
0x0000700004474c08:   0000000000000040 00007fdc99cb0ae0
0x0000700004474c18:   0000000121cce000 00007fdc93cb22a0
0x0000700004474c28:   0000000121f02000 0000000000000000
0x0000700004474c38:   0000000000000100 0000000000000100
0x0000700004474c48:   0000000000000008 0000000000000040
0x0000700004474c58:   00007fdc97c35800 00003b68783130f8
0x0000700004474c68:   00007fff8f01941e 0000668ecd681af4
0x0000700004474c78:   4530000000000000 00007fdc99d7ec00
0x0000700004474c88:   0000000121ec90e0 4530000000000000
0x0000700004474c98:   4330000000000000 00007fdc99d7ec00
0x0000700004474ca8:   00007fdc99d7d940 da9b0987104a3088
0x0000700004474cb8:   0000000128a51f9a 0000700004474cf0
0x0000700004474cc8:   00007fdc95b1a800 00007fdc99e23060
0x0000700004474cd8:   000000000000000c 00007fdc99e23060 

Instructions: (pc=0x0000000122664de0)
0x0000000122664dc0:   48 8b 11 48 8b 49 08 48 83 c1 30 48 83 c2 30 c1
0x0000000122664dd0:   ee 04 ff ce 48 ff c6 66 0f 1f 84 00 00 00 00 00
0x0000000122664de0:   0f 28 50 d0 0f 28 da 0f 59 d9 0f 29 5a d0 0f 59
0x0000000122664df0:   d0 0f 29 51 d0 0f 28 50 e0 0f 28 da 0f 59 d9 0f 

Register to memory mapping:

RAX=0x0000000128d61f48 is an unknown value
RBX=0x0000000000000004 is an unknown value
RCX=0x00007fdc973c8f30 is an unknown value
RDX=0x00007fdc973c8e30 is an unknown value
RSP=0x0000700004474ae8 is an unknown value
RBP=0xda9b0987104a3088 is an unknown value
RSI=0x0000000000000004 is an unknown value
RDI=0x0000000128d6233c is an unknown value
R8 =0x0000000128d61edc is an unknown value
R9 =0x000000000017c6f8 is an unknown value
R10=0x00000000000be37c is an unknown value
R11=0x0000000005f1be00 is an unknown value
R12=0x0000000000000003 is an unknown value
R13=0x4330000000000000 is an unknown value
R14=0x0000000000000007 is an unknown value
R15=0x0000000128d61f60 is an unknown value


Stack: [0x00007000043f5000,0x0000700004475000],  sp=0x0000700004474ae8,  free space=510k
Native frames: (J=compiled Java code, j=interpreted, Vv=VM code, C=native code)
C  [PanUGens.scx+0x4de0]  Pan2_next_ak_nova(Pan2*, int)+0x230

[error occurred during error reporting (printing native stack), id 0xb]


---------------  P R O C E S S  ---------------

VM state:not at safepoint (normal execution)

VM Mutex/Monitor currently owned by a thread: None

Heap:
 PSYoungGen      total 233984K, used 182793K [0x0000000795580000, 0x00000007a5d80000, 0x00000007c0000000)
  eden space 198656K, 87% used [0x0000000795580000,0x000000079fe963e0,0x00000007a1780000)
  from space 35328K, 27% used [0x00000007a3b00000,0x00000007a446c320,0x00000007a5d80000)
  to   space 35840K, 0% used [0x00000007a1780000,0x00000007a1780000,0x00000007a3a80000)
 ParOldGen       total 65536K, used 54882K [0x0000000740000000, 0x0000000744000000, 0x0000000795580000)
  object space 65536K, 83% used [0x0000000740000000,0x0000000743598b40,0x0000000744000000)
 Metaspace       used 60950K, capacity 83221K, committed 83448K, reserved 1110016K
  class space    used 16173K, capacity 23683K, committed 23800K, reserved 1048576K

Card table byte_map: [0x0000000118681000,0x0000000118a82000] byte_map_base: 0x0000000114c81000

Marking Bits: (ParMarkBitMap*) 0x0000000108c670a0
 Begin Bits: [0x0000000118d2d000, 0x000000011ad2d000)
 End Bits:   [0x000000011ad2d000, 0x000000011cd2d000)

Polling page: 0x0000000107361000

CodeCache: size=245760Kb used=25193Kb max_used=25205Kb free=220566Kb
 bounds [0x00000001092c1000, 0x000000010ab81000, 0x00000001182c1000]
 total_blobs=6263 nmethods=5729 adapters=448
 compilation: enabled

Compilation events (10 events):
Event: 52.000 Thread 0x00007fdc92048800 nmethod 7759 0x000000010ab666d0 code [0x000000010ab66820, 0x000000010ab669d0]
Event: 52.469 Thread 0x00007fdc92048800 7760       3       clojure.core$vals::invoke (7 bytes)
Event: 52.470 Thread 0x00007fdc92048800 nmethod 7760 0x000000010ab56510 code [0x000000010ab566e0, 0x000000010ab56e18]
Event: 53.632 Thread 0x00007fdc92048800 7761       3       overtone.osc.encode$encode_string::invoke (10 bytes)
Event: 53.632 Thread 0x00007fdc92048800 nmethod 7761 0x000000010ab66350 code [0x000000010ab664c0, 0x000000010ab66648]
Event: 53.632 Thread 0x00007fdc92048800 7762       3       overtone.osc.encode$encode_string::invokeStatic (62 bytes)
Event: 53.633 Thread 0x00007fdc92048800 nmethod 7762 0x000000010ab55310 code [0x000000010ab55520, 0x000000010ab56068]
Event: 53.638 Thread 0x00007fdc92047000 7763       4       clojure.core$fn__6092::invoke (10 bytes)
Event: 53.639 Thread 0x00007fdc95804000 7764       4       clojure.core$pr::invoke (7 bytes)
Event: 53.640 Thread 0x00007fdc95804000 nmethod 7764 0x000000010ab57e90 code [0x000000010ab57fe0, 0x000000010ab580d8]

GC Heap History (10 events):
Event: 27.822 GC heap before
{Heap before GC invocations=47 (full 4):
 PSYoungGen      total 210432K, used 204811K [0x0000000795580000, 0x00000007a4480000, 0x00000007c0000000)
  eden space 181248K, 100% used [0x0000000795580000,0x00000007a0680000,0x00000007a0680000)
  from space 29184K, 80% used [0x00000007a2500000,0x00000007a3c02c78,0x00000007a4180000)
  to   space 31232K, 0% used [0x00000007a0680000,0x00000007a0680000,0x00000007a2500000)
 ParOldGen       total 54272K, used 40857K [0x0000000740000000, 0x0000000743500000, 0x0000000795580000)
  object space 54272K, 75% used [0x0000000740000000,0x00000007427e6690,0x0000000743500000)
 Metaspace       used 54664K, capacity 72477K, committed 72704K, reserved 1101824K
  class space    used 14363K, capacity 20452K, committed 20480K, reserved 1048576K
Event: 27.839 GC heap after
Heap after GC invocations=47 (full 4):
 PSYoungGen      total 212480K, used 24400K [0x0000000795580000, 0x00000007a5100000, 0x00000007c0000000)
  eden space 181248K, 0% used [0x0000000795580000,0x0000000795580000,0x00000007a0680000)
  from space 31232K, 78% used [0x00000007a0680000,0x00000007a1e54040,0x00000007a2500000)
  to   space 33280K, 0% used [0x00000007a3080000,0x00000007a3080000,0x00000007a5100000)
 ParOldGen       total 54272K, used 41461K [0x0000000740000000, 0x0000000743500000, 0x0000000795580000)
  object space 54272K, 76% used [0x0000000740000000,0x000000074287d610,0x0000000743500000)
 Metaspace       used 54664K, capacity 72477K, committed 72704K, reserved 1101824K
  class space    used 14363K, capacity 20452K, committed 20480K, reserved 1048576K
}
Event: 28.432 GC heap before
{Heap before GC invocations=48 (full 4):
 PSYoungGen      total 212480K, used 205648K [0x0000000795580000, 0x00000007a5100000, 0x00000007c0000000)
  eden space 181248K, 100% used [0x0000000795580000,0x00000007a0680000,0x00000007a0680000)
  from space 31232K, 78% used [0x00000007a0680000,0x00000007a1e54040,0x00000007a2500000)
  to   space 33280K, 0% used [0x00000007a3080000,0x00000007a3080000,0x00000007a5100000)
 ParOldGen       total 54272K, used 41461K [0x0000000740000000, 0x0000000743500000, 0x0000000795580000)
  object space 54272K, 76% used [0x0000000740000000,0x000000074287d610,0x0000000743500000)
 Metaspace       used 56394K, capacity 76203K, committed 76416K, reserved 1103872K
  class space    used 14867K, capacity 21558K, committed 21632K, reserved 1048576K
Event: 28.452 GC heap after
Heap after GC invocations=48 (full 4):
 PSYoungGen      total 222208K, used 25091K [0x0000000795580000, 0x00000007a5480000, 0x00000007c0000000)
  eden space 188928K, 0% used [0x0000000795580000,0x0000000795580000,0x00000007a0e00000)
  from space 33280K, 75% used [0x00000007a3080000,0x00000007a4900d88,0x00000007a5100000)
  to   space 35328K, 0% used [0x00000007a0e00000,0x00000007a0e00000,0x00000007a3080000)
 ParOldGen       total 54272K, used 42873K [0x0000000740000000, 0x0000000743500000, 0x0000000795580000)
  object space 54272K, 78% used [0x0000000740000000,0x00000007429de680,0x0000000743500000)
 Metaspace       used 56394K, capacity 76203K, committed 76416K, reserved 1103872K
  class space    used 14867K, capacity 21558K, committed 21632K, reserved 1048576K
}
Event: 28.826 GC heap before
{Heap before GC invocations=49 (full 4):
 PSYoungGen      total 222208K, used 106202K [0x0000000795580000, 0x00000007a5480000, 0x00000007c0000000)
  eden space 188928K, 42% used [0x0000000795580000,0x000000079a4b5c20,0x00000007a0e00000)
  from space 33280K, 75% used [0x00000007a3080000,0x00000007a4900d88,0x00000007a5100000)
  to   space 35328K, 0% used [0x00000007a0e00000,0x00000007a0e00000,0x00000007a3080000)
 ParOldGen       total 54272K, used 42873K [0x0000000740000000, 0x0000000743500000, 0x0000000795580000)
  object space 54272K, 78% used [0x0000000740000000,0x00000007429de680,0x0000000743500000)
 Metaspace       used 58161K, capacity 79005K, committed 79096K, reserved 1105920K
  class space    used 15394K, capacity 22431K, committed 22520K, reserved 1048576K
Event: 28.844 GC heap after
Heap after GC invocations=49 (full 4):
 PSYoungGen      total 224256K, used 24960K [0x0000000795580000, 0x00000007a5e80000, 0x00000007c0000000)
  eden space 188928K, 0% used [0x0000000795580000,0x0000000795580000,0x00000007a0e00000)
  from space 35328K, 70% used [0x00000007a0e00000,0x00000007a2660050,0x00000007a3080000)
  to   space 36352K, 0% used [0x00000007a3b00000,0x00000007a3b00000,0x00000007a5e80000)
 ParOldGen       total 54272K, used 44004K [0x0000000740000000, 0x0000000743500000, 0x0000000795580000)
  object space 54272K, 81% used [0x0000000740000000,0x0000000742af91d0,0x0000000743500000)
 Metaspace       used 58161K, capacity 79005K, committed 79096K, reserved 1105920K
  class space    used 15394K, capacity 22431K, committed 22520K, reserved 1048576K
}
Event: 28.844 GC heap before
{Heap before GC invocations=50 (full 5):
 PSYoungGen      total 224256K, used 24960K [0x0000000795580000, 0x00000007a5e80000, 0x00000007c0000000)
  eden space 188928K, 0% used [0x0000000795580000,0x0000000795580000,0x00000007a0e00000)
  from space 35328K, 70% used [0x00000007a0e00000,0x00000007a2660050,0x00000007a3080000)
  to   space 36352K, 0% used [0x00000007a3b00000,0x00000007a3b00000,0x00000007a5e80000)
 ParOldGen       total 54272K, used 44004K [0x0000000740000000, 0x0000000743500000, 0x0000000795580000)
  object space 54272K, 81% used [0x0000000740000000,0x0000000742af91d0,0x0000000743500000)
 Metaspace       used 58161K, capacity 79005K, committed 79096K, reserved 1105920K
  class space    used 15394K, capacity 22431K, committed 22520K, reserved 1048576K
Event: 29.248 GC heap after
Heap after GC invocations=50 (full 5):
 PSYoungGen      total 224256K, used 7822K [0x0000000795580000, 0x00000007a5e80000, 0x00000007c0000000)
  eden space 188928K, 0% used [0x0000000795580000,0x0000000795580000,0x00000007a0e00000)
  from space 35328K, 22% used [0x00000007a0e00000,0x00000007a15a3840,0x00000007a3080000)
  to   space 36352K, 0% used [0x00000007a3b00000,0x00000007a3b00000,0x00000007a5e80000)
 ParOldGen       total 65536K, used 53798K [0x0000000740000000, 0x0000000744000000, 0x0000000795580000)
  object space 65536K, 82% used [0x0000000740000000,0x0000000743489890,0x0000000744000000)
 Metaspace       used 58161K, capacity 79005K, committed 79096K, reserved 1105920K
  class space    used 15394K, capacity 22431K, committed 22520K, reserved 1048576K
}
Event: 31.645 GC heap before
{Heap before GC invocations=51 (full 5):
 PSYoungGen      total 224256K, used 196750K [0x0000000795580000, 0x00000007a5e80000, 0x00000007c0000000)
  eden space 188928K, 100% used [0x0000000795580000,0x00000007a0e00000,0x00000007a0e00000)
  from space 35328K, 22% used [0x00000007a0e00000,0x00000007a15a3840,0x00000007a3080000)
  to   space 36352K, 0% used [0x00000007a3b00000,0x00000007a3b00000,0x00000007a5e80000)
 ParOldGen       total 65536K, used 53798K [0x0000000740000000, 0x0000000744000000, 0x0000000795580000)
  object space 65536K, 82% used [0x0000000740000000,0x0000000743489890,0x0000000744000000)
 Metaspace       used 60742K, capacity 82823K, committed 83064K, reserved 1107968K
  class space    used 16149K, capacity 23593K, committed 23672K, reserved 1048576K
Event: 31.662 GC heap after
Heap after GC invocations=51 (full 5):
 PSYoungGen      total 233984K, used 9648K [0x0000000795580000, 0x00000007a5d80000, 0x00000007c0000000)
  eden space 198656K, 0% used [0x0000000795580000,0x0000000795580000,0x00000007a1780000)
  from space 35328K, 27% used [0x00000007a3b00000,0x00000007a446c320,0x00000007a5d80000)
  to   space 35840K, 0% used [0x00000007a1780000,0x00000007a1780000,0x00000007a3a80000)
 ParOldGen       total 65536K, used 54882K [0x0000000740000000, 0x0000000744000000, 0x0000000795580000)
  object space 65536K, 83% used [0x0000000740000000,0x0000000743598b40,0x0000000744000000)
 Metaspace       used 60742K, capacity 82823K, committed 83064K, reserved 1107968K
  class space    used 16149K, capacity 23593K, committed 23672K, reserved 1048576K
}

Deoptimization events (10 events):
Event: 32.145 Thread 0x00007fdc94297000 Uncommon trap: reason=class_check action=maybe_recompile pc=0x0000000109ae948c method=clojure.lang.PersistentHashMap$BitmapIndexedNode.assoc(Ljava/util/concurrent/atomic/AtomicReference;IILjava/lang/Object;Ljava/lang/Object;Lclojure/lang/Box;)Lclojure/lan
Event: 44.444 Thread 0x00007fdc946d5000 Uncommon trap: reason=class_check action=maybe_recompile pc=0x000000010aad62d0 method=clojure.lang.MultiFn.invoke(Ljava/lang/Object;)Ljava/lang/Object; @ 6
Event: 44.444 Thread 0x00007fdc946d5000 Uncommon trap: reason=class_check action=maybe_recompile pc=0x000000010aad62d0 method=clojure.lang.MultiFn.invoke(Ljava/lang/Object;)Ljava/lang/Object; @ 6
Event: 44.445 Thread 0x00007fdc946d5000 Uncommon trap: reason=class_check action=maybe_recompile pc=0x000000010aad62d0 method=clojure.lang.MultiFn.invoke(Ljava/lang/Object;)Ljava/lang/Object; @ 6
Event: 44.445 Thread 0x00007fdc946d5000 Uncommon trap: reason=class_check action=maybe_recompile pc=0x000000010aad62d0 method=clojure.lang.MultiFn.invoke(Ljava/lang/Object;)Ljava/lang/Object; @ 6
Event: 44.445 Thread 0x00007fdc95dfc800 Uncommon trap: reason=class_check action=maybe_recompile pc=0x000000010aaedda4 method=clojure.walk$walk.invokeStatic(Ljava/lang/Object;Ljava/lang/Object;Ljava/lang/Object;)Ljava/lang/Object; @ 178
Event: 44.445 Thread 0x00007fdc95dfc800 Uncommon trap: reason=class_check action=maybe_recompile pc=0x000000010aaeddc8 method=clojure.walk$walk.invokeStatic(Ljava/lang/Object;Ljava/lang/Object;Ljava/lang/Object;)Ljava/lang/Object; @ 57
Event: 44.445 Thread 0x00007fdc95dfc800 Uncommon trap: reason=class_check action=maybe_recompile pc=0x000000010aaedde0 method=clojure.walk$walk.invokeStatic(Ljava/lang/Object;Ljava/lang/Object;Ljava/lang/Object;)Ljava/lang/Object; @ 222
Event: 44.445 Thread 0x00007fdc95dfc800 Uncommon trap: reason=class_check action=maybe_recompile pc=0x000000010aaedde0 method=clojure.walk$walk.invokeStatic(Ljava/lang/Object;Ljava/lang/Object;Ljava/lang/Object;)Ljava/lang/Object; @ 222
Event: 44.484 Thread 0x00007fdc9285e800 Uncommon trap: reason=unreached action=reinterpret pc=0x000000010a27c498 method=clojure.core$fn__5028$fn__5029.invoke(Ljava/lang/Object;Ljava/lang/Object;)Ljava/lang/Object; @ 22

Internal exceptions (10 events):
Event: 32.080 Thread 0x00007fdc94297000 Exception <a 'java/security/PrivilegedActionException'> (0x000000079a623bf0) thrown at [/HUDSON3/workspace/8-2-build-macosx-x86_64/jdk8u11/648/hotspot/src/share/vm/prims/jvm.cpp, line 1248]
Event: 44.487 Thread 0x00007fdc9514d800 Exception <a 'java/security/PrivilegedActionException'> (0x000000079d1e1c40) thrown at [/HUDSON3/workspace/8-2-build-macosx-x86_64/jdk8u11/648/hotspot/src/share/vm/prims/jvm.cpp, line 1248]
Event: 44.487 Thread 0x00007fdc9514d800 Exception <a 'java/security/PrivilegedActionException'> (0x000000079d1e6f68) thrown at [/HUDSON3/workspace/8-2-build-macosx-x86_64/jdk8u11/648/hotspot/src/share/vm/prims/jvm.cpp, line 1248]
Event: 44.487 Thread 0x00007fdc9514d800 Exception <a 'java/security/PrivilegedActionException'> (0x000000079d1e76d8) thrown at [/HUDSON3/workspace/8-2-build-macosx-x86_64/jdk8u11/648/hotspot/src/share/vm/prims/jvm.cpp, line 1248]
Event: 49.917 Thread 0x00007fdc94614000 Exception <a 'java/security/PrivilegedActionException'> (0x000000079e9414e8) thrown at [/HUDSON3/workspace/8-2-build-macosx-x86_64/jdk8u11/648/hotspot/src/share/vm/prims/jvm.cpp, line 1248]
Event: 49.917 Thread 0x00007fdc94614000 Exception <a 'java/security/PrivilegedActionException'> (0x000000079e946810) thrown at [/HUDSON3/workspace/8-2-build-macosx-x86_64/jdk8u11/648/hotspot/src/share/vm/prims/jvm.cpp, line 1248]
Event: 49.917 Thread 0x00007fdc94614000 Exception <a 'java/security/PrivilegedActionException'> (0x000000079e946f80) thrown at [/HUDSON3/workspace/8-2-build-macosx-x86_64/jdk8u11/648/hotspot/src/share/vm/prims/jvm.cpp, line 1248]
Event: 53.633 Thread 0x00007fdc92a34000 Exception <a 'java/security/PrivilegedActionException'> (0x000000079fb594f8) thrown at [/HUDSON3/workspace/8-2-build-macosx-x86_64/jdk8u11/648/hotspot/src/share/vm/prims/jvm.cpp, line 1248]
Event: 53.633 Thread 0x00007fdc92a34000 Exception <a 'java/security/PrivilegedActionException'> (0x000000079fb5e820) thrown at [/HUDSON3/workspace/8-2-build-macosx-x86_64/jdk8u11/648/hotspot/src/share/vm/prims/jvm.cpp, line 1248]
Event: 53.633 Thread 0x00007fdc92a34000 Exception <a 'java/security/PrivilegedActionException'> (0x000000079fb5ef90) thrown at [/HUDSON3/workspace/8-2-build-macosx-x86_64/jdk8u11/648/hotspot/src/share/vm/prims/jvm.cpp, line 1248]

Events (10 events):
Event: 44.487 loading class cemerick/piggieback__init done
Event: 49.914 Thread 0x00007fdc95a38800 Thread added: 0x00007fdc95a38800
Event: 49.915 Thread 0x00007fdc95a38800 Thread exited: 0x00007fdc95a38800
Event: 49.915 Thread 0x00007fdc95a38800 Thread added: 0x00007fdc95a38800
Event: 49.915 Thread 0x00007fdc95a38800 Thread exited: 0x00007fdc95a38800
Event: 49.917 loading class cemerick/piggieback__init
Event: 49.917 loading class cemerick/piggieback__init done
Event: 53.015 Thread 0x00007fdc98ae1800 Thread added: 0x00007fdc98ae1800
Event: 53.633 loading class cemerick/piggieback__init
Event: 53.633 loading class cemerick/piggieback__init done


Dynamic libraries:
0x000000000717d000 	/System/Library/Frameworks/Cocoa.framework/Versions/A/Cocoa
0x000000000717d000 	/System/Library/Frameworks/Security.framework/Versions/A/Security
0x000000000717d000 	/System/Library/Frameworks/ApplicationServices.framework/Versions/A/ApplicationServices
0x000000000717d000 	/usr/lib/libz.1.dylib
0x000000000717d000 	/usr/lib/libSystem.B.dylib
0x000000000717d000 	/usr/lib/libobjc.A.dylib
0x000000000717d000 	/System/Library/Frameworks/CoreFoundation.framework/Versions/A/CoreFoundation
0x000000000717d000 	/System/Library/Frameworks/Foundation.framework/Versions/C/Foundation
0x000000000717d000 	/System/Library/Frameworks/AppKit.framework/Versions/C/AppKit
0x000000000717d000 	/System/Library/Frameworks/CoreData.framework/Versions/A/CoreData
0x000000000717d000 	/System/Library/PrivateFrameworks/RemoteViewServices.framework/Versions/A/RemoteViewServices
0x000000000717d000 	/System/Library/PrivateFrameworks/UIFoundation.framework/Versions/A/UIFoundation
0x000000000717d000 	/usr/lib/libScreenReader.dylib
0x000000000717d000 	/System/Library/Frameworks/Accelerate.framework/Versions/A/Accelerate
0x000000000717d000 	/System/Library/Frameworks/IOSurface.framework/Versions/A/IOSurface
0x000000000717d000 	/System/Library/Frameworks/AudioToolbox.framework/Versions/A/AudioToolbox
0x000000000717d000 	/System/Library/Frameworks/AudioUnit.framework/Versions/A/AudioUnit
0x000000000717d000 	/System/Library/PrivateFrameworks/DataDetectorsCore.framework/Versions/A/DataDetectorsCore
0x000000000717d000 	/System/Library/PrivateFrameworks/DesktopServicesPriv.framework/Versions/A/DesktopServicesPriv
0x000000000717d000 	/System/Library/Frameworks/Carbon.framework/Versions/A/Frameworks/HIToolbox.framework/Versions/A/HIToolbox
0x000000000717d000 	/System/Library/Frameworks/QuartzCore.framework/Versions/A/QuartzCore
0x000000000717d000 	/System/Library/Frameworks/Carbon.framework/Versions/A/Frameworks/SpeechRecognition.framework/Versions/A/SpeechRecognition
0x000000000717d000 	/usr/lib/libauto.dylib
0x000000000717d000 	/usr/lib/libicucore.A.dylib
0x000000000717d000 	/usr/lib/libxml2.2.dylib
0x000000000717d000 	/System/Library/PrivateFrameworks/CoreUI.framework/Versions/A/CoreUI
0x000000000717d000 	/System/Library/Frameworks/CoreAudio.framework/Versions/A/CoreAudio
0x000000000717d000 	/System/Library/Frameworks/DiskArbitration.framework/Versions/A/DiskArbitration
0x000000000717d000 	/usr/lib/liblangid.dylib
0x000000000717d000 	/System/Library/PrivateFrameworks/MultitouchSupport.framework/Versions/A/MultitouchSupport
0x000000000717d000 	/System/Library/Frameworks/IOKit.framework/Versions/A/IOKit
0x000000000717d000 	/usr/lib/libDiagnosticMessagesClient.dylib
0x000000000717d000 	/System/Library/Frameworks/CoreServices.framework/Versions/A/CoreServices
0x000000000717d000 	/System/Library/PrivateFrameworks/PerformanceAnalysis.framework/Versions/A/PerformanceAnalysis
0x000000000717d000 	/System/Library/PrivateFrameworks/GenerationalStorage.framework/Versions/A/GenerationalStorage
0x000000000717d000 	/System/Library/Frameworks/OpenGL.framework/Versions/A/OpenGL
0x000000000717d000 	/System/Library/PrivateFrameworks/Sharing.framework/Versions/A/Sharing
0x000000000717d000 	/System/Library/Frameworks/CoreGraphics.framework/Versions/A/CoreGraphics
0x000000000717d000 	/System/Library/Frameworks/CoreImage.framework/Versions/A/CoreImage
0x000000000717d000 	/System/Library/Frameworks/CoreText.framework/Versions/A/CoreText
0x000000000717d000 	/System/Library/Frameworks/ImageIO.framework/Versions/A/ImageIO
0x000000000717d000 	/System/Library/PrivateFrameworks/Backup.framework/Versions/A/Backup
0x000000000717d000 	/usr/lib/libextension.dylib
0x000000000717d000 	/usr/lib/libarchive.2.dylib
0x000000000717d000 	/System/Library/Frameworks/CFNetwork.framework/Versions/A/CFNetwork
0x000000000717d000 	/System/Library/Frameworks/SystemConfiguration.framework/Versions/A/SystemConfiguration
0x000000000717d000 	/usr/lib/libCRFSuite.dylib
0x000000000717d000 	/usr/lib/libc++.1.dylib
0x000000000717d000 	/usr/lib/libc++abi.dylib
0x000000000717d000 	/usr/lib/system/libcache.dylib
0x000000000717d000 	/usr/lib/system/libcommonCrypto.dylib
0x000000000717d000 	/usr/lib/system/libcompiler_rt.dylib
0x000000000717d000 	/usr/lib/system/libcopyfile.dylib
0x000000000717d000 	/usr/lib/system/libcorecrypto.dylib
0x000000000717d000 	/usr/lib/system/libdispatch.dylib
0x000000000717d000 	/usr/lib/system/libdyld.dylib
0x000000000717d000 	/usr/lib/system/libkeymgr.dylib
0x000000000717d000 	/usr/lib/system/liblaunch.dylib
0x000000000717d000 	/usr/lib/system/libmacho.dylib
0x000000000717d000 	/usr/lib/system/libquarantine.dylib
0x000000000717d000 	/usr/lib/system/libremovefile.dylib
0x000000000717d000 	/usr/lib/system/libsystem_asl.dylib
0x000000000717d000 	/usr/lib/system/libsystem_blocks.dylib
0x000000000717d000 	/usr/lib/system/libsystem_c.dylib
0x000000000717d000 	/usr/lib/system/libsystem_configuration.dylib
0x000000000717d000 	/usr/lib/system/libsystem_coreservices.dylib
0x000000000717d000 	/usr/lib/system/libsystem_coretls.dylib
0x000000000717d000 	/usr/lib/system/libsystem_dnssd.dylib
0x000000000717d000 	/usr/lib/system/libsystem_info.dylib
0x000000000717d000 	/usr/lib/system/libsystem_kernel.dylib
0x000000000717d000 	/usr/lib/system/libsystem_m.dylib
0x000000000717d000 	/usr/lib/system/libsystem_malloc.dylib
0x000000000717d000 	/usr/lib/system/libsystem_network.dylib
0x000000000717d000 	/usr/lib/system/libsystem_networkextension.dylib
0x000000000717d000 	/usr/lib/system/libsystem_notify.dylib
0x000000000717d000 	/usr/lib/system/libsystem_platform.dylib
0x000000000717d000 	/usr/lib/system/libsystem_pthread.dylib
0x000000000717d000 	/usr/lib/system/libsystem_sandbox.dylib
0x000000000717d000 	/usr/lib/system/libsystem_secinit.dylib
0x000000000717d000 	/usr/lib/system/libsystem_trace.dylib
0x000000000717d000 	/usr/lib/system/libunc.dylib
0x000000000717d000 	/usr/lib/system/libunwind.dylib
0x000000000717d000 	/usr/lib/system/libxpc.dylib
0x000000000717d000 	/usr/lib/libenergytrace.dylib
0x000000000717d000 	/usr/lib/libbsm.0.dylib
0x000000000717d000 	/usr/lib/system/libkxld.dylib
0x000000000717d000 	/usr/lib/libxar.1.dylib
0x000000000717d000 	/usr/lib/libsqlite3.dylib
0x000000000717d000 	/usr/lib/libpam.2.dylib
0x000000000717d000 	/usr/lib/libOpenScriptingUtil.dylib
0x000000000717d000 	/usr/lib/libbz2.1.0.dylib
0x000000000717d000 	/usr/lib/liblzma.5.dylib
0x000000000717d000 	/System/Library/Frameworks/CoreServices.framework/Versions/A/Frameworks/FSEvents.framework/Versions/A/FSEvents
0x000000000717d000 	/System/Library/Frameworks/CoreServices.framework/Versions/A/Frameworks/CarbonCore.framework/Versions/A/CarbonCore
0x000000000717d000 	/System/Library/Frameworks/CoreServices.framework/Versions/A/Frameworks/Metadata.framework/Versions/A/Metadata
0x000000000717d000 	/System/Library/Frameworks/CoreServices.framework/Versions/A/Frameworks/OSServices.framework/Versions/A/OSServices
0x000000000717d000 	/System/Library/Frameworks/CoreServices.framework/Versions/A/Frameworks/SearchKit.framework/Versions/A/SearchKit
0x000000000717d000 	/System/Library/Frameworks/CoreServices.framework/Versions/A/Frameworks/AE.framework/Versions/A/AE
0x000000000717d000 	/System/Library/Frameworks/CoreServices.framework/Versions/A/Frameworks/LaunchServices.framework/Versions/A/LaunchServices
0x000000000717d000 	/System/Library/Frameworks/CoreServices.framework/Versions/A/Frameworks/DictionaryServices.framework/Versions/A/DictionaryServices
0x000000000717d000 	/System/Library/Frameworks/CoreServices.framework/Versions/A/Frameworks/SharedFileList.framework/Versions/A/SharedFileList
0x000000000717d000 	/System/Library/Frameworks/NetFS.framework/Versions/A/NetFS
0x000000000717d000 	/System/Library/PrivateFrameworks/NetAuth.framework/Versions/A/NetAuth
0x000000000717d000 	/System/Library/PrivateFrameworks/login.framework/Versions/A/Frameworks/loginsupport.framework/Versions/A/loginsupport
0x000000000717d000 	/System/Library/PrivateFrameworks/TCC.framework/Versions/A/TCC
0x000000000717d000 	/usr/lib/libmecabra.dylib
0x000000000717d000 	/System/Library/Frameworks/ApplicationServices.framework/Versions/A/Frameworks/ATS.framework/Versions/A/ATS
0x000000000717d000 	/System/Library/Frameworks/ApplicationServices.framework/Versions/A/Frameworks/ColorSync.framework/Versions/A/ColorSync
0x000000000717d000 	/System/Library/Frameworks/ApplicationServices.framework/Versions/A/Frameworks/HIServices.framework/Versions/A/HIServices
0x000000000717d000 	/System/Library/Frameworks/ApplicationServices.framework/Versions/A/Frameworks/LangAnalysis.framework/Versions/A/LangAnalysis
0x000000000717d000 	/System/Library/Frameworks/ApplicationServices.framework/Versions/A/Frameworks/PrintCore.framework/Versions/A/PrintCore
0x000000000717d000 	/System/Library/Frameworks/ApplicationServices.framework/Versions/A/Frameworks/QD.framework/Versions/A/QD
0x000000000717d000 	/System/Library/Frameworks/ApplicationServices.framework/Versions/A/Frameworks/SpeechSynthesis.framework/Versions/A/SpeechSynthesis
0x000000000717d000 	/System/Library/Frameworks/Metal.framework/Versions/A/Metal
0x000000000717d000 	/System/Library/Frameworks/Accelerate.framework/Versions/A/Frameworks/vImage.framework/Versions/A/vImage
0x000000000717d000 	/System/Library/Frameworks/Accelerate.framework/Versions/A/Frameworks/vecLib.framework/Versions/A/vecLib
0x000000000717d000 	/System/Library/Frameworks/Accelerate.framework/Versions/A/Frameworks/vecLib.framework/Versions/A/libvDSP.dylib
0x000000000717d000 	/System/Library/Frameworks/Accelerate.framework/Versions/A/Frameworks/vecLib.framework/Versions/A/libvMisc.dylib
0x000000000717d000 	/System/Library/Frameworks/Accelerate.framework/Versions/A/Frameworks/vecLib.framework/Versions/A/libLAPACK.dylib
0x000000000717d000 	/System/Library/Frameworks/Accelerate.framework/Versions/A/Frameworks/vecLib.framework/Versions/A/libBLAS.dylib
0x000000000717d000 	/System/Library/Frameworks/Accelerate.framework/Versions/A/Frameworks/vecLib.framework/Versions/A/libLinearAlgebra.dylib
0x000000000717d000 	/System/Library/Frameworks/Accelerate.framework/Versions/A/Frameworks/vecLib.framework/Versions/A/libSparseBLAS.dylib
0x000000000717d000 	/System/Library/PrivateFrameworks/GPUCompiler.framework/libmetal_timestamp.dylib
0x000000000717d000 	/System/Library/Frameworks/OpenGL.framework/Versions/A/Libraries/libCoreFSCache.dylib
0x000000000717d000 	/System/Library/PrivateFrameworks/IOAccelerator.framework/Versions/A/IOAccelerator
0x000000000717d000 	/System/Library/Frameworks/ApplicationServices.framework/Versions/A/Frameworks/ATS.framework/Versions/A/Resources/libFontParser.dylib
0x000000000717d000 	/System/Library/Frameworks/ApplicationServices.framework/Versions/A/Frameworks/ATS.framework/Versions/A/Resources/libFontRegistry.dylib
0x000000000717d000 	/System/Library/PrivateFrameworks/AppleVPA.framework/Versions/A/AppleVPA
0x000000000717d000 	/System/Library/PrivateFrameworks/AppleJPEG.framework/Versions/A/AppleJPEG
0x000000000717d000 	/System/Library/Frameworks/ImageIO.framework/Versions/A/Resources/libJPEG.dylib
0x000000000717d000 	/System/Library/Frameworks/ImageIO.framework/Versions/A/Resources/libTIFF.dylib
0x000000000717d000 	/System/Library/Frameworks/ImageIO.framework/Versions/A/Resources/libPng.dylib
0x000000000717d000 	/System/Library/Frameworks/ImageIO.framework/Versions/A/Resources/libGIF.dylib
0x000000000717d000 	/System/Library/Frameworks/ImageIO.framework/Versions/A/Resources/libJP2.dylib
0x000000000717d000 	/System/Library/Frameworks/ImageIO.framework/Versions/A/Resources/libRadiance.dylib
0x000000000717d000 	/System/Library/Frameworks/CoreVideo.framework/Versions/A/CoreVideo
0x000000000717d000 	/System/Library/Frameworks/OpenGL.framework/Versions/A/Libraries/libGLU.dylib
0x000000000717d000 	/System/Library/Frameworks/OpenGL.framework/Versions/A/Libraries/libGFXShared.dylib
0x000000000717d000 	/System/Library/Frameworks/OpenGL.framework/Versions/A/Libraries/libGL.dylib
0x000000000717d000 	/System/Library/Frameworks/OpenGL.framework/Versions/A/Libraries/libGLImage.dylib
0x000000000717d000 	/System/Library/Frameworks/OpenGL.framework/Versions/A/Libraries/libCVMSPluginSupport.dylib
0x000000000717d000 	/System/Library/Frameworks/OpenGL.framework/Versions/A/Libraries/libCoreVMClient.dylib
0x000000000717d000 	/usr/lib/libcups.2.dylib
0x000000000717d000 	/System/Library/Frameworks/Kerberos.framework/Versions/A/Kerberos
0x000000000717d000 	/System/Library/Frameworks/GSS.framework/Versions/A/GSS
0x000000000717d000 	/usr/lib/libresolv.9.dylib
0x000000000717d000 	/usr/lib/libiconv.2.dylib
0x000000000717d000 	/System/Library/PrivateFrameworks/Heimdal.framework/Versions/A/Heimdal
0x000000000717d000 	/usr/lib/libheimdal-asn1.dylib
0x000000000717d000 	/System/Library/Frameworks/OpenDirectory.framework/Versions/A/OpenDirectory
0x000000000717d000 	/System/Library/PrivateFrameworks/CommonAuth.framework/Versions/A/CommonAuth
0x000000000717d000 	/System/Library/Frameworks/OpenDirectory.framework/Versions/A/Frameworks/CFOpenDirectory.framework/Versions/A/CFOpenDirectory
0x000000000717d000 	/System/Library/Frameworks/SecurityFoundation.framework/Versions/A/SecurityFoundation
0x000000000717d000 	/System/Library/PrivateFrameworks/LanguageModeling.framework/Versions/A/LanguageModeling
0x000000000717d000 	/usr/lib/libmarisa.dylib
0x000000000717d000 	/usr/lib/libChineseTokenizer.dylib
0x000000000717d000 	/usr/lib/libcmph.dylib
0x000000000717d000 	/usr/lib/libcompression.dylib
0x000000000717d000 	/System/Library/Frameworks/ServiceManagement.framework/Versions/A/ServiceManagement
0x000000000717d000 	/usr/lib/libxslt.1.dylib
0x000000000717d000 	/System/Library/Frameworks/Carbon.framework/Versions/A/Frameworks/Ink.framework/Versions/A/Ink
0x000000000717d000 	/usr/lib/libFosl_dynamic.dylib
0x000000000717d000 	/System/Library/PrivateFrameworks/FaceCore.framework/Versions/A/FaceCore
0x000000000717d000 	/System/Library/Frameworks/OpenCL.framework/Versions/A/OpenCL
0x000000000717d000 	/System/Library/PrivateFrameworks/CrashReporterSupport.framework/Versions/A/CrashReporterSupport
0x000000000717d000 	/System/Library/PrivateFrameworks/IconServices.framework/Versions/A/IconServices
0x000000000717d000 	/System/Library/PrivateFrameworks/Apple80211.framework/Versions/A/Apple80211
0x000000000717d000 	/System/Library/Frameworks/CoreWLAN.framework/Versions/A/CoreWLAN
0x000000000717d000 	/System/Library/Frameworks/IOBluetooth.framework/Versions/A/IOBluetooth
0x000000000717d000 	/System/Library/PrivateFrameworks/CoreWiFi.framework/Versions/A/CoreWiFi
0x000000000717d000 	/System/Library/Frameworks/CoreBluetooth.framework/Versions/A/CoreBluetooth
0x000000000717d000 	/System/Library/PrivateFrameworks/ChunkingLibrary.framework/Versions/A/ChunkingLibrary
0x000000000717d000 	/System/Library/PrivateFrameworks/DebugSymbols.framework/Versions/A/DebugSymbols
0x000000000717d000 	/System/Library/PrivateFrameworks/CoreSymbolication.framework/Versions/A/CoreSymbolication
0x000000000717d000 	/System/Library/PrivateFrameworks/Symbolication.framework/Versions/A/Symbolication
0x000000000717d000 	/System/Library/PrivateFrameworks/SpeechRecognitionCore.framework/Versions/A/SpeechRecognitionCore
0x0000000108400000 	/Library/Java/JavaVirtualMachines/jdk1.8.0_11.jdk/Contents/Home/jre/lib/server/libjvm.dylib
0x000000000717d000 	/usr/lib/libstdc++.6.dylib
0x000000010731f000 	/Library/Java/JavaVirtualMachines/jdk1.8.0_11.jdk/Contents/Home/jre/lib/libverify.dylib
0x000000010732d000 	/Library/Java/JavaVirtualMachines/jdk1.8.0_11.jdk/Contents/Home/jre/lib/libjava.dylib
0x000000010736b000 	/Library/Java/JavaVirtualMachines/jdk1.8.0_11.jdk/Contents/Home/jre/lib/libzip.dylib
0x00000001073e5000 	/System/Library/Frameworks/JavaVM.framework/Frameworks/JavaRuntimeSupport.framework/JavaRuntimeSupport
0x000000011f830000 	/System/Library/Frameworks/JavaVM.framework/Versions/A/Frameworks/JavaNativeFoundation.framework/Versions/A/JavaNativeFoundation
0x000000011f845000 	/System/Library/Frameworks/JavaVM.framework/Versions/A/JavaVM
0x000000000717d000 	/System/Library/Frameworks/Carbon.framework/Versions/A/Carbon
0x000000011f852000 	/System/Library/PrivateFrameworks/JavaLaunching.framework/Versions/A/JavaLaunching
0x000000000717d000 	/System/Library/Frameworks/Carbon.framework/Versions/A/Frameworks/CommonPanels.framework/Versions/A/CommonPanels
0x000000000717d000 	/System/Library/Frameworks/Carbon.framework/Versions/A/Frameworks/Help.framework/Versions/A/Help
0x000000000717d000 	/System/Library/Frameworks/Carbon.framework/Versions/A/Frameworks/ImageCapture.framework/Versions/A/ImageCapture
0x000000000717d000 	/System/Library/Frameworks/Carbon.framework/Versions/A/Frameworks/OpenScripting.framework/Versions/A/OpenScripting
0x000000000717d000 	/System/Library/Frameworks/Carbon.framework/Versions/A/Frameworks/Print.framework/Versions/A/Print
0x000000000717d000 	/System/Library/Frameworks/Carbon.framework/Versions/A/Frameworks/SecurityHI.framework/Versions/A/SecurityHI
0x0000000122976000 	/Library/Java/JavaVirtualMachines/jdk1.8.0_11.jdk/Contents/Home/jre/lib/libawt.dylib
0x0000000122a25000 	/Library/Java/JavaVirtualMachines/jdk1.8.0_11.jdk/Contents/Home/jre/lib/./libmlib_image.dylib
0x00000001235a9000 	/Library/Java/JavaVirtualMachines/jdk1.8.0_11.jdk/Contents/Home/jre/lib/libawt_lwawt.dylib
0x00000001211b8000 	/Library/Java/JavaVirtualMachines/jdk1.8.0_11.jdk/Contents/Home/jre/lib/./libosxapp.dylib
0x000000000717d000 	/System/Library/Frameworks/ExceptionHandling.framework/Versions/A/ExceptionHandling
0x000000000717d000 	/System/Library/PrivateFrameworks/CoreServicesInternal.framework/Versions/A/CoreServicesInternal
0x000000000717d000 	/System/Library/Frameworks/CoreGraphics.framework/Versions/A/Resources/libRIP.A.dylib
0x000000000717d000 	/System/Library/Frameworks/Accelerate.framework/Versions/A/Frameworks/vImage.framework/Versions/A/Libraries/libCGInterfaces.dylib
0x000000000717d000 	/System/Library/PrivateFrameworks/FamilyControls.framework/Versions/A/FamilyControls
0x000000000717d000 	/System/Library/PrivateFrameworks/CommerceKit.framework/Versions/A/Frameworks/CommerceCore.framework/Versions/A/CommerceCore
0x000000000717d000 	/System/Library/PrivateFrameworks/SystemAdministration.framework/Versions/A/SystemAdministration
0x000000000717d000 	/System/Library/PrivateFrameworks/AppContainer.framework/Versions/A/AppContainer
0x000000000717d000 	/System/Library/PrivateFrameworks/SecCodeWrapper.framework/Versions/A/SecCodeWrapper
0x000000000717d000 	/System/Library/Frameworks/DirectoryService.framework/Versions/A/DirectoryService
0x000000000717d000 	/System/Library/PrivateFrameworks/DiskImages.framework/Versions/A/DiskImages
0x000000000717d000 	/System/Library/PrivateFrameworks/LoginUIKit.framework/Versions/A/Frameworks/LoginUICore.framework/Versions/A/LoginUICore
0x000000000717d000 	/usr/lib/libCoreStorage.dylib
0x000000000717d000 	/usr/lib/libcsfde.dylib
0x000000000717d000 	/usr/lib/libodfde.dylib
0x000000000717d000 	/System/Library/Frameworks/DiscRecording.framework/Versions/A/DiscRecording
0x000000000717d000 	/usr/lib/libcurl.4.dylib
0x000000000717d000 	/System/Library/PrivateFrameworks/MediaKit.framework/Versions/A/MediaKit
0x000000000717d000 	/System/Library/PrivateFrameworks/ProtectedCloudStorage.framework/Versions/A/ProtectedCloudStorage
0x000000000717d000 	/System/Library/PrivateFrameworks/EFILogin.framework/Versions/A/EFILogin
0x000000000717d000 	/usr/lib/libutil.dylib
0x000000000717d000 	/System/Library/PrivateFrameworks/FindMyDevice.framework/Versions/A/FindMyDevice
0x000000000717d000 	/System/Library/Frameworks/LDAP.framework/Versions/A/LDAP
0x000000000717d000 	/usr/lib/libsasl2.2.dylib
0x000000000717d000 	/System/Library/PrivateFrameworks/CoreDaemon.framework/Versions/B/CoreDaemon
0x000000000717d000 	/usr/lib/libcrypto.0.9.8.dylib
0x000000000717d000 	/System/Library/PrivateFrameworks/AppleSRP.framework/Versions/A/AppleSRP
0x000000000717d000 	/System/Library/PrivateFrameworks/TrustEvaluationAgent.framework/Versions/A/TrustEvaluationAgent
0x00000001213dc000 	/Library/Java/JavaVirtualMachines/jdk1.8.0_11.jdk/Contents/Home/jre/lib/libnet.dylib
0x0000000121dda000 	/Library/Java/JavaVirtualMachines/jdk1.8.0_11.jdk/Contents/Home/jre/lib/libfontmanager.dylib
0x000000000717d000 	/System/Library/Frameworks/OpenGL.framework/Versions/A/Resources/GLEngine.bundle/GLEngine
0x000000000717d000 	/System/Library/Frameworks/OpenGL.framework/Versions/A/Libraries/libGLProgrammability.dylib
0x00000001267e3000 	/System/Library/Extensions/AppleIntelHD3000GraphicsGLDriver.bundle/Contents/MacOS/AppleIntelHD3000GraphicsGLDriver
0x000000000717d000 	/System/Library/PrivateFrameworks/GPUSupport.framework/Versions/A/Libraries/libGPUSupport.dylib
0x00000001213f2000 	/System/Library/Extensions/AMDRadeonX3000GLDriver.bundle/Contents/MacOS/AMDRadeonX3000GLDriver
0x000000000717d000 	/System/Library/PrivateFrameworks/GPUSupport.framework/Versions/A/Libraries/libGPUSupportMercury.dylib
0x0000000126f47000 	/System/Library/Extensions/AMDRadeonX3000GLDriver.bundle/Contents/MacOS/ATIRadeonX3000SCLib.dylib
0x000000000717d000 	/System/Library/Frameworks/OpenGL.framework/Versions/A/Resources/GLRendererFloat.bundle/GLRendererFloat
0x000000000717d000 	/System/Library/Frameworks/OpenCL.framework/Versions/A/Libraries/libcldcpuengine.dylib
0x00000001213a2000 	/Library/Java/JavaVirtualMachines/jdk1.8.0_11.jdk/Contents/Home/jre/lib/libnio.dylib
0x000000012124e000 	/private/var/folders/82/jx95ls9s6m127dcfhyxhnpyw0000gn/T/jna/jna1270456192247605277.tmp
0x0000000128a4c000 	/Users/srmullen/source/sounds/sounds/target/native/macosx/x86_64/libscsynth.dylib
0x0000000121263000 	/Library/Java/JavaVirtualMachines/jdk1.8.0_11.jdk/Contents/Home/jre/lib/libjsound.dylib
0x0000000121d56000 	/System/Library/Frameworks/CoreMIDI.framework/Versions/A/CoreMIDI
0x0000000121a14000 	/usr/lib/libexpat.1.dylib
0x00000001213b1000 	/System/Library/Extensions/AppleHDA.kext/Contents/PlugIns/AppleHDAHALPlugIn.bundle/Contents/MacOS/AppleHDAHALPlugIn
0x00000001213bb000 	/Library/Java/JavaVirtualMachines/jdk1.8.0_11.jdk/Contents/Home/jre/lib/libmanagement.dylib
0x0000000121503000 	/Users/srmullen/source/sounds/sounds/target/native/macosx/x86_64/AmbisonicUGens.scx
0x0000000121912000 	/Users/srmullen/source/sounds/sounds/target/native/macosx/x86_64/AtkUGens.scx
0x0000000121509000 	/Users/srmullen/source/sounds/sounds/target/native/macosx/x86_64/AY_UGen.scx
0x000000012192b000 	/Users/srmullen/source/sounds/sounds/target/native/macosx/x86_64/BatPVUgens.scx
0x00000001219f3000 	/Users/srmullen/source/sounds/sounds/target/native/macosx/x86_64/BatUGens.scx
0x00000001219f8000 	/Users/srmullen/source/sounds/sounds/target/native/macosx/x86_64/BBCut2UGens.scx
0x0000000121a00000 	/Users/srmullen/source/sounds/sounds/target/native/macosx/x86_64/BerlachUGens.scx
0x0000000121ca2000 	/Users/srmullen/source/sounds/sounds/target/native/macosx/x86_64/BetablockerUGens.scx
0x0000000121d00000 	/Users/srmullen/source/sounds/sounds/target/native/macosx/x86_64/BhobChaos.scx
0x0000000121db6000 	/Users/srmullen/source/sounds/sounds/target/native/macosx/x86_64/BhobFFT.scx
0x0000000121fb5000 	/Users/srmullen/source/sounds/sounds/target/native/macosx/x86_64/BhobFilt.scx
0x0000000121dc9000 	/Users/srmullen/source/sounds/sounds/target/native/macosx/x86_64/BhobGrain.scx
0x0000000121dd0000 	/Users/srmullen/source/sounds/sounds/target/native/macosx/x86_64/BhobNoise.scx
0x0000000121fc7000 	/Users/srmullen/source/sounds/sounds/target/native/macosx/x86_64/BinaryOpUGens.scx
0x0000000121f69000 	/Users/srmullen/source/sounds/sounds/target/native/macosx/x86_64/BlackrainUGens.scx
0x0000000122023000 	/Users/srmullen/source/sounds/sounds/target/native/macosx/x86_64/ChaosUGens.scx
0x000000012202c000 	/Users/srmullen/source/sounds/sounds/target/native/macosx/x86_64/Concat.scx
0x0000000122682000 	/Users/srmullen/source/sounds/sounds/target/native/macosx/x86_64/DelayUGens.scx
0x0000000122033000 	/Users/srmullen/source/sounds/sounds/target/native/macosx/x86_64/DemandUGens.scx
0x0000000123050000 	/Users/srmullen/source/sounds/sounds/target/native/macosx/x86_64/DiskIO_UGens.scx
0x0000000121f6e000 	/Users/srmullen/source/sounds/sounds/target/native/macosx/x86_64/DistortionUGens.scx
0x000000012218a000 	/Users/srmullen/source/sounds/sounds/target/native/macosx/x86_64/DynNoiseUGens.scx
0x00000001226ad000 	/Users/srmullen/source/sounds/sounds/target/native/macosx/x86_64/FFT_UGens.scx
0x0000000121c5d000 	/Users/srmullen/source/sounds/sounds/target/native/macosx/x86_64/FilterUGens.scx
0x0000000121c79000 	/Users/srmullen/source/sounds/sounds/target/native/macosx/x86_64/GendynUGens.scx
0x0000000121c7e000 	/Users/srmullen/source/sounds/sounds/target/native/macosx/x86_64/GlitchUGens.scx
0x0000000121c83000 	/Users/srmullen/source/sounds/sounds/target/native/macosx/x86_64/GrainUGens.scx
0x0000000121c96000 	/Users/srmullen/source/sounds/sounds/target/native/macosx/x86_64/IOUGens.scx
0x0000000121e80000 	/Users/srmullen/source/sounds/sounds/target/native/macosx/x86_64/JoshAmbiUGens.scx
0x0000000121e8d000 	/Users/srmullen/source/sounds/sounds/target/native/macosx/x86_64/JoshGrainUGens.scx
0x0000000121f23000 	/Users/srmullen/source/sounds/sounds/target/native/macosx/x86_64/JoshPVUGens.scx
0x0000000121f40000 	/Users/srmullen/source/sounds/sounds/target/native/macosx/x86_64/JoshUGens.scx
0x0000000121eb8000 	/Users/srmullen/source/sounds/sounds/target/native/macosx/x86_64/KeyboardUGens.scx
0x0000000121c9e000 	/Users/srmullen/source/sounds/sounds/target/native/macosx/x86_64/LadspaUGen.scx
0x0000000122143000 	/Users/srmullen/source/sounds/sounds/target/native/macosx/x86_64/LFUGens.scx
0x0000000121f5a000 	/Users/srmullen/source/sounds/sounds/target/native/macosx/x86_64/LoopBuf.scx
0x0000000121f5f000 	/Users/srmullen/source/sounds/sounds/target/native/macosx/x86_64/MCLDBufferUGens.scx
0x0000000122156000 	/Users/srmullen/source/sounds/sounds/target/native/macosx/x86_64/MCLDCepstrumUGens.scx
0x0000000122166000 	/Users/srmullen/source/sounds/sounds/target/native/macosx/x86_64/MCLDChaosUGens.scx
0x0000000121ebd000 	/Users/srmullen/source/sounds/sounds/target/native/macosx/x86_64/MCLDDistortionUGens.scx
0x000000012216c000 	/Users/srmullen/source/sounds/sounds/target/native/macosx/x86_64/MCLDFFTUGens.scx
0x0000000121f64000 	/Users/srmullen/source/sounds/sounds/target/native/macosx/x86_64/MCLDFilterUGens.scx
0x000000012203e000 	/Users/srmullen/source/sounds/sounds/target/native/macosx/x86_64/MCLDGetenvUGen.scx
0x0000000122181000 	/Users/srmullen/source/sounds/sounds/target/native/macosx/x86_64/MCLDOscUGens.scx
0x0000000122185000 	/Users/srmullen/source/sounds/sounds/target/native/macosx/x86_64/MCLDPollUGens.scx
0x000000012218f000 	/Users/srmullen/source/sounds/sounds/target/native/macosx/x86_64/MCLDSOMUGens.scx
0x0000000122195000 	/Users/srmullen/source/sounds/sounds/target/native/macosx/x86_64/MCLDTreeUGens.scx
0x000000012219a000 	/Users/srmullen/source/sounds/sounds/target/native/macosx/x86_64/MCLDTriggeredStatsUgens.scx
0x00000001274e4000 	/Users/srmullen/source/sounds/sounds/target/native/macosx/x86_64/MdaUGens.scx
0x000000012219e000 	/Users/srmullen/source/sounds/sounds/target/native/macosx/x86_64/MembraneUGens.scx
0x00000001221e4000 	/Users/srmullen/source/sounds/sounds/target/native/macosx/x86_64/ML_UGens.scx
0x0000000122217000 	/Users/srmullen/source/sounds/sounds/target/native/macosx/x86_64/MouseUGens.scx
0x000000012221d000 	/Users/srmullen/source/sounds/sounds/target/native/macosx/x86_64/MulAddUGens.scx
0x0000000122641000 	/Users/srmullen/source/sounds/sounds/target/native/macosx/x86_64/NCAnalysisUGens.scx
0x0000000122224000 	/Users/srmullen/source/sounds/sounds/target/native/macosx/x86_64/NoiseUGens.scx
0x000000012222b000 	/Users/srmullen/source/sounds/sounds/target/native/macosx/x86_64/OscUGens.scx
0x0000000122660000 	/Users/srmullen/source/sounds/sounds/target/native/macosx/x86_64/PanUGens.scx
0x000000012223b000 	/Users/srmullen/source/sounds/sounds/target/native/macosx/x86_64/PhysicalModelingUGens.scx
0x0000000122669000 	/Users/srmullen/source/sounds/sounds/target/native/macosx/x86_64/PitchDetection.scx
0x0000000122752000 	/Users/srmullen/source/sounds/sounds/target/native/macosx/x86_64/PV_ThirdParty.scx
0x0000000122670000 	/Users/srmullen/source/sounds/sounds/target/native/macosx/x86_64/ReverbUGens.scx
0x0000000122678000 	/Users/srmullen/source/sounds/sounds/target/native/macosx/x86_64/RFWUGens.scx
0x0000000122766000 	/Users/srmullen/source/sounds/sounds/target/native/macosx/x86_64/RMEQSuite.scx
0x0000000122af1000 	/Users/srmullen/source/sounds/sounds/target/native/macosx/x86_64/SLUGens.scx
0x00000001234e3000 	/Users/srmullen/source/sounds/sounds/target/native/macosx/x86_64/StkUGens.scx
0x000000012267c000 	/Users/srmullen/source/sounds/sounds/target/native/macosx/x86_64/SummerUGens.scx
0x000000012276e000 	/Users/srmullen/source/sounds/sounds/target/native/macosx/x86_64/TagSystemUgens.scx
0x0000000122b00000 	/Users/srmullen/source/sounds/sounds/target/native/macosx/x86_64/TestUGens.scx
0x0000000122b04000 	/Users/srmullen/source/sounds/sounds/target/native/macosx/x86_64/TJUGens.scx
0x0000000122b0e000 	/Users/srmullen/source/sounds/sounds/target/native/macosx/x86_64/TriggerUGens.scx
0x0000000122b1a000 	/Users/srmullen/source/sounds/sounds/target/native/macosx/x86_64/UnaryOpUGens.scx
0x0000000122b30000 	/Users/srmullen/source/sounds/sounds/target/native/macosx/x86_64/UnpackFFTUGens.scx
0x0000000122b3c000 	/Users/srmullen/source/sounds/sounds/target/native/macosx/x86_64/VBAP.scx
0x0000000122b42000 	/Users/srmullen/source/sounds/sounds/target/native/macosx/x86_64/VOSIM.scx

VM Arguments:
jvm_args: -Dfile.encoding=UTF-8 -Dclojure.compile.path=/Users/srmullen/source/sounds/sounds/target/classes -Dsounds.version=0.1.0-SNAPSHOT -Dclojure.debug=false -Djava.library.path=/Users/srmullen/source/sounds/sounds/target/native/macosx/x86_64 
java_command: clojure.main -i /private/var/folders/82/jx95ls9s6m127dcfhyxhnpyw0000gn/T/form-init4054381956959541439.clj
java_class_path (initial): /Users/srmullen/source/sounds/sounds/test:/Users/srmullen/source/sounds/sounds/src:/Users/srmullen/source/sounds/sounds/dev-resources:/Users/srmullen/source/sounds/sounds/resources:/Users/srmullen/source/sounds/sounds/target/classes:/Users/srmullen/.m2/repository/org/clojure/clojure/1.8.0/clojure-1.8.0.jar:/Users/srmullen/.m2/repository/org/tcrawley/dynapath/0.2.3/dynapath-0.2.3.jar:/Users/srmullen/.m2/repository/overtone/scsynth-extras/3.5.7.0/scsynth-extras-3.5.7.0.jar:/Users/srmullen/.m2/repository/net/java/dev/jna/jna/3.4.0/jna-3.4.0.jar:/Users/srmullen/.m2/repository/org/clojure/core.memoize/0.5.8/core.memoize-0.5.8.jar:/Users/srmullen/.m2/repository/org/clojure/tools.analyzer/0.6.7/tools.analyzer-0.6.7.jar:/Users/srmullen/.m2/repository/org/clojure/tools.reader/1.0.0-alpha1/tools.reader-1.0.0-alpha1.jar:/Users/srmullen/.m2/repository/org/clojure/tools.analyzer.jvm/0.6.9/tools.analyzer.jvm-0.6.9.jar:/Users/srmullen/.m2/repository/overtone/at-at/1.2.0/at-at-1.2.0.jar:/Users/srmullen/.m2/repository/org/clojure/core.async/0.2.374/core.async-0.2.374.jar:/Users/srmullen/.m2/repository/org/clojure/tools.nrepl/0.2.12/tools.nrepl-0.2.12.jar:/Users/srmullen/.m2/repository/clojure-complete/clojure-complete/0.2.4/clojure-complete-0.2.4.jar:/Users/srmullen/.m2/repository/overtone/byte-spec/0.3.1/byte-spec-0.3.1.jar:/Users/srmullen/.m2/repository/overtone/overtone/0.10-SNAPSHOT/overtone-0.10-SNAPSHOT.jar:/Users/srmullen/.m2/repository/overtone/osc-clj/0.9.0/osc-clj-0.9.0.jar:/Users/srmullen/.m2/repository/org/clojure/math.numeric-tower/0.0.4/math.numeric-tower-0.0.4.jar:/Users/srmullen/.m2/repository/overtone/libs.handlers/0.2.0/libs.handlers-0.2.0.jar:/Users/srmullen/.m2/repository/leipzig/leipzig/0.9.0/leipzig-0.9.0.jar:/Users/srmullen/.m2/repository/overtone/scsynth/3.5.7.0/scsynth-3.5.7.0.jar:/Users/srmullen/.m2/repository/cider/cider-nrepl/0.11.0/cider-nrepl-0.11.0.jar:/Users/srmullen/.m2/repository/commons-net/commons-net/3.0.1/commons-net
Launcher Type: SUN_STANDARD

Environment Variables:
CLASSPATH=/Users/srmullen/.lein/self-installs/leiningen-2.6.1-standalone.jar
PATH=/opt/local/bin:/opt/local/sbin:/opt/local/bin:/opt/local/sbin:/Library/Frameworks/Python.framework/Versions/2.7/bin:/Users/srmullen/.rvm/gems/ruby-1.9.3-p125/bin:/Users/srmullen/.rvm/gems/ruby-1.9.3-p125@global/bin:/Users/srmullen/.rvm/rubies/ruby-1.9.3-p125/bin:/Users/srmullen/.rvm/bin:/Users/srmullen/.rvm/bin:/Applications/Postgres.app/Contents/MacOS/bin:/usr/local/bin:/usr/bin:/bin:/usr/sbin:/sbin:/usr/local/bin:/opt/X11/bin:/usr/local/git/bin:/Applications/Emacs.app/Contents/MacOS/bin-x86_64-10_9:/Applications/Emacs.app/Contents/MacOS/libexec-x86_64-10_9
SHELL=/bin/bash
DISPLAY=/private/tmp/com.apple.launchd.jE8blUfCj5/org.macosforge.xquartz:0

Signal Handlers:
SIGSEGV: [libjvm.dylib+0x56059b], sa_mask[0]=0xfffefeff, sa_flags=0x00000043
SIGBUS: [libjvm.dylib+0x56059b], sa_mask[0]=0xfffefeff, sa_flags=0x00000042
SIGFPE: [libjvm.dylib+0x4438f2], sa_mask[0]=0xfffefeff, sa_flags=0x00000042
SIGPIPE: [libjvm.dylib+0x4438f2], sa_mask[0]=0xfffefeff, sa_flags=0x00000042
SIGXFSZ: [libjvm.dylib+0x4438f2], sa_mask[0]=0xfffefeff, sa_flags=0x00000042
SIGILL: [libjvm.dylib+0x4438f2], sa_mask[0]=0xfffefeff, sa_flags=0x00000042
SIGUSR1: SIG_DFL, sa_mask[0]=0x63807efb, sa_flags=0x00000000
SIGUSR2: [libjvm.dylib+0x443410], sa_mask[0]=0x00000004, sa_flags=0x00000042
SIGHUP: [libjvm.dylib+0x44179b], sa_mask[0]=0xfffefeff, sa_flags=0x00000042
SIGINT: [libjvm.dylib+0x44179b], sa_mask[0]=0xfffefeff, sa_flags=0x00000042
SIGTERM: [libjvm.dylib+0x44179b], sa_mask[0]=0xfffefeff, sa_flags=0x00000042
SIGQUIT: [libjvm.dylib+0x44179b], sa_mask[0]=0xfffefeff, sa_flags=0x00000042


---------------  S Y S T E M  ---------------

OS:Bsduname:Darwin 15.3.0 Darwin Kernel Version 15.3.0: Thu Dec 10 18:40:58 PST 2015; root:xnu-3248.30.4~1/RELEASE_X86_64 x86_64
rlimit: STACK 8515k, CORE 0k, NPROC 709, NOFILE 10240, AS infinity
load average:2.86 2.23 2.17

CPU:total 8 (4 cores per cpu, 2 threads per core) family 6 model 42 stepping 7, cmov, cx8, fxsr, mmx, sse, sse2, sse3, ssse3, sse4.1, sse4.2, popcnt, avx, aes, clmul, ht, tsc, tscinvbit

Memory: 4k page, physical 8388608k(241052k free)

/proc/meminfo:


vm_info: Java HotSpot(TM) 64-Bit Server VM (25.11-b03) for bsd-amd64 JRE (1.8.0_11-b12), built on Jun 16 2014 17:39:42 by "java_re" with gcc 4.2.1 (Based on Apple Inc. build 5658) (LLVM build 2336.11.00)

time: Mon Mar 21 18:00:07 2016
elapsed time: 53 seconds

