#
# A fatal error has been detected by the Java Runtime Environment:
#
#  SIGSEGV (0xb) at pc=0x00000001260fa2c9, pid=956, tid=91907
#
# JRE version: Java(TM) SE Runtime Environment (8.0_11-b12) (build 1.8.0_11-b12)
# Java VM: Java HotSpot(TM) 64-Bit Server VM (25.11-b03 mixed mode bsd-amd64 compressed oops)
# Problematic frame:
# C  [LFUGens.scx+0x72c9]  EnvGen_Ctor+0x99
#
# Failed to write core dump. Core dumps have been disabled. To enable core dumping, try "ulimit -c unlimited" before starting Java again
#
# If you would like to submit a bug report, please visit:
#   http://bugreport.sun.com/bugreport/crash.jsp
#

---------------  T H R E A D  ---------------

Current thread is native thread

siginfo:si_signo=SIGSEGV: si_errno=0, si_code=1 (SEGV_MAPERR), si_addr=0x0000000000000000

Registers:
RAX=0x0000000000000000, RBX=0x000000012db64cc0, RCX=0x000000012db64e48, RDX=0x000000012db64de8
RSP=0x0000700004371af8, RBP=0xdade433041061400, RSI=0x000000012db64e48, RDI=0x000000012db655a0
R8 =0x00007fbeaa050404, R9 =0x0000000000000400, R10=0x000000012a2bc800, R11=0x0000000000000400
R12=0x4530000000000000, R13=0x4330000000000000, R14=0x0000000000000001, R15=0x000000012db64dc8
RIP=0x00000001260fa2c9, EFLAGS=0x0000000000010297, ERR=0x0000000000000004
  TRAPNO=0x000000000000000e

Top of Stack: (sp=0x0000700004371af8)
0x0000700004371af8:   000000012a224e2a 0000000000000000
0x0000700004371b08:   0000000000002e38 00007fbea076b530
0x0000700004371b18:   000000012a228907 000000012db57400
0x0000700004371b28:   000000012a228907 0000000000000000
0x0000700004371b38:   000000012a228907 000000012db57480
0x0000700004371b48:   000000012a228907 0000000000000000
0x0000700004371b58:   000000012a228907 00007fbeaa30c000
0x0000700004371b68:   000000012a223ef1 000010468f47ef05
0x0000700004371b78:   0101000000000000 00000000005f1ba5
0x0000700004371b88:   000000080b0d4a00 00007fbea0772560
0x0000700004371b98:   0000004000000000 dade433041c44b4a
0x0000700004371ba8:   2521bccfbe9ad05b fffffff700000000
0x0000700004371bb8:   0000000000000040 0000000127a460e0
0x0000700004371bc8:   3ee5888000000000 0000000000000200
0x0000700004371bd8:   0000000000000200 0000000100000001
0x0000700004371be8:   2521bccfbef9ec00 dade433041652fa5
0x0000700004371bf8:   4166fbe400000000 00000008fffffff7
0x0000700004371c08:   0000000000000040 00007fbea7f65590
0x0000700004371c18:   0000000127a2e000 00007fbea7f64cb0
0x0000700004371c28:   0000000125372000 0000000000000000
0x0000700004371c38:   0000000000000100 0000000000000100
0x0000700004371c48:   0000000000000008 0000000000000040
0x0000700004371c58:   00007fbeaa30c000 00002e38743980f8
0x0000700004371c68:   00007fff915b641e 00001046900186d3
0x0000700004371c78:   4530000000000000 00007fbea0772550
0x0000700004371c88:   0000000125dd30e0 4530000000000000
0x0000700004371c98:   4330000000000000 00007fbea0772550
0x0000700004371ca8:   00007fbea076b530 dade433041061400
0x0000700004371cb8:   000000012a220f9a 0000700004371cf0
0x0000700004371cc8:   00007fbeaa40be00 00007fbea7d32640
0x0000700004371cd8:   000000000000000c 00007fbea7d32640
0x0000700004371ce8:   00007fbea7d32760 0000700004371e90 

Instructions: (pc=0x00000001260fa2c9)
0x00000001260fa2a9:   00 c7 87 ac 00 00 00 00 ca 9a 3b c7 87 b8 00 00
0x00000001260fa2b9:   00 00 00 00 00 c6 87 bc 00 00 00 00 48 8b 40 38
0x00000001260fa2c9:   f3 0f 2c 00 89 87 b4 00 00 00 be 01 00 00 00 e9
0x00000001260fa2d9:   03 45 00 00 0f 1f 00 55 41 57 41 56 41 55 41 54 

Register to memory mapping:

RAX=0x0000000000000000 is an unknown value
RBX=0x000000012db64cc0 is an unknown value
RCX=0x000000012db64e48 is an unknown value
RDX=0x000000012db64de8 is an unknown value
RSP=0x0000700004371af8 is an unknown value
RBP=0xdade433041061400 is an unknown value
RSI=0x000000012db64e48 is an unknown value
RDI=0x000000012db655a0 is an unknown value
R8 =0x00007fbeaa050404 is an unknown value
R9 =0x0000000000000400 is an unknown value
R10=0x000000012a2bc800: gSine+0 in /Users/srmullen/source/sounds/sounds/target/native/macosx/x86_64/libscsynth.dylib at 0x000000012a21b000
R11=0x0000000000000400 is an unknown value
R12=0x4530000000000000 is an unknown value
R13=0x4330000000000000 is an unknown value
R14=0x0000000000000001 is an unknown value
R15=0x000000012db64dc8 is an unknown value


Stack: [0x00007000042f2000,0x0000700004372000],  sp=0x0000700004371af8,  free space=510k
Native frames: (J=compiled Java code, j=interpreted, Vv=VM code, C=native code)
C  [LFUGens.scx+0x72c9]  EnvGen_Ctor+0x99

[error occurred during error reporting (printing native stack), id 0xb]


---------------  P R O C E S S  ---------------

VM state:not at safepoint (normal execution)

VM Mutex/Monitor currently owned by a thread: None

Heap:
 PSYoungGen      total 245760K, used 204496K [0x0000000795580000, 0x00000007a6700000, 0x00000007c0000000)
  eden space 211456K, 92% used [0x0000000795580000,0x00000007a13cfe30,0x00000007a2400000)
  from space 34304K, 28% used [0x00000007a4580000,0x00000007a4ee4320,0x00000007a6700000)
  to   space 34304K, 0% used [0x00000007a2400000,0x00000007a2400000,0x00000007a4580000)
 ParOldGen       total 65536K, used 54913K [0x0000000740000000, 0x0000000744000000, 0x0000000795580000)
  object space 65536K, 83% used [0x0000000740000000,0x00000007435a07e0,0x0000000744000000)
 Metaspace       used 61679K, capacity 84433K, committed 84512K, reserved 1110016K
  class space    used 16493K, capacity 24331K, committed 24352K, reserved 1048576K

Card table byte_map: [0x000000011c681000,0x000000011ca82000] byte_map_base: 0x0000000118c81000

Marking Bits: (ParMarkBitMap*) 0x000000010cc670a0
 Begin Bits: [0x000000011cd2d000, 0x000000011ed2d000)
 End Bits:   [0x000000011ed2d000, 0x0000000120d2d000)

Polling page: 0x000000010b378000

CodeCache: size=245760Kb used=23753Kb max_used=25408Kb free=222006Kb
 bounds [0x000000010d2c1000, 0x000000010ebb1000, 0x000000011c2c1000]
 total_blobs=6081 nmethods=5547 adapters=448
 compilation: enabled

Compilation events (10 events):
Event: 64.209 Thread 0x00007fbea0821800 7672   !   3       sun.reflect.GeneratedMethodAccessor19::invoke (72 bytes)
Event: 64.210 Thread 0x00007fbea0821800 nmethod 7672 0x000000010df49310 code [0x000000010df49500, 0x000000010df49e58]
Event: 64.210 Thread 0x00007fbea0821800 7673       3       overtone.osc.encode$encode_string::invoke (10 bytes)
Event: 64.211 Thread 0x00007fbea0821800 nmethod 7673 0x000000010d3e6cd0 code [0x000000010d3e6e40, 0x000000010d3e6fc8]
Event: 64.211 Thread 0x00007fbea0821800 7674       3       overtone.osc.encode$encode_string::invokeStatic (62 bytes)
Event: 64.212 Thread 0x00007fbea0821800 nmethod 7674 0x000000010d4fd6d0 code [0x000000010d4fd8e0, 0x000000010d4fe428]
Event: 64.215 Thread 0x00007fbea0821800 7675       3       clojure.core$fn__6060::invoke (10 bytes)
Event: 64.215 Thread 0x00007fbea0821800 nmethod 7675 0x000000010d9fc250 code [0x000000010d9fc400, 0x000000010d9fca78]
Event: 64.216 Thread 0x00007fbea0821800 7676       3       clojure.core$fn__6060::invokeStatic (20 bytes)
Event: 64.216 Thread 0x00007fbea0821800 nmethod 7676 0x000000010d453510 code [0x000000010d4536c0, 0x000000010d453cb8]

GC Heap History (10 events):
Event: 41.802 GC heap before
{Heap before GC invocations=47 (full 4):
 PSYoungGen      total 218624K, used 213792K [0x0000000795580000, 0x00000007a4980000, 0x00000007c0000000)
  eden space 192512K, 100% used [0x0000000795580000,0x00000007a1180000,0x00000007a1180000)
  from space 26112K, 81% used [0x00000007a2d00000,0x00000007a41c80b0,0x00000007a4680000)
  to   space 28160K, 0% used [0x00000007a1180000,0x00000007a1180000,0x00000007a2d00000)
 ParOldGen       total 54272K, used 42053K [0x0000000740000000, 0x0000000743500000, 0x0000000795580000)
  object space 54272K, 77% used [0x0000000740000000,0x00000007429114d8,0x0000000743500000)
 Metaspace       used 54544K, capacity 72203K, committed 72448K, reserved 1101824K
  class space    used 14338K, capacity 20414K, committed 20480K, reserved 1048576K
Event: 41.819 GC heap after
Heap after GC invocations=47 (full 4):
 PSYoungGen      total 220672K, used 23042K [0x0000000795580000, 0x00000007a5780000, 0x00000007c0000000)
  eden space 192512K, 0% used [0x0000000795580000,0x0000000795580000,0x00000007a1180000)
  from space 28160K, 81% used [0x00000007a1180000,0x00000007a2800970,0x00000007a2d00000)
  to   space 30208K, 0% used [0x00000007a3a00000,0x00000007a3a00000,0x00000007a5780000)
 ParOldGen       total 54272K, used 42061K [0x0000000740000000, 0x0000000743500000, 0x0000000795580000)
  object space 54272K, 77% used [0x0000000740000000,0x00000007429134d8,0x0000000743500000)
 Metaspace       used 54544K, capacity 72203K, committed 72448K, reserved 1101824K
  class space    used 14338K, capacity 20414K, committed 20480K, reserved 1048576K
}
Event: 42.399 GC heap before
{Heap before GC invocations=48 (full 4):
 PSYoungGen      total 220672K, used 215554K [0x0000000795580000, 0x00000007a5780000, 0x00000007c0000000)
  eden space 192512K, 100% used [0x0000000795580000,0x00000007a1180000,0x00000007a1180000)
  from space 28160K, 81% used [0x00000007a1180000,0x00000007a2800970,0x00000007a2d00000)
  to   space 30208K, 0% used [0x00000007a3a00000,0x00000007a3a00000,0x00000007a5780000)
 ParOldGen       total 54272K, used 42061K [0x0000000740000000, 0x0000000743500000, 0x0000000795580000)
  object space 54272K, 77% used [0x0000000740000000,0x00000007429134d8,0x0000000743500000)
 Metaspace       used 56113K, capacity 75231K, committed 75264K, reserved 1103872K
  class space    used 14801K, capacity 21241K, committed 21248K, reserved 1048576K
Event: 42.422 GC heap after
Heap after GC invocations=48 (full 4):
 PSYoungGen      total 231424K, used 25143K [0x0000000795580000, 0x00000007a5c80000, 0x00000007c0000000)
  eden space 201216K, 0% used [0x0000000795580000,0x0000000795580000,0x00000007a1a00000)
  from space 30208K, 83% used [0x00000007a3a00000,0x00000007a528df00,0x00000007a5780000)
  to   space 32768K, 0% used [0x00000007a1a00000,0x00000007a1a00000,0x00000007a3a00000)
 ParOldGen       total 54272K, used 42069K [0x0000000740000000, 0x0000000743500000, 0x0000000795580000)
  object space 54272K, 77% used [0x0000000740000000,0x00000007429154d8,0x0000000743500000)
 Metaspace       used 56113K, capacity 75231K, committed 75264K, reserved 1103872K
  class space    used 14801K, capacity 21241K, committed 21248K, reserved 1048576K
}
Event: 44.348 GC heap before
{Heap before GC invocations=49 (full 4):
 PSYoungGen      total 231424K, used 161292K [0x0000000795580000, 0x00000007a5c80000, 0x00000007c0000000)
  eden space 201216K, 67% used [0x0000000795580000,0x000000079da754d8,0x00000007a1a00000)
  from space 30208K, 83% used [0x00000007a3a00000,0x00000007a528df00,0x00000007a5780000)
  to   space 32768K, 0% used [0x00000007a1a00000,0x00000007a1a00000,0x00000007a3a00000)
 ParOldGen       total 54272K, used 42069K [0x0000000740000000, 0x0000000743500000, 0x0000000795580000)
  object space 54272K, 77% used [0x0000000740000000,0x00000007429154d8,0x0000000743500000)
 Metaspace       used 58841K, capacity 80029K, committed 80032K, reserved 1105920K
  class space    used 15543K, capacity 22687K, committed 22688K, reserved 1048576K
Event: 44.365 GC heap after
Heap after GC invocations=49 (full 4):
 PSYoungGen      total 233984K, used 26496K [0x0000000795580000, 0x00000007a6780000, 0x00000007c0000000)
  eden space 201216K, 0% used [0x0000000795580000,0x0000000795580000,0x00000007a1a00000)
  from space 32768K, 80% used [0x00000007a1a00000,0x00000007a33e0030,0x00000007a3a00000)
  to   space 34816K, 0% used [0x00000007a4580000,0x00000007a4580000,0x00000007a6780000)
 ParOldGen       total 54272K, used 42228K [0x0000000740000000, 0x0000000743500000, 0x0000000795580000)
  object space 54272K, 77% used [0x0000000740000000,0x000000074293d0c0,0x0000000743500000)
 Metaspace       used 58841K, capacity 80029K, committed 80032K, reserved 1105920K
  class space    used 15543K, capacity 22687K, committed 22688K, reserved 1048576K
}
Event: 44.365 GC heap before
{Heap before GC invocations=50 (full 5):
 PSYoungGen      total 233984K, used 26496K [0x0000000795580000, 0x00000007a6780000, 0x00000007c0000000)
  eden space 201216K, 0% used [0x0000000795580000,0x0000000795580000,0x00000007a1a00000)
  from space 32768K, 80% used [0x00000007a1a00000,0x00000007a33e0030,0x00000007a3a00000)
  to   space 34816K, 0% used [0x00000007a4580000,0x00000007a4580000,0x00000007a6780000)
 ParOldGen       total 54272K, used 42228K [0x0000000740000000, 0x0000000743500000, 0x0000000795580000)
  object space 54272K, 77% used [0x0000000740000000,0x000000074293d0c0,0x0000000743500000)
 Metaspace       used 58841K, capacity 80029K, committed 80032K, reserved 1105920K
  class space    used 15543K, capacity 22687K, committed 22688K, reserved 1048576K
Event: 44.880 GC heap after
Heap after GC invocations=50 (full 5):
 PSYoungGen      total 233984K, used 8392K [0x0000000795580000, 0x00000007a6780000, 0x00000007c0000000)
  eden space 201216K, 0% used [0x0000000795580000,0x0000000795580000,0x00000007a1a00000)
  from space 32768K, 25% used [0x00000007a1a00000,0x00000007a22321c8,0x00000007a3a00000)
  to   space 34816K, 0% used [0x00000007a4580000,0x00000007a4580000,0x00000007a6780000)
 ParOldGen       total 65536K, used 53840K [0x0000000740000000, 0x0000000744000000, 0x0000000795580000)
  object space 65536K, 82% used [0x0000000740000000,0x00000007434942c8,0x0000000744000000)
 Metaspace       used 58841K, capacity 80029K, committed 80032K, reserved 1105920K
  class space    used 15543K, capacity 22687K, committed 22688K, reserved 1048576K
}
Event: 47.271 GC heap before
{Heap before GC invocations=51 (full 5):
 PSYoungGen      total 233984K, used 209608K [0x0000000795580000, 0x00000007a6780000, 0x00000007c0000000)
  eden space 201216K, 100% used [0x0000000795580000,0x00000007a1a00000,0x00000007a1a00000)
  from space 32768K, 25% used [0x00000007a1a00000,0x00000007a22321c8,0x00000007a3a00000)
  to   space 34816K, 0% used [0x00000007a4580000,0x00000007a4580000,0x00000007a6780000)
 ParOldGen       total 65536K, used 53840K [0x0000000740000000, 0x0000000744000000, 0x0000000795580000)
  object space 65536K, 82% used [0x0000000740000000,0x00000007434942c8,0x0000000744000000)
 Metaspace       used 60829K, capacity 82967K, committed 83104K, reserved 1107968K
  class space    used 16168K, capacity 23636K, committed 23712K, reserved 1048576K
Event: 47.290 GC heap after
Heap after GC invocations=51 (full 5):
 PSYoungGen      total 245760K, used 9616K [0x0000000795580000, 0x00000007a6700000, 0x00000007c0000000)
  eden space 211456K, 0% used [0x0000000795580000,0x0000000795580000,0x00000007a2400000)
  from space 34304K, 28% used [0x00000007a4580000,0x00000007a4ee4320,0x00000007a6700000)
  to   space 34304K, 0% used [0x00000007a2400000,0x00000007a2400000,0x00000007a4580000)
 ParOldGen       total 65536K, used 54913K [0x0000000740000000, 0x0000000744000000, 0x0000000795580000)
  object space 65536K, 83% used [0x0000000740000000,0x00000007435a07e0,0x0000000744000000)
 Metaspace       used 60829K, capacity 82967K, committed 83104K, reserved 1107968K
  class space    used 16168K, capacity 23636K, committed 23712K, reserved 1048576K
}

Deoptimization events (10 events):
Event: 47.819 Thread 0x00007fbea3477800 Uncommon trap: reason=class_check action=maybe_recompile pc=0x000000010e24a268 method=clojure.lang.PersistentHashMap$BitmapIndexedNode.assoc(Ljava/util/concurrent/atomic/AtomicReference;IILjava/lang/Object;Ljava/lang/Object;Lclojure/lang/Box;)Lclojure/lan
Event: 55.556 Thread 0x00007fbea185e000 Uncommon trap: reason=class_check action=maybe_recompile pc=0x000000010eb2a054 method=clojure.lang.MultiFn.invoke(Ljava/lang/Object;)Ljava/lang/Object; @ 6
Event: 55.556 Thread 0x00007fbea185e000 Uncommon trap: reason=class_check action=maybe_recompile pc=0x000000010eb2a054 method=clojure.lang.MultiFn.invoke(Ljava/lang/Object;)Ljava/lang/Object; @ 6
Event: 55.556 Thread 0x00007fbea185e000 Uncommon trap: reason=class_check action=maybe_recompile pc=0x000000010eb2a054 method=clojure.lang.MultiFn.invoke(Ljava/lang/Object;)Ljava/lang/Object; @ 6
Event: 55.556 Thread 0x00007fbea185e000 Uncommon trap: reason=class_check action=maybe_recompile pc=0x000000010eb2a054 method=clojure.lang.MultiFn.invoke(Ljava/lang/Object;)Ljava/lang/Object; @ 6
Event: 62.015 Thread 0x00007fbea0cc3000 Uncommon trap: reason=predicate action=maybe_recompile pc=0x000000010eb68b74 method=clojure.core$print_sequential.invokeStatic(Ljava/lang/Object;Ljava/lang/Object;Ljava/lang/Object;Ljava/lang/Object;Ljava/lang/Object;Ljava/lang/Object;)Ljava/lang/Object; 
Event: 62.015 Thread 0x00007fbea0cc3000 Uncommon trap: reason=unreached action=reinterpret pc=0x000000010eb0b518 method=clojure.core$fn__5028$fn__5029.invoke(Ljava/lang/Object;Ljava/lang/Object;)Ljava/lang/Object; @ 22
Event: 62.019 Thread 0x00007fbea0cc3000 Uncommon trap: reason=unreached action=reinterpret pc=0x000000010eb047c0 method=clojure.core$fn__5028$fn__5029.invoke(Ljava/lang/Object;Ljava/lang/Object;)Ljava/lang/Object; @ 22
Event: 62.024 Thread 0x00007fbea0cc3000 Uncommon trap: reason=unreached action=reinterpret pc=0x000000010dc9a4c8 method=overtone.sc.machinery.ugen.sc_ugen.ControlProxy.valAt(Ljava/lang/Object;Ljava/lang/Object;)Ljava/lang/Object; @ 86
Event: 62.025 Thread 0x00007fbea0cc3000 Uncommon trap: reason=unreached action=reinterpret pc=0x000000010e23c310 method=overtone.sc.machinery.ugen.sc_ugen.ControlProxy.valAt(Ljava/lang/Object;Ljava/lang/Object;)Ljava/lang/Object; @ 86

Internal exceptions (10 events):
Event: 60.275 Thread 0x00007fbea48d5000 Exception <a 'java/security/PrivilegedActionException'> (0x000000079e7d22b0) thrown at [/HUDSON3/workspace/8-2-build-macosx-x86_64/jdk8u11/648/hotspot/src/share/vm/prims/jvm.cpp, line 1248]
Event: 60.275 Thread 0x00007fbea48d5000 Exception <a 'java/security/PrivilegedActionException'> (0x000000079e7d75d8) thrown at [/HUDSON3/workspace/8-2-build-macosx-x86_64/jdk8u11/648/hotspot/src/share/vm/prims/jvm.cpp, line 1248]
Event: 60.275 Thread 0x00007fbea48d5000 Exception <a 'java/security/PrivilegedActionException'> (0x000000079e7d7d48) thrown at [/HUDSON3/workspace/8-2-build-macosx-x86_64/jdk8u11/648/hotspot/src/share/vm/prims/jvm.cpp, line 1248]
Event: 62.015 Thread 0x00007fbea0cc3000 Exception <a 'java/security/PrivilegedActionException'> (0x000000079f6c0688) thrown at [/HUDSON3/workspace/8-2-build-macosx-x86_64/jdk8u11/648/hotspot/src/share/vm/prims/jvm.cpp, line 1248]
Event: 62.029 Thread 0x00007fbea38a0800 Exception <a 'java/security/PrivilegedActionException'> (0x00000007a0056260) thrown at [/HUDSON3/workspace/8-2-build-macosx-x86_64/jdk8u11/648/hotspot/src/share/vm/prims/jvm.cpp, line 1248]
Event: 62.030 Thread 0x00007fbea38a0800 Exception <a 'java/security/PrivilegedActionException'> (0x00000007a005b588) thrown at [/HUDSON3/workspace/8-2-build-macosx-x86_64/jdk8u11/648/hotspot/src/share/vm/prims/jvm.cpp, line 1248]
Event: 62.030 Thread 0x00007fbea38a0800 Exception <a 'java/security/PrivilegedActionException'> (0x00000007a005bcf8) thrown at [/HUDSON3/workspace/8-2-build-macosx-x86_64/jdk8u11/648/hotspot/src/share/vm/prims/jvm.cpp, line 1248]
Event: 64.210 Thread 0x00007fbea3478000 Exception <a 'java/security/PrivilegedActionException'> (0x00000007a0ef5128) thrown at [/HUDSON3/workspace/8-2-build-macosx-x86_64/jdk8u11/648/hotspot/src/share/vm/prims/jvm.cpp, line 1248]
Event: 64.210 Thread 0x00007fbea3478000 Exception <a 'java/security/PrivilegedActionException'> (0x00000007a0efa450) thrown at [/HUDSON3/workspace/8-2-build-macosx-x86_64/jdk8u11/648/hotspot/src/share/vm/prims/jvm.cpp, line 1248]
Event: 64.210 Thread 0x00007fbea3478000 Exception <a 'java/security/PrivilegedActionException'> (0x00000007a0efabc0) thrown at [/HUDSON3/workspace/8-2-build-macosx-x86_64/jdk8u11/648/hotspot/src/share/vm/prims/jvm.cpp, line 1248]

Events (10 events):
Event: 64.216 Thread 0x00007fbea0821800 flushing nmethod 0x000000010d98f310
Event: 64.216 Thread 0x00007fbea0821800 flushing nmethod 0x000000010d990f90
Event: 64.216 Thread 0x00007fbea0821800 flushing nmethod 0x000000010d995e90
Event: 64.216 Thread 0x00007fbea0821800 flushing nmethod 0x000000010d9c3b90
Event: 64.216 Thread 0x00007fbea0821800 flushing nmethod 0x000000010da071d0
Event: 64.217 Thread 0x00007fbea0821800 flushing nmethod 0x000000010da0e390
Event: 64.217 Thread 0x00007fbea0821800 flushing nmethod 0x000000010da10e90
Event: 64.217 Thread 0x00007fbea0821800 flushing nmethod 0x000000010da3ff50
Event: 64.217 Thread 0x00007fbea0821800 flushing nmethod 0x000000010da84910
Event: 64.217 Thread 0x00007fbea0821800 flushing nmethod 0x000000010dad60d0


Dynamic libraries:
0x000000000204a000 	/System/Library/Frameworks/Cocoa.framework/Versions/A/Cocoa
0x000000000204a000 	/System/Library/Frameworks/Security.framework/Versions/A/Security
0x000000000204a000 	/System/Library/Frameworks/ApplicationServices.framework/Versions/A/ApplicationServices
0x000000000204a000 	/usr/lib/libz.1.dylib
0x000000000204a000 	/usr/lib/libSystem.B.dylib
0x000000000204a000 	/usr/lib/libobjc.A.dylib
0x000000000204a000 	/System/Library/Frameworks/CoreFoundation.framework/Versions/A/CoreFoundation
0x000000000204a000 	/System/Library/Frameworks/Foundation.framework/Versions/C/Foundation
0x000000000204a000 	/System/Library/Frameworks/AppKit.framework/Versions/C/AppKit
0x000000000204a000 	/System/Library/Frameworks/CoreData.framework/Versions/A/CoreData
0x000000000204a000 	/System/Library/PrivateFrameworks/RemoteViewServices.framework/Versions/A/RemoteViewServices
0x000000000204a000 	/System/Library/PrivateFrameworks/UIFoundation.framework/Versions/A/UIFoundation
0x000000000204a000 	/usr/lib/libScreenReader.dylib
0x000000000204a000 	/System/Library/Frameworks/Accelerate.framework/Versions/A/Accelerate
0x000000000204a000 	/System/Library/Frameworks/IOSurface.framework/Versions/A/IOSurface
0x000000000204a000 	/System/Library/Frameworks/AudioToolbox.framework/Versions/A/AudioToolbox
0x000000000204a000 	/System/Library/Frameworks/AudioUnit.framework/Versions/A/AudioUnit
0x000000000204a000 	/System/Library/PrivateFrameworks/DataDetectorsCore.framework/Versions/A/DataDetectorsCore
0x000000000204a000 	/System/Library/PrivateFrameworks/DesktopServicesPriv.framework/Versions/A/DesktopServicesPriv
0x000000000204a000 	/System/Library/Frameworks/Carbon.framework/Versions/A/Frameworks/HIToolbox.framework/Versions/A/HIToolbox
0x000000000204a000 	/System/Library/Frameworks/QuartzCore.framework/Versions/A/QuartzCore
0x000000000204a000 	/System/Library/Frameworks/Carbon.framework/Versions/A/Frameworks/SpeechRecognition.framework/Versions/A/SpeechRecognition
0x000000000204a000 	/usr/lib/libauto.dylib
0x000000000204a000 	/usr/lib/libicucore.A.dylib
0x000000000204a000 	/usr/lib/libxml2.2.dylib
0x000000000204a000 	/System/Library/PrivateFrameworks/CoreUI.framework/Versions/A/CoreUI
0x000000000204a000 	/System/Library/Frameworks/CoreAudio.framework/Versions/A/CoreAudio
0x000000000204a000 	/System/Library/Frameworks/DiskArbitration.framework/Versions/A/DiskArbitration
0x000000000204a000 	/usr/lib/liblangid.dylib
0x000000000204a000 	/System/Library/PrivateFrameworks/MultitouchSupport.framework/Versions/A/MultitouchSupport
0x000000000204a000 	/System/Library/Frameworks/IOKit.framework/Versions/A/IOKit
0x000000000204a000 	/usr/lib/libDiagnosticMessagesClient.dylib
0x000000000204a000 	/System/Library/Frameworks/CoreServices.framework/Versions/A/CoreServices
0x000000000204a000 	/System/Library/PrivateFrameworks/PerformanceAnalysis.framework/Versions/A/PerformanceAnalysis
0x000000000204a000 	/System/Library/PrivateFrameworks/GenerationalStorage.framework/Versions/A/GenerationalStorage
0x000000000204a000 	/System/Library/Frameworks/OpenGL.framework/Versions/A/OpenGL
0x000000000204a000 	/System/Library/PrivateFrameworks/Sharing.framework/Versions/A/Sharing
0x000000000204a000 	/System/Library/Frameworks/CoreGraphics.framework/Versions/A/CoreGraphics
0x000000000204a000 	/System/Library/Frameworks/CoreImage.framework/Versions/A/CoreImage
0x000000000204a000 	/System/Library/Frameworks/CoreText.framework/Versions/A/CoreText
0x000000000204a000 	/System/Library/Frameworks/ImageIO.framework/Versions/A/ImageIO
0x000000000204a000 	/System/Library/PrivateFrameworks/Backup.framework/Versions/A/Backup
0x000000000204a000 	/usr/lib/libextension.dylib
0x000000000204a000 	/usr/lib/libarchive.2.dylib
0x000000000204a000 	/System/Library/Frameworks/CFNetwork.framework/Versions/A/CFNetwork
0x000000000204a000 	/System/Library/Frameworks/SystemConfiguration.framework/Versions/A/SystemConfiguration
0x000000000204a000 	/usr/lib/libCRFSuite.dylib
0x000000000204a000 	/usr/lib/libc++.1.dylib
0x000000000204a000 	/usr/lib/libc++abi.dylib
0x000000000204a000 	/usr/lib/system/libcache.dylib
0x000000000204a000 	/usr/lib/system/libcommonCrypto.dylib
0x000000000204a000 	/usr/lib/system/libcompiler_rt.dylib
0x000000000204a000 	/usr/lib/system/libcopyfile.dylib
0x000000000204a000 	/usr/lib/system/libcorecrypto.dylib
0x000000000204a000 	/usr/lib/system/libdispatch.dylib
0x000000000204a000 	/usr/lib/system/libdyld.dylib
0x000000000204a000 	/usr/lib/system/libkeymgr.dylib
0x000000000204a000 	/usr/lib/system/liblaunch.dylib
0x000000000204a000 	/usr/lib/system/libmacho.dylib
0x000000000204a000 	/usr/lib/system/libquarantine.dylib
0x000000000204a000 	/usr/lib/system/libremovefile.dylib
0x000000000204a000 	/usr/lib/system/libsystem_asl.dylib
0x000000000204a000 	/usr/lib/system/libsystem_blocks.dylib
0x000000000204a000 	/usr/lib/system/libsystem_c.dylib
0x000000000204a000 	/usr/lib/system/libsystem_configuration.dylib
0x000000000204a000 	/usr/lib/system/libsystem_coreservices.dylib
0x000000000204a000 	/usr/lib/system/libsystem_coretls.dylib
0x000000000204a000 	/usr/lib/system/libsystem_dnssd.dylib
0x000000000204a000 	/usr/lib/system/libsystem_info.dylib
0x000000000204a000 	/usr/lib/system/libsystem_kernel.dylib
0x000000000204a000 	/usr/lib/system/libsystem_m.dylib
0x000000000204a000 	/usr/lib/system/libsystem_malloc.dylib
0x000000000204a000 	/usr/lib/system/libsystem_network.dylib
0x000000000204a000 	/usr/lib/system/libsystem_networkextension.dylib
0x000000000204a000 	/usr/lib/system/libsystem_notify.dylib
0x000000000204a000 	/usr/lib/system/libsystem_platform.dylib
0x000000000204a000 	/usr/lib/system/libsystem_pthread.dylib
0x000000000204a000 	/usr/lib/system/libsystem_sandbox.dylib
0x000000000204a000 	/usr/lib/system/libsystem_secinit.dylib
0x000000000204a000 	/usr/lib/system/libsystem_trace.dylib
0x000000000204a000 	/usr/lib/system/libunc.dylib
0x000000000204a000 	/usr/lib/system/libunwind.dylib
0x000000000204a000 	/usr/lib/system/libxpc.dylib
0x000000000204a000 	/usr/lib/libenergytrace.dylib
0x000000000204a000 	/usr/lib/libbsm.0.dylib
0x000000000204a000 	/usr/lib/system/libkxld.dylib
0x000000000204a000 	/usr/lib/libxar.1.dylib
0x000000000204a000 	/usr/lib/libsqlite3.dylib
0x000000000204a000 	/usr/lib/libpam.2.dylib
0x000000000204a000 	/usr/lib/libOpenScriptingUtil.dylib
0x000000000204a000 	/usr/lib/libbz2.1.0.dylib
0x000000000204a000 	/usr/lib/liblzma.5.dylib
0x000000000204a000 	/System/Library/Frameworks/CoreServices.framework/Versions/A/Frameworks/FSEvents.framework/Versions/A/FSEvents
0x000000000204a000 	/System/Library/Frameworks/CoreServices.framework/Versions/A/Frameworks/CarbonCore.framework/Versions/A/CarbonCore
0x000000000204a000 	/System/Library/Frameworks/CoreServices.framework/Versions/A/Frameworks/Metadata.framework/Versions/A/Metadata
0x000000000204a000 	/System/Library/Frameworks/CoreServices.framework/Versions/A/Frameworks/OSServices.framework/Versions/A/OSServices
0x000000000204a000 	/System/Library/Frameworks/CoreServices.framework/Versions/A/Frameworks/SearchKit.framework/Versions/A/SearchKit
0x000000000204a000 	/System/Library/Frameworks/CoreServices.framework/Versions/A/Frameworks/AE.framework/Versions/A/AE
0x000000000204a000 	/System/Library/Frameworks/CoreServices.framework/Versions/A/Frameworks/LaunchServices.framework/Versions/A/LaunchServices
0x000000000204a000 	/System/Library/Frameworks/CoreServices.framework/Versions/A/Frameworks/DictionaryServices.framework/Versions/A/DictionaryServices
0x000000000204a000 	/System/Library/Frameworks/CoreServices.framework/Versions/A/Frameworks/SharedFileList.framework/Versions/A/SharedFileList
0x000000000204a000 	/System/Library/Frameworks/NetFS.framework/Versions/A/NetFS
0x000000000204a000 	/System/Library/PrivateFrameworks/NetAuth.framework/Versions/A/NetAuth
0x000000000204a000 	/System/Library/PrivateFrameworks/login.framework/Versions/A/Frameworks/loginsupport.framework/Versions/A/loginsupport
0x000000000204a000 	/System/Library/PrivateFrameworks/TCC.framework/Versions/A/TCC
0x000000000204a000 	/usr/lib/libmecabra.dylib
0x000000000204a000 	/System/Library/Frameworks/ApplicationServices.framework/Versions/A/Frameworks/ATS.framework/Versions/A/ATS
0x000000000204a000 	/System/Library/Frameworks/ApplicationServices.framework/Versions/A/Frameworks/ColorSync.framework/Versions/A/ColorSync
0x000000000204a000 	/System/Library/Frameworks/ApplicationServices.framework/Versions/A/Frameworks/HIServices.framework/Versions/A/HIServices
0x000000000204a000 	/System/Library/Frameworks/ApplicationServices.framework/Versions/A/Frameworks/LangAnalysis.framework/Versions/A/LangAnalysis
0x000000000204a000 	/System/Library/Frameworks/ApplicationServices.framework/Versions/A/Frameworks/PrintCore.framework/Versions/A/PrintCore
0x000000000204a000 	/System/Library/Frameworks/ApplicationServices.framework/Versions/A/Frameworks/QD.framework/Versions/A/QD
0x000000000204a000 	/System/Library/Frameworks/ApplicationServices.framework/Versions/A/Frameworks/SpeechSynthesis.framework/Versions/A/SpeechSynthesis
0x000000000204a000 	/System/Library/Frameworks/Metal.framework/Versions/A/Metal
0x000000000204a000 	/System/Library/Frameworks/Accelerate.framework/Versions/A/Frameworks/vImage.framework/Versions/A/vImage
0x000000000204a000 	/System/Library/Frameworks/Accelerate.framework/Versions/A/Frameworks/vecLib.framework/Versions/A/vecLib
0x000000000204a000 	/System/Library/Frameworks/Accelerate.framework/Versions/A/Frameworks/vecLib.framework/Versions/A/libvDSP.dylib
0x000000000204a000 	/System/Library/Frameworks/Accelerate.framework/Versions/A/Frameworks/vecLib.framework/Versions/A/libvMisc.dylib
0x000000000204a000 	/System/Library/Frameworks/Accelerate.framework/Versions/A/Frameworks/vecLib.framework/Versions/A/libLAPACK.dylib
0x000000000204a000 	/System/Library/Frameworks/Accelerate.framework/Versions/A/Frameworks/vecLib.framework/Versions/A/libBLAS.dylib
0x000000000204a000 	/System/Library/Frameworks/Accelerate.framework/Versions/A/Frameworks/vecLib.framework/Versions/A/libLinearAlgebra.dylib
0x000000000204a000 	/System/Library/Frameworks/Accelerate.framework/Versions/A/Frameworks/vecLib.framework/Versions/A/libSparseBLAS.dylib
0x000000000204a000 	/System/Library/PrivateFrameworks/GPUCompiler.framework/libmetal_timestamp.dylib
0x000000000204a000 	/System/Library/Frameworks/OpenGL.framework/Versions/A/Libraries/libCoreFSCache.dylib
0x000000000204a000 	/System/Library/PrivateFrameworks/IOAccelerator.framework/Versions/A/IOAccelerator
0x000000000204a000 	/System/Library/Frameworks/ApplicationServices.framework/Versions/A/Frameworks/ATS.framework/Versions/A/Resources/libFontParser.dylib
0x000000000204a000 	/System/Library/Frameworks/ApplicationServices.framework/Versions/A/Frameworks/ATS.framework/Versions/A/Resources/libFontRegistry.dylib
0x000000000204a000 	/System/Library/PrivateFrameworks/AppleVPA.framework/Versions/A/AppleVPA
0x000000000204a000 	/System/Library/PrivateFrameworks/AppleJPEG.framework/Versions/A/AppleJPEG
0x000000000204a000 	/System/Library/Frameworks/ImageIO.framework/Versions/A/Resources/libJPEG.dylib
0x000000000204a000 	/System/Library/Frameworks/ImageIO.framework/Versions/A/Resources/libTIFF.dylib
0x000000000204a000 	/System/Library/Frameworks/ImageIO.framework/Versions/A/Resources/libPng.dylib
0x000000000204a000 	/System/Library/Frameworks/ImageIO.framework/Versions/A/Resources/libGIF.dylib
0x000000000204a000 	/System/Library/Frameworks/ImageIO.framework/Versions/A/Resources/libJP2.dylib
0x000000000204a000 	/System/Library/Frameworks/ImageIO.framework/Versions/A/Resources/libRadiance.dylib
0x000000000204a000 	/System/Library/Frameworks/CoreVideo.framework/Versions/A/CoreVideo
0x000000000204a000 	/System/Library/Frameworks/OpenGL.framework/Versions/A/Libraries/libGLU.dylib
0x000000000204a000 	/System/Library/Frameworks/OpenGL.framework/Versions/A/Libraries/libGFXShared.dylib
0x000000000204a000 	/System/Library/Frameworks/OpenGL.framework/Versions/A/Libraries/libGL.dylib
0x000000000204a000 	/System/Library/Frameworks/OpenGL.framework/Versions/A/Libraries/libGLImage.dylib
0x000000000204a000 	/System/Library/Frameworks/OpenGL.framework/Versions/A/Libraries/libCVMSPluginSupport.dylib
0x000000000204a000 	/System/Library/Frameworks/OpenGL.framework/Versions/A/Libraries/libCoreVMClient.dylib
0x000000000204a000 	/usr/lib/libcups.2.dylib
0x000000000204a000 	/System/Library/Frameworks/Kerberos.framework/Versions/A/Kerberos
0x000000000204a000 	/System/Library/Frameworks/GSS.framework/Versions/A/GSS
0x000000000204a000 	/usr/lib/libresolv.9.dylib
0x000000000204a000 	/usr/lib/libiconv.2.dylib
0x000000000204a000 	/System/Library/PrivateFrameworks/Heimdal.framework/Versions/A/Heimdal
0x000000000204a000 	/usr/lib/libheimdal-asn1.dylib
0x000000000204a000 	/System/Library/Frameworks/OpenDirectory.framework/Versions/A/OpenDirectory
0x000000000204a000 	/System/Library/PrivateFrameworks/CommonAuth.framework/Versions/A/CommonAuth
0x000000000204a000 	/System/Library/Frameworks/OpenDirectory.framework/Versions/A/Frameworks/CFOpenDirectory.framework/Versions/A/CFOpenDirectory
0x000000000204a000 	/System/Library/Frameworks/SecurityFoundation.framework/Versions/A/SecurityFoundation
0x000000000204a000 	/System/Library/PrivateFrameworks/LanguageModeling.framework/Versions/A/LanguageModeling
0x000000000204a000 	/usr/lib/libmarisa.dylib
0x000000000204a000 	/usr/lib/libChineseTokenizer.dylib
0x000000000204a000 	/usr/lib/libcmph.dylib
0x000000000204a000 	/usr/lib/libcompression.dylib
0x000000000204a000 	/System/Library/Frameworks/ServiceManagement.framework/Versions/A/ServiceManagement
0x000000000204a000 	/usr/lib/libxslt.1.dylib
0x000000000204a000 	/System/Library/Frameworks/Carbon.framework/Versions/A/Frameworks/Ink.framework/Versions/A/Ink
0x000000000204a000 	/usr/lib/libFosl_dynamic.dylib
0x000000000204a000 	/System/Library/PrivateFrameworks/FaceCore.framework/Versions/A/FaceCore
0x000000000204a000 	/System/Library/Frameworks/OpenCL.framework/Versions/A/OpenCL
0x000000000204a000 	/System/Library/PrivateFrameworks/CrashReporterSupport.framework/Versions/A/CrashReporterSupport
0x000000000204a000 	/System/Library/PrivateFrameworks/IconServices.framework/Versions/A/IconServices
0x000000000204a000 	/System/Library/PrivateFrameworks/Apple80211.framework/Versions/A/Apple80211
0x000000000204a000 	/System/Library/Frameworks/CoreWLAN.framework/Versions/A/CoreWLAN
0x000000000204a000 	/System/Library/Frameworks/IOBluetooth.framework/Versions/A/IOBluetooth
0x000000000204a000 	/System/Library/PrivateFrameworks/CoreWiFi.framework/Versions/A/CoreWiFi
0x000000000204a000 	/System/Library/Frameworks/CoreBluetooth.framework/Versions/A/CoreBluetooth
0x000000000204a000 	/System/Library/PrivateFrameworks/ChunkingLibrary.framework/Versions/A/ChunkingLibrary
0x000000000204a000 	/System/Library/PrivateFrameworks/DebugSymbols.framework/Versions/A/DebugSymbols
0x000000000204a000 	/System/Library/PrivateFrameworks/CoreSymbolication.framework/Versions/A/CoreSymbolication
0x000000000204a000 	/System/Library/PrivateFrameworks/Symbolication.framework/Versions/A/Symbolication
0x000000000204a000 	/System/Library/PrivateFrameworks/SpeechRecognitionCore.framework/Versions/A/SpeechRecognitionCore
0x000000010c400000 	/Library/Java/JavaVirtualMachines/jdk1.8.0_11.jdk/Contents/Home/jre/lib/server/libjvm.dylib
0x000000000204a000 	/usr/lib/libstdc++.6.dylib
0x000000010b336000 	/Library/Java/JavaVirtualMachines/jdk1.8.0_11.jdk/Contents/Home/jre/lib/libverify.dylib
0x000000010b344000 	/Library/Java/JavaVirtualMachines/jdk1.8.0_11.jdk/Contents/Home/jre/lib/libjava.dylib
0x000000010b382000 	/Library/Java/JavaVirtualMachines/jdk1.8.0_11.jdk/Contents/Home/jre/lib/libzip.dylib
0x0000000123830000 	/System/Library/Frameworks/JavaVM.framework/Frameworks/JavaRuntimeSupport.framework/JavaRuntimeSupport
0x000000012384b000 	/System/Library/Frameworks/JavaVM.framework/Versions/A/Frameworks/JavaNativeFoundation.framework/Versions/A/JavaNativeFoundation
0x0000000123860000 	/System/Library/Frameworks/JavaVM.framework/Versions/A/JavaVM
0x000000000204a000 	/System/Library/Frameworks/Carbon.framework/Versions/A/Carbon
0x000000012386d000 	/System/Library/PrivateFrameworks/JavaLaunching.framework/Versions/A/JavaLaunching
0x000000000204a000 	/System/Library/Frameworks/Carbon.framework/Versions/A/Frameworks/CommonPanels.framework/Versions/A/CommonPanels
0x000000000204a000 	/System/Library/Frameworks/Carbon.framework/Versions/A/Frameworks/Help.framework/Versions/A/Help
0x000000000204a000 	/System/Library/Frameworks/Carbon.framework/Versions/A/Frameworks/ImageCapture.framework/Versions/A/ImageCapture
0x000000000204a000 	/System/Library/Frameworks/Carbon.framework/Versions/A/Frameworks/OpenScripting.framework/Versions/A/OpenScripting
0x000000000204a000 	/System/Library/Frameworks/Carbon.framework/Versions/A/Frameworks/Print.framework/Versions/A/Print
0x000000000204a000 	/System/Library/Frameworks/Carbon.framework/Versions/A/Frameworks/SecurityHI.framework/Versions/A/SecurityHI
0x0000000126a9b000 	/Library/Java/JavaVirtualMachines/jdk1.8.0_11.jdk/Contents/Home/jre/lib/libawt.dylib
0x0000000126dc7000 	/Library/Java/JavaVirtualMachines/jdk1.8.0_11.jdk/Contents/Home/jre/lib/./libmlib_image.dylib
0x0000000127937000 	/Library/Java/JavaVirtualMachines/jdk1.8.0_11.jdk/Contents/Home/jre/lib/libawt_lwawt.dylib
0x0000000125547000 	/Library/Java/JavaVirtualMachines/jdk1.8.0_11.jdk/Contents/Home/jre/lib/./libosxapp.dylib
0x000000000204a000 	/System/Library/Frameworks/ExceptionHandling.framework/Versions/A/ExceptionHandling
0x000000000204a000 	/System/Library/PrivateFrameworks/CoreServicesInternal.framework/Versions/A/CoreServicesInternal
0x000000000204a000 	/System/Library/Frameworks/CoreGraphics.framework/Versions/A/Resources/libRIP.A.dylib
0x000000000204a000 	/System/Library/Frameworks/Accelerate.framework/Versions/A/Frameworks/vImage.framework/Versions/A/Libraries/libCGInterfaces.dylib
0x000000000204a000 	/System/Library/PrivateFrameworks/FamilyControls.framework/Versions/A/FamilyControls
0x000000000204a000 	/System/Library/PrivateFrameworks/CommerceKit.framework/Versions/A/Frameworks/CommerceCore.framework/Versions/A/CommerceCore
0x000000000204a000 	/System/Library/PrivateFrameworks/SystemAdministration.framework/Versions/A/SystemAdministration
0x000000000204a000 	/System/Library/PrivateFrameworks/AppContainer.framework/Versions/A/AppContainer
0x000000000204a000 	/System/Library/PrivateFrameworks/SecCodeWrapper.framework/Versions/A/SecCodeWrapper
0x000000000204a000 	/System/Library/Frameworks/DirectoryService.framework/Versions/A/DirectoryService
0x000000000204a000 	/System/Library/PrivateFrameworks/DiskImages.framework/Versions/A/DiskImages
0x000000000204a000 	/System/Library/PrivateFrameworks/LoginUIKit.framework/Versions/A/Frameworks/LoginUICore.framework/Versions/A/LoginUICore
0x000000000204a000 	/usr/lib/libCoreStorage.dylib
0x000000000204a000 	/usr/lib/libcsfde.dylib
0x000000000204a000 	/usr/lib/libodfde.dylib
0x000000000204a000 	/System/Library/Frameworks/DiscRecording.framework/Versions/A/DiscRecording
0x000000000204a000 	/usr/lib/libcurl.4.dylib
0x000000000204a000 	/System/Library/PrivateFrameworks/MediaKit.framework/Versions/A/MediaKit
0x000000000204a000 	/System/Library/PrivateFrameworks/ProtectedCloudStorage.framework/Versions/A/ProtectedCloudStorage
0x000000000204a000 	/System/Library/PrivateFrameworks/EFILogin.framework/Versions/A/EFILogin
0x000000000204a000 	/usr/lib/libutil.dylib
0x000000000204a000 	/System/Library/PrivateFrameworks/FindMyDevice.framework/Versions/A/FindMyDevice
0x000000000204a000 	/System/Library/Frameworks/LDAP.framework/Versions/A/LDAP
0x000000000204a000 	/usr/lib/libsasl2.2.dylib
0x000000000204a000 	/System/Library/PrivateFrameworks/CoreDaemon.framework/Versions/B/CoreDaemon
0x000000000204a000 	/usr/lib/libcrypto.0.9.8.dylib
0x000000000204a000 	/System/Library/PrivateFrameworks/AppleSRP.framework/Versions/A/AppleSRP
0x000000000204a000 	/System/Library/PrivateFrameworks/TrustEvaluationAgent.framework/Versions/A/TrustEvaluationAgent
0x0000000125231000 	/Library/Java/JavaVirtualMachines/jdk1.8.0_11.jdk/Contents/Home/jre/lib/libnet.dylib
0x000000012658b000 	/Library/Java/JavaVirtualMachines/jdk1.8.0_11.jdk/Contents/Home/jre/lib/libfontmanager.dylib
0x000000000204a000 	/System/Library/Frameworks/OpenGL.framework/Versions/A/Resources/GLEngine.bundle/GLEngine
0x000000000204a000 	/System/Library/Frameworks/OpenGL.framework/Versions/A/Libraries/libGLProgrammability.dylib
0x000000012ab7a000 	/System/Library/Extensions/AppleIntelHD3000GraphicsGLDriver.bundle/Contents/MacOS/AppleIntelHD3000GraphicsGLDriver
0x000000000204a000 	/System/Library/PrivateFrameworks/GPUSupport.framework/Versions/A/Libraries/libGPUSupport.dylib
0x0000000125583000 	/System/Library/Extensions/AMDRadeonX3000GLDriver.bundle/Contents/MacOS/AMDRadeonX3000GLDriver
0x000000000204a000 	/System/Library/PrivateFrameworks/GPUSupport.framework/Versions/A/Libraries/libGPUSupportMercury.dylib
0x000000012b019000 	/System/Library/Extensions/AMDRadeonX3000GLDriver.bundle/Contents/MacOS/ATIRadeonX3000SCLib.dylib
0x000000000204a000 	/System/Library/Frameworks/OpenGL.framework/Versions/A/Resources/GLRendererFloat.bundle/GLRendererFloat
0x000000000204a000 	/System/Library/Frameworks/OpenCL.framework/Versions/A/Libraries/libcldcpuengine.dylib
0x00000001252bc000 	/Library/Java/JavaVirtualMachines/jdk1.8.0_11.jdk/Contents/Home/jre/lib/libnio.dylib
0x000000012524b000 	/private/var/folders/82/jx95ls9s6m127dcfhyxhnpyw0000gn/T/jna/jna4444827325206490189.tmp
0x000000012a21b000 	/Users/srmullen/source/sounds/sounds/target/native/macosx/x86_64/libscsynth.dylib
0x0000000125337000 	/Library/Java/JavaVirtualMachines/jdk1.8.0_11.jdk/Contents/Home/jre/lib/libjsound.dylib
0x000000012b7be000 	/System/Library/Frameworks/CoreMIDI.framework/Versions/A/CoreMIDI
0x0000000125430000 	/usr/lib/libexpat.1.dylib
0x0000000125260000 	/System/Library/Extensions/AppleHDA.kext/Contents/PlugIns/AppleHDAHALPlugIn.bundle/Contents/MacOS/AppleHDAHALPlugIn
0x00000001253ce000 	/Library/Java/JavaVirtualMachines/jdk1.8.0_11.jdk/Contents/Home/jre/lib/libmanagement.dylib
0x00000001252f3000 	/Users/srmullen/source/sounds/sounds/target/native/macosx/x86_64/AmbisonicUGens.scx
0x000000012552b000 	/Users/srmullen/source/sounds/sounds/target/native/macosx/x86_64/AtkUGens.scx
0x0000000125661000 	/Users/srmullen/source/sounds/sounds/target/native/macosx/x86_64/AY_UGen.scx
0x0000000125668000 	/Users/srmullen/source/sounds/sounds/target/native/macosx/x86_64/BatPVUgens.scx
0x000000012534a000 	/Users/srmullen/source/sounds/sounds/target/native/macosx/x86_64/BatUGens.scx
0x0000000125670000 	/Users/srmullen/source/sounds/sounds/target/native/macosx/x86_64/BBCut2UGens.scx
0x0000000125678000 	/Users/srmullen/source/sounds/sounds/target/native/macosx/x86_64/BerlachUGens.scx
0x0000000125689000 	/Users/srmullen/source/sounds/sounds/target/native/macosx/x86_64/BetablockerUGens.scx
0x0000000125691000 	/Users/srmullen/source/sounds/sounds/target/native/macosx/x86_64/BhobChaos.scx
0x000000012569c000 	/Users/srmullen/source/sounds/sounds/target/native/macosx/x86_64/BhobFFT.scx
0x00000001256af000 	/Users/srmullen/source/sounds/sounds/target/native/macosx/x86_64/BhobFilt.scx
0x00000001256c1000 	/Users/srmullen/source/sounds/sounds/target/native/macosx/x86_64/BhobGrain.scx
0x00000001256c8000 	/Users/srmullen/source/sounds/sounds/target/native/macosx/x86_64/BhobNoise.scx
0x00000001256d1000 	/Users/srmullen/source/sounds/sounds/target/native/macosx/x86_64/BinaryOpUGens.scx
0x00000001256fa000 	/Users/srmullen/source/sounds/sounds/target/native/macosx/x86_64/BlackrainUGens.scx
0x00000001256ff000 	/Users/srmullen/source/sounds/sounds/target/native/macosx/x86_64/ChaosUGens.scx
0x0000000125708000 	/Users/srmullen/source/sounds/sounds/target/native/macosx/x86_64/Concat.scx
0x000000012570f000 	/Users/srmullen/source/sounds/sounds/target/native/macosx/x86_64/DelayUGens.scx
0x000000012573a000 	/Users/srmullen/source/sounds/sounds/target/native/macosx/x86_64/DemandUGens.scx
0x0000000126245000 	/Users/srmullen/source/sounds/sounds/target/native/macosx/x86_64/DiskIO_UGens.scx
0x00000001252f9000 	/Users/srmullen/source/sounds/sounds/target/native/macosx/x86_64/DistortionUGens.scx
0x0000000125745000 	/Users/srmullen/source/sounds/sounds/target/native/macosx/x86_64/DynNoiseUGens.scx
0x000000012574a000 	/Users/srmullen/source/sounds/sounds/target/native/macosx/x86_64/FFT_UGens.scx
0x00000001257ae000 	/Users/srmullen/source/sounds/sounds/target/native/macosx/x86_64/FilterUGens.scx
0x0000000125843000 	/Users/srmullen/source/sounds/sounds/target/native/macosx/x86_64/GendynUGens.scx
0x0000000125848000 	/Users/srmullen/source/sounds/sounds/target/native/macosx/x86_64/GlitchUGens.scx
0x0000000125cd7000 	/Users/srmullen/source/sounds/sounds/target/native/macosx/x86_64/GrainUGens.scx
0x000000012584d000 	/Users/srmullen/source/sounds/sounds/target/native/macosx/x86_64/IOUGens.scx
0x0000000125c7d000 	/Users/srmullen/source/sounds/sounds/target/native/macosx/x86_64/JoshAmbiUGens.scx
0x00000001260c8000 	/Users/srmullen/source/sounds/sounds/target/native/macosx/x86_64/JoshGrainUGens.scx
0x0000000126161000 	/Users/srmullen/source/sounds/sounds/target/native/macosx/x86_64/JoshPVUGens.scx
0x000000012617e000 	/Users/srmullen/source/sounds/sounds/target/native/macosx/x86_64/JoshUGens.scx
0x0000000125cea000 	/Users/srmullen/source/sounds/sounds/target/native/macosx/x86_64/KeyboardUGens.scx
0x0000000125483000 	/Users/srmullen/source/sounds/sounds/target/native/macosx/x86_64/LadspaUGen.scx
0x00000001260f3000 	/Users/srmullen/source/sounds/sounds/target/native/macosx/x86_64/LFUGens.scx
0x0000000125e4d000 	/Users/srmullen/source/sounds/sounds/target/native/macosx/x86_64/LoopBuf.scx
0x0000000125e52000 	/Users/srmullen/source/sounds/sounds/target/native/macosx/x86_64/MCLDBufferUGens.scx
0x0000000126198000 	/Users/srmullen/source/sounds/sounds/target/native/macosx/x86_64/MCLDCepstrumUGens.scx
0x00000001261a8000 	/Users/srmullen/source/sounds/sounds/target/native/macosx/x86_64/MCLDChaosUGens.scx
0x0000000125e57000 	/Users/srmullen/source/sounds/sounds/target/native/macosx/x86_64/MCLDDistortionUGens.scx
0x00000001262bb000 	/Users/srmullen/source/sounds/sounds/target/native/macosx/x86_64/MCLDFFTUGens.scx
0x0000000125ec3000 	/Users/srmullen/source/sounds/sounds/target/native/macosx/x86_64/MCLDFilterUGens.scx
0x00000001261ae000 	/Users/srmullen/source/sounds/sounds/target/native/macosx/x86_64/MCLDGetenvUGen.scx
0x00000001262d0000 	/Users/srmullen/source/sounds/sounds/target/native/macosx/x86_64/MCLDOscUGens.scx
0x00000001262d4000 	/Users/srmullen/source/sounds/sounds/target/native/macosx/x86_64/MCLDPollUGens.scx
0x00000001262d8000 	/Users/srmullen/source/sounds/sounds/target/native/macosx/x86_64/MCLDSOMUGens.scx
0x00000001262de000 	/Users/srmullen/source/sounds/sounds/target/native/macosx/x86_64/MCLDTreeUGens.scx
0x00000001262e3000 	/Users/srmullen/source/sounds/sounds/target/native/macosx/x86_64/MCLDTriggeredStatsUgens.scx
0x0000000128a97000 	/Users/srmullen/source/sounds/sounds/target/native/macosx/x86_64/MdaUGens.scx
0x00000001262e7000 	/Users/srmullen/source/sounds/sounds/target/native/macosx/x86_64/MembraneUGens.scx
0x0000000126337000 	/Users/srmullen/source/sounds/sounds/target/native/macosx/x86_64/ML_UGens.scx
0x00000001262ec000 	/Users/srmullen/source/sounds/sounds/target/native/macosx/x86_64/MouseUGens.scx
0x00000001262f2000 	/Users/srmullen/source/sounds/sounds/target/native/macosx/x86_64/MulAddUGens.scx
0x000000012636a000 	/Users/srmullen/source/sounds/sounds/target/native/macosx/x86_64/NCAnalysisUGens.scx
0x00000001262f9000 	/Users/srmullen/source/sounds/sounds/target/native/macosx/x86_64/NoiseUGens.scx
0x0000000126300000 	/Users/srmullen/source/sounds/sounds/target/native/macosx/x86_64/OscUGens.scx
0x000000012666d000 	/Users/srmullen/source/sounds/sounds/target/native/macosx/x86_64/PanUGens.scx
0x0000000126310000 	/Users/srmullen/source/sounds/sounds/target/native/macosx/x86_64/PhysicalModelingUGens.scx
0x0000000126676000 	/Users/srmullen/source/sounds/sounds/target/native/macosx/x86_64/PitchDetection.scx
0x000000012667d000 	/Users/srmullen/source/sounds/sounds/target/native/macosx/x86_64/PV_ThirdParty.scx
0x0000000126691000 	/Users/srmullen/source/sounds/sounds/target/native/macosx/x86_64/ReverbUGens.scx
0x0000000126b4a000 	/Users/srmullen/source/sounds/sounds/target/native/macosx/x86_64/RFWUGens.scx
0x0000000126b4e000 	/Users/srmullen/source/sounds/sounds/target/native/macosx/x86_64/RMEQSuite.scx
0x0000000126b56000 	/Users/srmullen/source/sounds/sounds/target/native/macosx/x86_64/SLUGens.scx
0x000000012737b000 	/Users/srmullen/source/sounds/sounds/target/native/macosx/x86_64/StkUGens.scx
0x0000000126b65000 	/Users/srmullen/source/sounds/sounds/target/native/macosx/x86_64/SummerUGens.scx
0x0000000126b6a000 	/Users/srmullen/source/sounds/sounds/target/native/macosx/x86_64/TagSystemUgens.scx
0x0000000126b70000 	/Users/srmullen/source/sounds/sounds/target/native/macosx/x86_64/TestUGens.scx
0x0000000126bae000 	/Users/srmullen/source/sounds/sounds/target/native/macosx/x86_64/TJUGens.scx
0x0000000126bb8000 	/Users/srmullen/source/sounds/sounds/target/native/macosx/x86_64/TriggerUGens.scx
0x0000000126e93000 	/Users/srmullen/source/sounds/sounds/target/native/macosx/x86_64/UnaryOpUGens.scx
0x0000000126ea9000 	/Users/srmullen/source/sounds/sounds/target/native/macosx/x86_64/UnpackFFTUGens.scx
0x0000000126b74000 	/Users/srmullen/source/sounds/sounds/target/native/macosx/x86_64/VBAP.scx
0x0000000126eb5000 	/Users/srmullen/source/sounds/sounds/target/native/macosx/x86_64/VOSIM.scx

VM Arguments:
jvm_args: -Dfile.encoding=UTF-8 -Dclojure.compile.path=/Users/srmullen/source/sounds/sounds/target/classes -Dsounds.version=0.1.0-SNAPSHOT -Dclojure.debug=false -Djava.library.path=/Users/srmullen/source/sounds/sounds/target/native/macosx/x86_64 
java_command: clojure.main -i /private/var/folders/82/jx95ls9s6m127dcfhyxhnpyw0000gn/T/form-init8254215848253903942.clj
java_class_path (initial): /Users/srmullen/source/sounds/sounds/test:/Users/srmullen/source/sounds/sounds/src:/Users/srmullen/source/sounds/sounds/dev-resources:/Users/srmullen/source/sounds/sounds/resources:/Users/srmullen/source/sounds/sounds/target/classes:/Users/srmullen/.m2/repository/org/clojure/clojure/1.8.0/clojure-1.8.0.jar:/Users/srmullen/.m2/repository/org/tcrawley/dynapath/0.2.3/dynapath-0.2.3.jar:/Users/srmullen/.m2/repository/overtone/scsynth-extras/3.5.7.0/scsynth-extras-3.5.7.0.jar:/Users/srmullen/.m2/repository/net/java/dev/jna/jna/3.4.0/jna-3.4.0.jar:/Users/srmullen/.m2/repository/org/clojure/core.memoize/0.5.8/core.memoize-0.5.8.jar:/Users/srmullen/.m2/repository/org/clojure/tools.analyzer/0.6.7/tools.analyzer-0.6.7.jar:/Users/srmullen/.m2/repository/org/clojure/tools.reader/1.0.0-alpha1/tools.reader-1.0.0-alpha1.jar:/Users/srmullen/.m2/repository/org/clojure/tools.analyzer.jvm/0.6.9/tools.analyzer.jvm-0.6.9.jar:/Users/srmullen/.m2/repository/overtone/at-at/1.2.0/at-at-1.2.0.jar:/Users/srmullen/.m2/repository/org/clojure/core.async/0.2.374/core.async-0.2.374.jar:/Users/srmullen/.m2/repository/org/clojure/tools.nrepl/0.2.12/tools.nrepl-0.2.12.jar:/Users/srmullen/.m2/repository/clojure-complete/clojure-complete/0.2.4/clojure-complete-0.2.4.jar:/Users/srmullen/.m2/repository/overtone/byte-spec/0.3.1/byte-spec-0.3.1.jar:/Users/srmullen/.m2/repository/overtone/overtone/0.10-SNAPSHOT/overtone-0.10-SNAPSHOT.jar:/Users/srmullen/.m2/repository/overtone/osc-clj/0.9.0/osc-clj-0.9.0.jar:/Users/srmullen/.m2/repository/org/clojure/math.numeric-tower/0.0.4/math.numeric-tower-0.0.4.jar:/Users/srmullen/.m2/repository/overtone/libs.handlers/0.2.0/libs.handlers-0.2.0.jar:/Users/srmullen/.m2/repository/leipzig/leipzig/0.9.0/leipzig-0.9.0.jar:/Users/srmullen/.m2/repository/overtone/scsynth/3.5.7.0/scsynth-3.5.7.0.jar:/Users/srmullen/.m2/repository/cider/cider-nrepl/0.11.0/cider-nrepl-0.11.0.jar:/Users/srmullen/.m2/repository/commons-net/commons-net/3.0.1/commons-net
Launcher Type: SUN_STANDARD

Environment Variables:
CLASSPATH=/Users/srmullen/.lein/self-installs/leiningen-2.6.1-standalone.jar
PATH=/opt/local/bin:/opt/local/sbin:/opt/local/bin:/opt/local/sbin:/Library/Frameworks/Python.framework/Versions/2.7/bin:/Users/srmullen/.rvm/gems/ruby-1.9.3-p125/bin:/Users/srmullen/.rvm/gems/ruby-1.9.3-p125@global/bin:/Users/srmullen/.rvm/rubies/ruby-1.9.3-p125/bin:/Users/srmullen/.rvm/bin:/Users/srmullen/.rvm/bin:/Applications/Postgres.app/Contents/MacOS/bin:/usr/local/bin:/usr/bin:/bin:/usr/sbin:/sbin:/usr/local/bin:/opt/X11/bin:/usr/local/git/bin:/Applications/Emacs.app/Contents/MacOS/bin-x86_64-10_9:/Applications/Emacs.app/Contents/MacOS/libexec-x86_64-10_9
SHELL=/bin/bash
DISPLAY=/private/tmp/com.apple.launchd.Cut38sv1tb/org.macosforge.xquartz:0

Signal Handlers:
SIGSEGV: [libjvm.dylib+0x56059b], sa_mask[0]=0xfffefeff, sa_flags=0x00000043
SIGBUS: [libjvm.dylib+0x56059b], sa_mask[0]=0xfffefeff, sa_flags=0x00000042
SIGFPE: [libjvm.dylib+0x4438f2], sa_mask[0]=0xfffefeff, sa_flags=0x00000042
SIGPIPE: [libjvm.dylib+0x4438f2], sa_mask[0]=0xfffefeff, sa_flags=0x00000042
SIGXFSZ: [libjvm.dylib+0x4438f2], sa_mask[0]=0xfffefeff, sa_flags=0x00000042
SIGILL: [libjvm.dylib+0x4438f2], sa_mask[0]=0xfffefeff, sa_flags=0x00000042
SIGUSR1: SIG_DFL, sa_mask[0]=0x63807efb, sa_flags=0x00000000
SIGUSR2: [libjvm.dylib+0x443410], sa_mask[0]=0x00000004, sa_flags=0x00000042
SIGHUP: [libjvm.dylib+0x44179b], sa_mask[0]=0xfffefeff, sa_flags=0x00000042
SIGINT: [libjvm.dylib+0x44179b], sa_mask[0]=0xfffefeff, sa_flags=0x00000042
SIGTERM: [libjvm.dylib+0x44179b], sa_mask[0]=0xfffefeff, sa_flags=0x00000042
SIGQUIT: [libjvm.dylib+0x44179b], sa_mask[0]=0xfffefeff, sa_flags=0x00000042


---------------  S Y S T E M  ---------------

OS:Bsduname:Darwin 15.3.0 Darwin Kernel Version 15.3.0: Thu Dec 10 18:40:58 PST 2015; root:xnu-3248.30.4~1/RELEASE_X86_64 x86_64
rlimit: STACK 8515k, CORE 0k, NPROC 709, NOFILE 10240, AS infinity
load average:2.98 2.42 2.91

CPU:total 8 (4 cores per cpu, 2 threads per core) family 6 model 42 stepping 7, cmov, cx8, fxsr, mmx, sse, sse2, sse3, ssse3, sse4.1, sse4.2, popcnt, avx, aes, clmul, ht, tsc, tscinvbit

Memory: 4k page, physical 8388608k(36304k free)

/proc/meminfo:


vm_info: Java HotSpot(TM) 64-Bit Server VM (25.11-b03) for bsd-amd64 JRE (1.8.0_11-b12), built on Jun 16 2014 17:39:42 by "java_re" with gcc 4.2.1 (Based on Apple Inc. build 5658) (LLVM build 2336.11.00)

time: Wed May 11 17:48:00 2016
elapsed time: 64 seconds

